# JRE version: OpenJDK Runtime Environment Temurin-21.0.10+7 (21.0.10+7) (build 21.0.10+7-LTS)
# Java VM: OpenJDK 64-Bit Server VM Temurin-21.0.10+7 (21.0.10+7-LTS, mixed mode, sharing, tiered, compressed oops, compressed class ptrs, parallel gc, windows-amd64)
GC Precious Log:
 CardTable entry size: 512
 CPUs: 8 total, 8 available
 Memory: 8006M
 Large Page Support: Disabled
 NUMA Support: Disabled
 Compressed Oops: Enabled (32-bit)
 Alignments: Space 512K, Generation 512K, Heap 2M
 Heap Min Capacity: 100M
 Heap Initial Capacity: 100M
 Heap Max Capacity: 2G
 Pre-touch: Disabled
 Parallel Workers: 8
Heap:
 PSYoungGen      total 12288K, used 11777K [0x00000000d5580000, 0x00000000d6880000, 0x0000000100000000)
  eden space 10752K, 95% used [0x00000000d5580000,0x00000000d5f8ce20,0x00000000d6000000)
  from space 1536K, 96% used [0x00000000d6580000,0x00000000d66f39c8,0x00000000d6700000)
  to   space 1536K, 0% used [0x00000000d6700000,0x00000000d6700000,0x00000000d6880000)
 ParOldGen       total 95744K, used 95241K [0x0000000080000000, 0x0000000085d80000, 0x00000000d5580000)
  object space 95744K, 99% used [0x0000000080000000,0x0000000085d02588,0x0000000085d80000)
 Metaspace       used 57416K, committed 58816K, reserved 1114112K
  class space    used 6655K, committed 7296K, reserved 1048576K
GC Heap History (20 events):
Event: 81.184 GC heap before
{Heap before GC invocations=46 (full 2):
 PSYoungGen      total 11264K, used 11255K [0x00000000d5580000, 0x00000000d6980000, 0x0000000100000000)
  eden space 10752K, 100% used [0x00000000d5580000,0x00000000d6000000,0x00000000d6000000)
  from space 512K, 98% used [0x00000000d6880000,0x00000000d68fdfa8,0x00000000d6900000)
  to   space 512K, 0% used [0x00000000d6900000,0x00000000d6900000,0x00000000d6980000)
 ParOldGen       total 89600K, used 89525K [0x0000000080000000, 0x0000000085780000, 0x00000000d5580000)
  object space 89600K, 99% used [0x0000000080000000,0x000000008576d7d0,0x0000000085780000)
 Metaspace       used 52175K, committed 53440K, reserved 1114112K
  class space    used 5828K, committed 6400K, reserved 1048576K
}
Event: 81.188 GC heap after
{Heap after GC invocations=46 (full 2):
 PSYoungGen      total 11264K, used 502K [0x00000000d5580000, 0x00000000d6980000, 0x0000000100000000)
  eden space 10752K, 0% used [0x00000000d5580000,0x00000000d5580000,0x00000000d6000000)
  from space 512K, 98% used [0x00000000d6900000,0x00000000d697db20,0x00000000d6980000)
  to   space 3072K, 0% used [0x00000000d6380000,0x00000000d6380000,0x00000000d6680000)
 ParOldGen       total 92160K, used 91809K [0x0000000080000000, 0x0000000085a00000, 0x00000000d5580000)
  object space 92160K, 99% used [0x0000000080000000,0x00000000859a8690,0x0000000085a00000)
 Metaspace       used 52175K, committed 53440K, reserved 1114112K
  class space    used 5828K, committed 6400K, reserved 1048576K
}
Event: 81.936 GC heap before
{Heap before GC invocations=47 (full 2):
 PSYoungGen      total 11264K, used 11254K [0x00000000d5580000, 0x00000000d6980000, 0x0000000100000000)
  eden space 10752K, 100% used [0x00000000d5580000,0x00000000d6000000,0x00000000d6000000)
  from space 512K, 98% used [0x00000000d6900000,0x00000000d697db20,0x00000000d6980000)
  to   space 3072K, 0% used [0x00000000d6380000,0x00000000d6380000,0x00000000d6680000)
 ParOldGen       total 92160K, used 91809K [0x0000000080000000, 0x0000000085a00000, 0x00000000d5580000)
  object space 92160K, 99% used [0x0000000080000000,0x00000000859a8690,0x0000000085a00000)
 Metaspace       used 52501K, committed 53760K, reserved 1114112K
  class space    used 5898K, committed 6464K, reserved 1048576K
}
Event: 81.939 GC heap after
{Heap after GC invocations=47 (full 2):
 PSYoungGen      total 13824K, used 448K [0x00000000d5580000, 0x00000000d6980000, 0x0000000100000000)
  eden space 10752K, 0% used [0x00000000d5580000,0x00000000d5580000,0x00000000d6000000)
  from space 3072K, 14% used [0x00000000d6380000,0x00000000d63f0000,0x00000000d6680000)
  to   space 1536K, 0% used [0x00000000d6800000,0x00000000d6800000,0x00000000d6980000)
 ParOldGen       total 92672K, used 92288K [0x0000000080000000, 0x0000000085a80000, 0x00000000d5580000)
  object space 92672K, 99% used [0x0000000080000000,0x0000000085a20300,0x0000000085a80000)
 Metaspace       used 52501K, committed 53760K, reserved 1114112K
  class space    used 5898K, committed 6464K, reserved 1048576K
}
Event: 83.201 GC heap before
{Heap before GC invocations=48 (full 2):
 PSYoungGen      total 13824K, used 11200K [0x00000000d5580000, 0x00000000d6980000, 0x0000000100000000)
  eden space 10752K, 100% used [0x00000000d5580000,0x00000000d6000000,0x00000000d6000000)
  from space 3072K, 14% used [0x00000000d6380000,0x00000000d63f0000,0x00000000d6680000)
  to   space 1536K, 0% used [0x00000000d6800000,0x00000000d6800000,0x00000000d6980000)
 ParOldGen       total 92672K, used 92288K [0x0000000080000000, 0x0000000085a80000, 0x00000000d5580000)
  object space 92672K, 99% used [0x0000000080000000,0x0000000085a20300,0x0000000085a80000)
 Metaspace       used 53194K, committed 54464K, reserved 1114112K
  class space    used 6039K, committed 6592K, reserved 1048576K
}
Event: 83.204 GC heap after
{Heap after GC invocations=48 (full 2):
 PSYoungGen      total 11776K, used 624K [0x00000000d5580000, 0x00000000d6900000, 0x0000000100000000)
  eden space 10752K, 0% used [0x00000000d5580000,0x00000000d5580000,0x00000000d6000000)
  from space 1024K, 60% used [0x00000000d6800000,0x00000000d689c010,0x00000000d6900000)
  to   space 1024K, 0% used [0x00000000d6700000,0x00000000d6700000,0x00000000d6800000)
 ParOldGen       total 92672K, used 92656K [0x0000000080000000, 0x0000000085a80000, 0x00000000d5580000)
  object space 92672K, 99% used [0x0000000080000000,0x0000000085a7c310,0x0000000085a80000)
 Metaspace       used 53194K, committed 54464K, reserved 1114112K
  class space    used 6039K, committed 6592K, reserved 1048576K
}
Event: 84.601 GC heap before
{Heap before GC invocations=49 (full 2):
 PSYoungGen      total 11776K, used 11376K [0x00000000d5580000, 0x00000000d6900000, 0x0000000100000000)
  eden space 10752K, 100% used [0x00000000d5580000,0x00000000d6000000,0x00000000d6000000)
  from space 1024K, 60% used [0x00000000d6800000,0x00000000d689c010,0x00000000d6900000)
  to   space 1024K, 0% used [0x00000000d6700000,0x00000000d6700000,0x00000000d6800000)
 ParOldGen       total 92672K, used 92656K [0x0000000080000000, 0x0000000085a80000, 0x00000000d5580000)
  object space 92672K, 99% used [0x0000000080000000,0x0000000085a7c310,0x0000000085a80000)
 Metaspace       used 54234K, committed 55552K, reserved 1114112K
  class space    used 6201K, committed 6784K, reserved 1048576K
}
Event: 84.603 GC heap after
{Heap after GC invocations=49 (full 2):
 PSYoungGen      total 11776K, used 352K [0x00000000d5580000, 0x00000000d6880000, 0x0000000100000000)
  eden space 10752K, 0% used [0x00000000d5580000,0x00000000d5580000,0x00000000d6000000)
  from space 1024K, 34% used [0x00000000d6700000,0x00000000d6758000,0x00000000d6800000)
  to   space 512K, 0% used [0x00000000d6800000,0x00000000d6800000,0x00000000d6880000)
 ParOldGen       total 93184K, used 93152K [0x0000000080000000, 0x0000000085b00000, 0x00000000d5580000)
  object space 93184K, 99% used [0x0000000080000000,0x0000000085af8330,0x0000000085b00000)
 Metaspace       used 54234K, committed 55552K, reserved 1114112K
  class space    used 6201K, committed 6784K, reserved 1048576K
}
Event: 85.618 GC heap before
{Heap before GC invocations=50 (full 2):
 PSYoungGen      total 11776K, used 11104K [0x00000000d5580000, 0x00000000d6880000, 0x0000000100000000)
  eden space 10752K, 100% used [0x00000000d5580000,0x00000000d6000000,0x00000000d6000000)
  from space 1024K, 34% used [0x00000000d6700000,0x00000000d6758000,0x00000000d6800000)
  to   space 512K, 0% used [0x00000000d6800000,0x00000000d6800000,0x00000000d6880000)
 ParOldGen       total 93184K, used 93152K [0x0000000080000000, 0x0000000085b00000, 0x00000000d5580000)
  object space 93184K, 99% used [0x0000000080000000,0x0000000085af8330,0x0000000085b00000)
 Metaspace       used 55164K, committed 56576K, reserved 1114112K
  class space    used 6354K, committed 6976K, reserved 1048576K
}
Event: 85.620 GC heap after
{Heap after GC invocations=50 (full 2):
 PSYoungGen      total 11264K, used 320K [0x00000000d5580000, 0x00000000d6880000, 0x0000000100000000)
  eden space 10752K, 0% used [0x00000000d5580000,0x00000000d5580000,0x00000000d6000000)
  from space 512K, 62% used [0x00000000d6800000,0x00000000d6850000,0x00000000d6880000)
  to   space 512K, 0% used [0x00000000d6780000,0x00000000d6780000,0x00000000d6800000)
 ParOldGen       total 93696K, used 93376K [0x0000000080000000, 0x0000000085b80000, 0x00000000d5580000)
  object space 93696K, 99% used [0x0000000080000000,0x0000000085b30330,0x0000000085b80000)
 Metaspace       used 55164K, committed 56576K, reserved 1114112K
  class space    used 6354K, committed 6976K, reserved 1048576K
}
Event: 90.627 GC heap before
{Heap before GC invocations=51 (full 2):
 PSYoungGen      total 11264K, used 11072K [0x00000000d5580000, 0x00000000d6880000, 0x0000000100000000)
  eden space 10752K, 100% used [0x00000000d5580000,0x00000000d6000000,0x00000000d6000000)
  from space 512K, 62% used [0x00000000d6800000,0x00000000d6850000,0x00000000d6880000)
  to   space 512K, 0% used [0x00000000d6780000,0x00000000d6780000,0x00000000d6800000)
 ParOldGen       total 93696K, used 93376K [0x0000000080000000, 0x0000000085b80000, 0x00000000d5580000)
  object space 93696K, 99% used [0x0000000080000000,0x0000000085b30330,0x0000000085b80000)
 Metaspace       used 56075K, committed 57344K, reserved 1114112K
  class space    used 6517K, committed 7104K, reserved 1048576K
}
Event: 90.630 GC heap after
{Heap after GC invocations=51 (full 2):
 PSYoungGen      total 11264K, used 432K [0x00000000d5580000, 0x00000000d6880000, 0x0000000100000000)
  eden space 10752K, 0% used [0x00000000d5580000,0x00000000d5580000,0x00000000d6000000)
  from space 512K, 84% used [0x00000000d6780000,0x00000000d67ec020,0x00000000d6800000)
  to   space 512K, 0% used [0x00000000d6800000,0x00000000d6800000,0x00000000d6880000)
 ParOldGen       total 93696K, used 93592K [0x0000000080000000, 0x0000000085b80000, 0x00000000d5580000)
  object space 93696K, 99% used [0x0000000080000000,0x0000000085b66330,0x0000000085b80000)
 Metaspace       used 56075K, committed 57344K, reserved 1114112K
  class space    used 6517K, committed 7104K, reserved 1048576K
}
Event: 99.449 GC heap before
{Heap before GC invocations=52 (full 2):
 PSYoungGen      total 11264K, used 11184K [0x00000000d5580000, 0x00000000d6880000, 0x0000000100000000)
  eden space 10752K, 100% used [0x00000000d5580000,0x00000000d6000000,0x00000000d6000000)
  from space 512K, 84% used [0x00000000d6780000,0x00000000d67ec020,0x00000000d6800000)
  to   space 512K, 0% used [0x00000000d6800000,0x00000000d6800000,0x00000000d6880000)
 ParOldGen       total 93696K, used 93592K [0x0000000080000000, 0x0000000085b80000, 0x00000000d5580000)
  object space 93696K, 99% used [0x0000000080000000,0x0000000085b66330,0x0000000085b80000)
 Metaspace       used 56075K, committed 57344K, reserved 1114112K
  class space    used 6517K, committed 7104K, reserved 1048576K
}
Event: 99.452 GC heap after
{Heap after GC invocations=52 (full 2):
 PSYoungGen      total 11264K, used 128K [0x00000000d5580000, 0x00000000d6880000, 0x0000000100000000)
  eden space 10752K, 0% used [0x00000000d5580000,0x00000000d5580000,0x00000000d6000000)
  from space 512K, 25% used [0x00000000d6800000,0x00000000d6820000,0x00000000d6880000)
  to   space 512K, 0% used [0x00000000d6780000,0x00000000d6780000,0x00000000d6800000)
 ParOldGen       total 94208K, used 93920K [0x0000000080000000, 0x0000000085c00000, 0x00000000d5580000)
  object space 94208K, 99% used [0x0000000080000000,0x0000000085bb8050,0x0000000085c00000)
 Metaspace       used 56075K, committed 57344K, reserved 1114112K
  class space    used 6517K, committed 7104K, reserved 1048576K
}
Event: 105.563 GC heap before
{Heap before GC invocations=53 (full 2):
 PSYoungGen      total 11264K, used 10880K [0x00000000d5580000, 0x00000000d6880000, 0x0000000100000000)
  eden space 10752K, 100% used [0x00000000d5580000,0x00000000d6000000,0x00000000d6000000)
  from space 512K, 25% used [0x00000000d6800000,0x00000000d6820000,0x00000000d6880000)
  to   space 512K, 0% used [0x00000000d6780000,0x00000000d6780000,0x00000000d6800000)
 ParOldGen       total 94208K, used 93920K [0x0000000080000000, 0x0000000085c00000, 0x00000000d5580000)
  object space 94208K, 99% used [0x0000000080000000,0x0000000085bb8050,0x0000000085c00000)
 Metaspace       used 56075K, committed 57344K, reserved 1114112K
  class space    used 6517K, committed 7104K, reserved 1048576K
}
Event: 105.564 GC heap after
{Heap after GC invocations=53 (full 2):
 PSYoungGen      total 11264K, used 224K [0x00000000d5580000, 0x00000000d6880000, 0x0000000100000000)
  eden space 10752K, 0% used [0x00000000d5580000,0x00000000d5580000,0x00000000d6000000)
  from space 512K, 43% used [0x00000000d6780000,0x00000000d67b8000,0x00000000d6800000)
  to   space 512K, 0% used [0x00000000d6800000,0x00000000d6800000,0x00000000d6880000)
 ParOldGen       total 94208K, used 93944K [0x0000000080000000, 0x0000000085c00000, 0x00000000d5580000)
  object space 94208K, 99% used [0x0000000080000000,0x0000000085bbe050,0x0000000085c00000)
 Metaspace       used 56075K, committed 57344K, reserved 1114112K
  class space    used 6517K, committed 7104K, reserved 1048576K
}
Event: 110.053 GC heap before
{Heap before GC invocations=54 (full 2):
 PSYoungGen      total 11264K, used 10976K [0x00000000d5580000, 0x00000000d6880000, 0x0000000100000000)
  eden space 10752K, 100% used [0x00000000d5580000,0x00000000d6000000,0x00000000d6000000)
  from space 512K, 43% used [0x00000000d6780000,0x00000000d67b8000,0x00000000d6800000)
  to   space 512K, 0% used [0x00000000d6800000,0x00000000d6800000,0x00000000d6880000)
 ParOldGen       total 94208K, used 93944K [0x0000000080000000, 0x0000000085c00000, 0x00000000d5580000)
  object space 94208K, 99% used [0x0000000080000000,0x0000000085bbe050,0x0000000085c00000)
 Metaspace       used 56154K, committed 57408K, reserved 1114112K
  class space    used 6525K, committed 7104K, reserved 1048576K
}
Event: 110.058 GC heap after
{Heap after GC invocations=54 (full 2):
 PSYoungGen      total 11264K, used 512K [0x00000000d5580000, 0x00000000d6880000, 0x0000000100000000)
  eden space 10752K, 0% used [0x00000000d5580000,0x00000000d5580000,0x00000000d6000000)
  from space 512K, 100% used [0x00000000d6800000,0x00000000d6880000,0x00000000d6880000)
  to   space 1536K, 0% used [0x00000000d6580000,0x00000000d6580000,0x00000000d6700000)
 ParOldGen       total 94720K, used 94554K [0x0000000080000000, 0x0000000085c80000, 0x00000000d5580000)
  object space 94720K, 99% used [0x0000000080000000,0x0000000085c568a0,0x0000000085c80000)
 Metaspace       used 56154K, committed 57408K, reserved 1114112K
  class space    used 6525K, committed 7104K, reserved 1048576K
}
Event: 110.568 GC heap before
{Heap before GC invocations=55 (full 2):
 PSYoungGen      total 11264K, used 11212K [0x00000000d5580000, 0x00000000d6880000, 0x0000000100000000)
  eden space 10752K, 99% used [0x00000000d5580000,0x00000000d5ff3030,0x00000000d6000000)
  from space 512K, 100% used [0x00000000d6800000,0x00000000d6880000,0x00000000d6880000)
  to   space 1536K, 0% used [0x00000000d6580000,0x00000000d6580000,0x00000000d6700000)
 ParOldGen       total 94720K, used 94554K [0x0000000080000000, 0x0000000085c80000, 0x00000000d5580000)
  object space 94720K, 99% used [0x0000000080000000,0x0000000085c568a0,0x0000000085c80000)
 Metaspace       used 57286K, committed 58560K, reserved 1114112K
  class space    used 6644K, committed 7232K, reserved 1048576K
}
Event: 110.572 GC heap after
{Heap after GC invocations=55 (full 2):
 PSYoungGen      total 12288K, used 1486K [0x00000000d5580000, 0x00000000d6880000, 0x0000000100000000)
  eden space 10752K, 0% used [0x00000000d5580000,0x00000000d5580000,0x00000000d6000000)
  from space 1536K, 96% used [0x00000000d6580000,0x00000000d66f39c8,0x00000000d6700000)
  to   space 1536K, 0% used [0x00000000d6700000,0x00000000d6700000,0x00000000d6880000)
 ParOldGen       total 95744K, used 95241K [0x0000000080000000, 0x0000000085d80000, 0x00000000d5580000)
  object space 95744K, 99% used [0x0000000080000000,0x0000000085d02588,0x0000000085d80000)
 Metaspace       used 57286K, committed 58560K, reserved 1114112K
  class space    used 6644K, committed 7232K, reserved 1048576K
}

