# JRE version: OpenJDK Runtime Environment Temurin-21.0.10+7 (21.0.10+7) (build 21.0.10+7-LTS)
# Java VM: OpenJDK 64-Bit Server VM Temurin-21.0.10+7 (21.0.10+7-LTS, mixed mode, sharing, tiered, compressed oops, compressed class ptrs, g1 gc, windows-amd64)
GC Precious Log:
 CardTable entry size: 512
 Card Set container configuration: InlinePtr #cards 5 size 8 Array Of Cards #cards 12 size 40 Howl #buckets 4 coarsen threshold 1843 Howl Bitmap #cards 512 size 80 coarsen threshold 460 Card regions per heap region 1 cards per card region 2048
 CPUs: 8 total, 8 available
 Memory: 8006M
 Large Page Support: Disabled
 NUMA Support: Disabled
 Compressed Oops: Enabled (32-bit)
 Heap Region Size: 1M
 Heap Min Capacity: 8M
 Heap Initial Capacity: 126M
 Heap Max Capacity: 2G
 Pre-touch: Disabled
 Parallel Workers: 8
 Concurrent Workers: 2
 Concurrent Refinement Workers: 8
 Periodic GC: Disabled
Heap:
 garbage-first heap   total 132096K, used 95196K [0x0000000080000000, 0x0000000100000000)
  region size 1024K, 17 young (17408K), 3 survivors (3072K)
 Metaspace       used 78573K, committed 81088K, reserved 557056K
  class space    used 11316K, committed 12544K, reserved 425984K
GC Heap History (20 events):
Event: 111.289 GC heap before
{Heap before GC invocations=20 (full 0):
 garbage-first heap   total 93184K, used 88274K [0x0000000080000000, 0x0000000100000000)
  region size 1024K, 33 young (33792K), 5 survivors (5120K)
 Metaspace       used 59943K, committed 62144K, reserved 491520K
  class space    used 8735K, committed 9792K, reserved 425984K
}
Event: 111.302 GC heap after
{Heap after GC invocations=21 (full 0):
 garbage-first heap   total 99328K, used 64174K [0x0000000080000000, 0x0000000100000000)
  region size 1024K, 5 young (5120K), 5 survivors (5120K)
 Metaspace       used 59943K, committed 62144K, reserved 491520K
  class space    used 8735K, committed 9792K, reserved 425984K
}
Event: 113.248 GC heap before
{Heap before GC invocations=21 (full 0):
 garbage-first heap   total 99328K, used 88750K [0x0000000080000000, 0x0000000100000000)
  region size 1024K, 29 young (29696K), 5 survivors (5120K)
 Metaspace       used 62293K, committed 64384K, reserved 491520K
  class space    used 9036K, committed 10048K, reserved 425984K
}
Event: 113.258 GC heap after
{Heap after GC invocations=22 (full 0):
 garbage-first heap   total 99328K, used 66774K [0x0000000080000000, 0x0000000100000000)
  region size 1024K, 3 young (3072K), 3 survivors (3072K)
 Metaspace       used 62293K, committed 64384K, reserved 491520K
  class space    used 9036K, committed 10048K, reserved 425984K
}
Event: 115.195 GC heap before
{Heap before GC invocations=23 (full 0):
 garbage-first heap   total 112640K, used 88278K [0x0000000080000000, 0x0000000100000000)
  region size 1024K, 25 young (25600K), 3 survivors (3072K)
 Metaspace       used 64023K, committed 66240K, reserved 491520K
  class space    used 9273K, committed 10368K, reserved 425984K
}
Event: 115.202 GC heap after
{Heap after GC invocations=24 (full 0):
 garbage-first heap   total 112640K, used 67907K [0x0000000080000000, 0x0000000100000000)
  region size 1024K, 2 young (2048K), 2 survivors (2048K)
 Metaspace       used 64023K, committed 66240K, reserved 491520K
  class space    used 9273K, committed 10368K, reserved 425984K
}
Event: 117.884 GC heap before
{Heap before GC invocations=24 (full 0):
 garbage-first heap   total 112640K, used 99651K [0x0000000080000000, 0x0000000100000000)
  region size 1024K, 33 young (33792K), 2 survivors (2048K)
 Metaspace       used 66112K, committed 68288K, reserved 491520K
  class space    used 9531K, committed 10624K, reserved 425984K
}
Event: 117.892 GC heap after
{Heap after GC invocations=25 (full 0):
 garbage-first heap   total 112640K, used 68486K [0x0000000080000000, 0x0000000100000000)
  region size 1024K, 3 young (3072K), 3 survivors (3072K)
 Metaspace       used 66112K, committed 68288K, reserved 491520K
  class space    used 9531K, committed 10624K, reserved 425984K
}
Event: 120.530 GC heap before
{Heap before GC invocations=25 (full 0):
 garbage-first heap   total 112640K, used 101254K [0x0000000080000000, 0x0000000100000000)
  region size 1024K, 35 young (35840K), 3 survivors (3072K)
 Metaspace       used 68809K, committed 71168K, reserved 491520K
  class space    used 10029K, committed 11200K, reserved 425984K
}
Event: 120.538 GC heap after
{Heap after GC invocations=26 (full 0):
 garbage-first heap   total 112640K, used 69856K [0x0000000080000000, 0x0000000100000000)
  region size 1024K, 4 young (4096K), 4 survivors (4096K)
 Metaspace       used 68809K, committed 71168K, reserved 491520K
  class space    used 10029K, committed 11200K, reserved 425984K
}
Event: 124.257 GC heap before
{Heap before GC invocations=27 (full 0):
 garbage-first heap   total 117760K, used 102624K [0x0000000080000000, 0x0000000100000000)
  region size 1024K, 36 young (36864K), 4 survivors (4096K)
 Metaspace       used 70498K, committed 72832K, reserved 491520K
  class space    used 10288K, committed 11456K, reserved 425984K
}
Event: 124.266 GC heap after
{Heap after GC invocations=28 (full 0):
 garbage-first heap   total 117760K, used 70927K [0x0000000080000000, 0x0000000100000000)
  region size 1024K, 3 young (3072K), 3 survivors (3072K)
 Metaspace       used 70498K, committed 72832K, reserved 491520K
  class space    used 10288K, committed 11456K, reserved 425984K
}
Event: 127.705 GC heap before
{Heap before GC invocations=28 (full 0):
 garbage-first heap   total 117760K, used 108815K [0x0000000080000000, 0x0000000100000000)
  region size 1024K, 40 young (40960K), 3 survivors (3072K)
 Metaspace       used 72284K, committed 74688K, reserved 491520K
  class space    used 10544K, committed 11712K, reserved 425984K
}
Event: 127.718 GC heap after
{Heap after GC invocations=29 (full 0):
 garbage-first heap   total 117760K, used 74188K [0x0000000080000000, 0x0000000100000000)
  region size 1024K, 5 young (5120K), 5 survivors (5120K)
 Metaspace       used 72284K, committed 74688K, reserved 491520K
  class space    used 10544K, committed 11712K, reserved 425984K
}
Event: 132.276 GC heap before
{Heap before GC invocations=29 (full 0):
 garbage-first heap   total 117760K, used 106956K [0x0000000080000000, 0x0000000100000000)
  region size 1024K, 38 young (38912K), 5 survivors (5120K)
 Metaspace       used 73946K, committed 76352K, reserved 491520K
  class space    used 10737K, committed 11904K, reserved 425984K
}
Event: 132.295 GC heap after
{Heap after GC invocations=30 (full 0):
 garbage-first heap   total 117760K, used 78168K [0x0000000080000000, 0x0000000100000000)
  region size 1024K, 4 young (4096K), 4 survivors (4096K)
 Metaspace       used 73946K, committed 76352K, reserved 491520K
  class space    used 10737K, committed 11904K, reserved 425984K
}
Event: 136.967 GC heap before
{Heap before GC invocations=31 (full 0):
 garbage-first heap   total 132096K, used 107864K [0x0000000080000000, 0x0000000100000000)
  region size 1024K, 33 young (33792K), 4 survivors (4096K)
 Metaspace       used 74574K, committed 76992K, reserved 557056K
  class space    used 10781K, committed 11968K, reserved 425984K
}
Event: 136.978 GC heap after
{Heap after GC invocations=32 (full 0):
 garbage-first heap   total 132096K, used 81880K [0x0000000080000000, 0x0000000100000000)
  region size 1024K, 5 young (5120K), 5 survivors (5120K)
 Metaspace       used 74574K, committed 76992K, reserved 557056K
  class space    used 10781K, committed 11968K, reserved 425984K
}
Event: 140.716 GC heap before
{Heap before GC invocations=32 (full 0):
 garbage-first heap   total 132096K, used 118744K [0x0000000080000000, 0x0000000100000000)
  region size 1024K, 42 young (43008K), 5 survivors (5120K)
 Metaspace       used 77475K, committed 79936K, reserved 557056K
  class space    used 11159K, committed 12352K, reserved 425984K
}
Event: 140.736 GC heap after
{Heap after GC invocations=33 (full 0):
 garbage-first heap   total 132096K, used 81884K [0x0000000080000000, 0x0000000100000000)
  region size 1024K, 3 young (3072K), 3 survivors (3072K)
 Metaspace       used 77475K, committed 79936K, reserved 557056K
  class space    used 11159K, committed 12352K, reserved 425984K
}

