# JRE version: OpenJDK Runtime Environment Temurin-21.0.10+7 (21.0.10+7) (build 21.0.10+7-LTS)
# Java VM: OpenJDK 64-Bit Server VM Temurin-21.0.10+7 (21.0.10+7-LTS, mixed mode, sharing, tiered, compressed oops, compressed class ptrs, g1 gc, windows-amd64)
GC Precious Log:
 CardTable entry size: 512
 Card Set container configuration: InlinePtr #cards 5 size 8 Array Of Cards #cards 12 size 40 Howl #buckets 4 coarsen threshold 1843 Howl Bitmap #cards 512 size 80 coarsen threshold 460 Card regions per heap region 1 cards per card region 2048
 CPUs: 8 total, 8 available
 Memory: 8006M
 Large Page Support: Disabled
 NUMA Support: Disabled
 Compressed Oops: Enabled (32-bit)
 Heap Region Size: 1M
 Heap Min Capacity: 8M
 Heap Initial Capacity: 126M
 Heap Max Capacity: 2G
 Pre-touch: Disabled
 Parallel Workers: 8
 Concurrent Workers: 2
 Concurrent Refinement Workers: 8
 Periodic GC: Disabled
Heap:
 garbage-first heap   total 250880K, used 221184K [0x0000000080000000, 0x0000000100000000)
  region size 1024K, 68 young (69632K), 10 survivors (10240K)
 Metaspace       used 121086K, committed 124160K, reserved 557056K
  class space    used 17299K, committed 18816K, reserved 425984K
GC Heap History (20 events):
Event: 135.511 GC heap before
{Heap before GC invocations=53 (full 0):
 garbage-first heap   total 206848K, used 168714K [0x0000000080000000, 0x0000000100000000)
  region size 1024K, 48 young (49152K), 4 survivors (4096K)
 Metaspace       used 96682K, committed 99328K, reserved 557056K
  class space    used 13745K, committed 15040K, reserved 425984K
}
Event: 135.523 GC heap after
{Heap after GC invocations=54 (full 0):
 garbage-first heap   total 206848K, used 123291K [0x0000000080000000, 0x0000000100000000)
  region size 1024K, 6 young (6144K), 6 survivors (6144K)
 Metaspace       used 96682K, committed 99328K, reserved 557056K
  class space    used 13745K, committed 15040K, reserved 425984K
}
Event: 139.584 GC heap before
{Heap before GC invocations=54 (full 0):
 garbage-first heap   total 206848K, used 184731K [0x0000000080000000, 0x0000000100000000)
  region size 1024K, 63 young (64512K), 6 survivors (6144K)
 Metaspace       used 100368K, committed 103040K, reserved 557056K
  class space    used 14237K, committed 15488K, reserved 425984K
}
Event: 139.602 GC heap after
{Heap after GC invocations=55 (full 0):
 garbage-first heap   total 206848K, used 127351K [0x0000000080000000, 0x0000000100000000)
  region size 1024K, 3 young (3072K), 3 survivors (3072K)
 Metaspace       used 100368K, committed 103040K, reserved 557056K
  class space    used 14237K, committed 15488K, reserved 425984K
}
Event: 150.442 GC heap before
{Heap before GC invocations=55 (full 0):
 garbage-first heap   total 206848K, used 185719K [0x0000000080000000, 0x0000000100000000)
  region size 1024K, 60 young (61440K), 3 survivors (3072K)
 Metaspace       used 103735K, committed 106368K, reserved 557056K
  class space    used 14728K, committed 16000K, reserved 425984K
}
Event: 150.451 GC heap after
{Heap after GC invocations=56 (full 0):
 garbage-first heap   total 206848K, used 129621K [0x0000000080000000, 0x0000000100000000)
  region size 1024K, 5 young (5120K), 5 survivors (5120K)
 Metaspace       used 103735K, committed 106368K, reserved 557056K
  class space    used 14728K, committed 16000K, reserved 425984K
}
Event: 159.003 GC heap before
{Heap before GC invocations=57 (full 0):
 garbage-first heap   total 217088K, used 187989K [0x0000000080000000, 0x0000000100000000)
  region size 1024K, 62 young (63488K), 5 survivors (5120K)
 Metaspace       used 104949K, committed 107712K, reserved 557056K
  class space    used 14872K, committed 16256K, reserved 425984K
}
Event: 159.019 GC heap after
{Heap after GC invocations=58 (full 0):
 garbage-first heap   total 217088K, used 134641K [0x0000000080000000, 0x0000000100000000)
  region size 1024K, 8 young (8192K), 8 survivors (8192K)
 Metaspace       used 104949K, committed 107712K, reserved 557056K
  class space    used 14872K, committed 16256K, reserved 425984K
}
Event: 165.423 GC heap before
{Heap before GC invocations=58 (full 0):
 garbage-first heap   total 217088K, used 196081K [0x0000000080000000, 0x0000000100000000)
  region size 1024K, 68 young (69632K), 8 survivors (8192K)
 Metaspace       used 107894K, committed 110656K, reserved 557056K
  class space    used 15287K, committed 16640K, reserved 425984K
}
Event: 165.445 GC heap after
{Heap after GC invocations=59 (full 0):
 garbage-first heap   total 217088K, used 136298K [0x0000000080000000, 0x0000000100000000)
  region size 1024K, 8 young (8192K), 8 survivors (8192K)
 Metaspace       used 107894K, committed 110656K, reserved 557056K
  class space    used 15287K, committed 16640K, reserved 425984K
}
Event: 167.370 GC heap before
{Heap before GC invocations=59 (full 0):
 garbage-first heap   total 217088K, used 153706K [0x0000000080000000, 0x0000000100000000)
  region size 1024K, 26 young (26624K), 8 survivors (8192K)
 Metaspace       used 109014K, committed 111808K, reserved 557056K
  class space    used 15446K, committed 16832K, reserved 425984K
}
Event: 167.398 GC heap after
{Heap after GC invocations=60 (full 0):
 garbage-first heap   total 217088K, used 137537K [0x0000000080000000, 0x0000000100000000)
  region size 1024K, 5 young (5120K), 5 survivors (5120K)
 Metaspace       used 109014K, committed 111808K, reserved 557056K
  class space    used 15446K, committed 16832K, reserved 425984K
}
Event: 170.678 GC heap before
{Heap before GC invocations=61 (full 0):
 garbage-first heap   total 232448K, used 201025K [0x0000000080000000, 0x0000000100000000)
  region size 1024K, 66 young (67584K), 5 survivors (5120K)
 Metaspace       used 112659K, committed 115456K, reserved 557056K
  class space    used 16098K, committed 17472K, reserved 425984K
}
Event: 170.689 GC heap after
{Heap after GC invocations=62 (full 0):
 garbage-first heap   total 232448K, used 139304K [0x0000000080000000, 0x0000000100000000)
  region size 1024K, 7 young (7168K), 7 survivors (7168K)
 Metaspace       used 112659K, committed 115456K, reserved 557056K
  class space    used 16098K, committed 17472K, reserved 425984K
}
Event: 174.703 GC heap before
{Heap before GC invocations=62 (full 0):
 garbage-first heap   total 232448K, used 213032K [0x0000000080000000, 0x0000000100000000)
  region size 1024K, 79 young (80896K), 7 survivors (7168K)
 Metaspace       used 116569K, committed 119424K, reserved 557056K
  class space    used 16607K, committed 18048K, reserved 425984K
}
Event: 174.728 GC heap after
{Heap after GC invocations=63 (full 0):
 garbage-first heap   total 232448K, used 140102K [0x0000000080000000, 0x0000000100000000)
  region size 1024K, 6 young (6144K), 6 survivors (6144K)
 Metaspace       used 116569K, committed 119424K, reserved 557056K
  class space    used 16607K, committed 18048K, reserved 425984K
}
Event: 180.324 GC heap before
{Heap before GC invocations=63 (full 0):
 garbage-first heap   total 232448K, used 215878K [0x0000000080000000, 0x0000000100000000)
  region size 1024K, 80 young (81920K), 6 survivors (6144K)
 Metaspace       used 119366K, committed 122304K, reserved 557056K
  class space    used 17041K, committed 18496K, reserved 425984K
}
Event: 180.357 GC heap after
{Heap after GC invocations=64 (full 0):
 garbage-first heap   total 232448K, used 150427K [0x0000000080000000, 0x0000000100000000)
  region size 1024K, 10 young (10240K), 10 survivors (10240K)
 Metaspace       used 119366K, committed 122304K, reserved 557056K
  class space    used 17041K, committed 18496K, reserved 425984K
}
Event: 187.835 GC heap before
{Heap before GC invocations=65 (full 0):
 garbage-first heap   total 250880K, used 214939K [0x0000000080000000, 0x0000000100000000)
  region size 1024K, 73 young (74752K), 10 survivors (10240K)
 Metaspace       used 119964K, committed 123008K, reserved 557056K
  class space    used 17128K, committed 18624K, reserved 425984K
}
Event: 187.865 GC heap after
{Heap after GC invocations=66 (full 0):
 garbage-first heap   total 250880K, used 163840K [0x0000000080000000, 0x0000000100000000)
  region size 1024K, 10 young (10240K), 10 survivors (10240K)
 Metaspace       used 119964K, committed 123008K, reserved 557056K
  class space    used 17128K, committed 18624K, reserved 425984K
}

