TN:
SF:src\app.ts
FN:144,(anonymous_0)
FN:149,(anonymous_1)
FN:160,(anonymous_2)
FN:177,(anonymous_3)
FNF:4
FNH:2
FNDA:3,(anonymous_0)
FNDA:2,(anonymous_1)
FNDA:0,(anonymous_2)
FNDA:0,(anonymous_3)
DA:105,41
DA:110,41
DA:111,41
DA:116,41
DA:117,41
DA:118,41
DA:121,41
DA:124,41
DA:126,41
DA:127,41
DA:128,41
DA:131,41
DA:132,41
DA:133,41
DA:134,41
DA:135,41
DA:136,41
DA:139,41
DA:140,41
DA:141,41
DA:144,41
DA:145,3
DA:149,41
DA:150,2
DA:151,2
DA:152,2
DA:153,2
DA:155,0
DA:160,41
DA:161,0
DA:162,0
DA:163,0
DA:164,0
DA:172,0
DA:177,41
DA:178,0
DA:179,0
DA:180,0
DA:181,0
DA:183,0
DA:187,41
DA:188,0
DA:192,0
DA:196,41
DA:197,41
DA:198,41
DA:199,41
DA:200,41
DA:201,41
DA:202,41
DA:203,41
DA:204,41
DA:205,41
DA:206,41
DA:207,41
DA:208,41
DA:209,41
DA:210,41
DA:211,41
DA:212,41
DA:213,41
DA:214,41
DA:215,41
DA:216,41
DA:217,41
DA:218,41
DA:219,41
DA:220,41
DA:221,41
DA:222,41
DA:223,41
DA:224,41
DA:225,41
DA:226,41
DA:227,41
DA:228,41
DA:229,41
DA:231,41
DA:232,41
DA:233,41
DA:234,41
DA:235,41
DA:236,41
DA:237,41
DA:238,41
DA:239,41
DA:240,41
DA:241,41
DA:242,41
DA:243,41
DA:244,41
DA:245,41
DA:246,41
DA:247,41
DA:248,41
DA:249,41
DA:250,41
DA:251,41
DA:252,41
DA:253,41
DA:255,41
DA:256,41
DA:257,41
DA:258,41
DA:259,41
DA:260,41
DA:261,41
DA:262,41
DA:263,41
DA:264,41
DA:265,41
DA:266,41
DA:267,41
DA:268,41
DA:269,41
DA:270,41
DA:273,41
DA:274,0
DA:277,41
LF:119
LH:105
BRDA:112,0,0,41
BRDA:112,0,1,0
BRDA:145,1,0,3
BRDA:145,1,1,0
BRDA:155,2,0,0
BRDA:155,2,1,0
BRDA:169,3,0,0
BRDA:169,3,1,0
BRDA:178,4,0,0
BRDA:178,4,1,0
BRDA:180,5,0,0
BRDA:180,6,0,0
BRDA:180,6,1,0
BRDA:187,7,0,0
BRDA:273,8,0,0
BRDA:273,9,0,41
BRDA:273,9,1,0
BRF:17
BRH:3
end_of_record
TN:
SF:src\swagger.ts
FNF:0
FNH:0
DA:7,43
DA:63,43
LF:2
LH:2
BRDA:25,0,0,43
BRDA:25,0,1,1
BRF:2
BRH:2
end_of_record
TN:
SF:src\config\cloudflare-r2.ts
FNF:0
FNH:0
DA:3,46
DA:4,46
DA:5,46
DA:7,46
DA:15,46
DA:27,46
LF:6
LH:6
BRDA:7,0,0,44
BRDA:7,0,1,2
BRDA:7,1,0,46
BRDA:7,1,1,45
BRDA:7,1,2,45
BRDA:15,2,0,46
BRDA:15,2,1,1
BRDA:27,3,0,46
BRDA:27,3,1,1
BRF:9
BRH:9
end_of_record
TN:
SF:src\config\commissions.ts
FNF:0
FNH:0
DA:7,42
LF:1
LH:1
BRF:0
BRH:0
end_of_record
TN:
SF:src\config\database.ts
FN:30,(anonymous_0)
FN:33,(anonymous_1)
FN:39,(anonymous_2)
FN:45,(anonymous_3)
FNF:4
FNH:0
FNDA:0,(anonymous_0)
FNDA:0,(anonymous_1)
FNDA:0,(anonymous_2)
FNDA:0,(anonymous_3)
DA:7,83
DA:10,83
DA:11,83
DA:12,0
DA:15,83
DA:16,83
DA:18,83
DA:28,83
DA:29,0
DA:31,0
DA:34,0
DA:35,0
DA:39,83
DA:45,83
DA:46,0
DA:47,0
LF:16
LH:9
BRDA:11,0,0,0
BRDA:20,1,0,0
BRDA:20,1,1,83
BRDA:22,2,0,83
BRDA:22,2,1,0
BRDA:28,3,0,0
BRDA:28,3,1,83
BRF:7
BRH:3
end_of_record
TN:
SF:src\config\firebase.ts
FNF:0
FNH:0
DA:3,1
DA:16,1
DA:17,1
DA:22,1
LF:4
LH:4
BRDA:5,0,0,1
BRDA:5,0,1,0
BRDA:13,1,0,1
BRDA:13,1,1,0
BRDA:16,2,0,1
BRF:5
BRH:3
end_of_record
TN:
SF:src\config\region.ts
FN:16,getAppCountry
FN:22,isSupportedCountry
FNF:2
FNH:2
FNDA:3,getAppCountry
FNDA:3,isSupportedCountry
DA:6,4
DA:7,4
DA:13,4
DA:14,4
DA:17,3
DA:18,3
DA:19,2
DA:23,3
LF:8
LH:8
BRDA:18,0,0,1
BRDA:18,1,0,3
BRDA:18,1,1,2
BRF:3
BRH:3
end_of_record
TN:
SF:src\config\sentry.ts
FN:4,(anonymous_0)
FN:18,(anonymous_1)
FN:36,(anonymous_2)
FN:42,(anonymous_3)
FNF:4
FNH:3
FNDA:3,(anonymous_0)
FNDA:0,(anonymous_1)
FNDA:1,(anonymous_2)
FNDA:1,(anonymous_3)
DA:4,3
DA:5,3
DA:6,1
DA:7,1
DA:10,2
DA:20,0
DA:21,0
DA:22,0
DA:23,0
DA:24,0
DA:25,0
DA:29,0
DA:33,2
DA:36,3
DA:37,1
DA:42,3
DA:43,1
LF:17
LH:10
BRDA:5,0,0,1
BRDA:12,1,0,2
BRDA:12,1,1,0
BRDA:13,2,0,0
BRDA:13,2,1,2
BRDA:20,3,0,0
BRDA:22,4,0,0
BRDA:22,5,0,0
BRDA:22,5,1,0
BRDA:22,5,2,0
BRDA:24,6,0,0
BRDA:24,7,0,0
BRDA:24,7,1,0
BRDA:42,8,0,0
BRF:14
BRH:3
end_of_record
TN:
SF:src\jobs\accountDeletion.job.ts
FN:8,processScheduledAccountDeletions
FN:83,sendDeletionReminders
FN:161,startAccountDeletionJobs
FN:165,(anonymous_3)
FN:176,(anonymous_4)
FNF:5
FNH:2
FNDA:2,processScheduledAccountDeletions
FNDA:1,sendDeletionReminders
FNDA:0,startAccountDeletionJobs
FNDA:0,(anonymous_3)
FNDA:0,(anonymous_4)
DA:9,2
DA:10,2
DA:12,2
DA:15,2
DA:33,2
DA:34,1
DA:35,1
DA:42,1
DA:44,1
DA:50,1
DA:51,2
DA:52,2
DA:55,2
DA:57,2
DA:58,2
DA:60,0
DA:61,0
DA:62,0
DA:66,1
DA:68,1
DA:75,0
DA:76,0
DA:84,1
DA:85,1
DA:87,1
DA:88,1
DA:91,1
DA:111,1
DA:112,0
DA:113,0
DA:119,1
DA:121,1
DA:122,1
DA:124,1
DA:140,1
DA:142,0
DA:146,1
DA:148,1
DA:153,0
DA:154,0
DA:163,0
DA:165,0
DA:166,0
DA:167,0
DA:169,0
DA:174,0
DA:176,0
DA:177,0
DA:178,0
DA:180,0
DA:184,0
LF:51
LH:30
BRDA:33,0,0,1
BRDA:111,1,0,0
BRF:2
BRH:1
end_of_record
TN:
SF:src\jobs\dataRetention.job.ts
FN:63,initializeRetentionPolicies
FN:84,applyRetentionPolicies
FN:170,cleanSecurityLogs
FN:181,cleanNotifications
FN:191,cleanNotificationLogs
FN:200,cleanGuestCookieConsents
FN:212,cleanDataExportRequests
FN:230,cleanSuspiciousActivityAlerts
FN:243,startDataRetentionJob
FN:247,(anonymous_9)
FNF:10
FNH:8
FNDA:1,initializeRetentionPolicies
FNDA:2,applyRetentionPolicies
FNDA:1,cleanSecurityLogs
FNDA:1,cleanNotifications
FNDA:1,cleanNotificationLogs
FNDA:1,cleanGuestCookieConsents
FNDA:1,cleanDataExportRequests
FNDA:1,cleanSuspiciousActivityAlerts
FNDA:0,startDataRetentionJob
FNDA:0,(anonymous_9)
DA:7,3
DA:64,1
DA:65,1
DA:67,1
DA:68,10
DA:75,1
DA:77,0
DA:85,2
DA:86,2
DA:88,2
DA:92,2
DA:93,1
DA:94,1
DA:100,1
DA:106,1
DA:107,7
DA:108,7
DA:110,7
DA:111,7
DA:113,7
DA:115,7
DA:117,1
DA:118,1
DA:120,1
DA:121,1
DA:123,1
DA:124,1
DA:126,1
DA:127,1
DA:129,1
DA:130,1
DA:132,1
DA:133,1
DA:135,1
DA:139,7
DA:144,7
DA:145,7
DA:147,7
DA:149,0
DA:150,0
DA:154,1
DA:156,1
DA:163,0
DA:164,0
DA:171,1
DA:178,1
DA:182,1
DA:188,1
DA:192,1
DA:197,1
DA:201,1
DA:209,1
DA:213,1
DA:227,1
DA:231,1
DA:237,1
DA:245,0
DA:247,0
DA:248,0
DA:249,0
DA:251,0
DA:255,0
LF:62
LH:51
BRDA:92,0,0,1
BRDA:115,1,0,1
BRDA:115,1,1,1
BRDA:115,1,2,1
BRDA:115,1,3,1
BRDA:115,1,4,1
BRDA:115,1,5,1
BRDA:115,1,6,1
BRF:8
BRH:8
end_of_record
TN:
SF:src\middleware\adminRbac.ts
FN:24,isAdminRole
FN:29,requireAnyAdmin
FN:38,requireSuperAdmin
FN:46,requireFinanceAdmin
FN:55,requireModerationAdmin
FN:64,requireDataAdmin
FN:72,canAccessKillSwitch
FN:76,canAccessAuditLogs
FN:80,canAccessFinance
FN:84,canAccessModeration
FN:88,canAccessSupport
FNF:11
FNH:2
FNDA:3,isAdminRole
FNDA:3,requireAnyAdmin
FNDA:0,requireSuperAdmin
FNDA:0,requireFinanceAdmin
FNDA:0,requireModerationAdmin
FNDA:0,requireDataAdmin
FNDA:0,canAccessKillSwitch
FNDA:0,canAccessAuditLogs
FNDA:0,canAccessFinance
FNDA:0,canAccessModeration
FNDA:0,canAccessSupport
DA:13,41
DA:25,3
DA:30,3
DA:31,3
DA:32,1
DA:34,2
DA:39,0
DA:40,0
DA:42,0
DA:47,0
DA:48,0
DA:49,0
DA:51,0
DA:56,0
DA:57,0
DA:58,0
DA:60,0
DA:65,0
DA:66,0
DA:67,0
DA:69,0
DA:73,0
DA:77,0
DA:81,0
DA:85,0
DA:89,0
LF:26
LH:6
BRDA:31,0,0,1
BRDA:31,1,0,3
BRDA:31,1,1,3
BRDA:39,2,0,0
BRDA:48,3,0,0
BRDA:48,4,0,0
BRDA:48,4,1,0
BRDA:48,4,2,0
BRDA:57,5,0,0
BRDA:57,6,0,0
BRDA:57,6,1,0
BRDA:57,6,2,0
BRDA:66,7,0,0
BRDA:66,8,0,0
BRDA:66,8,1,0
BRDA:66,8,2,0
BRDA:77,9,0,0
BRDA:77,9,1,0
BRDA:77,9,2,0
BRDA:81,10,0,0
BRDA:81,10,1,0
BRDA:81,10,2,0
BRDA:85,11,0,0
BRDA:85,11,1,0
BRDA:85,11,2,0
BRDA:89,12,0,0
BRDA:89,12,1,0
BRDA:89,12,2,0
BRF:28
BRH:3
end_of_record
TN:
SF:src\middleware\antiBot.ts
FN:13,(anonymous_0)
FN:18,(anonymous_1)
FN:52,(anonymous_2)
FN:67,(anonymous_3)
FNF:4
FNH:3
FNDA:388,(anonymous_0)
FNDA:2710,(anonymous_1)
FNDA:9,(anonymous_2)
FNDA:0,(anonymous_3)
DA:4,41
DA:9,41
DA:13,41
DA:14,388
DA:15,388
DA:18,2710
DA:19,1
DA:26,387
DA:27,0
DA:34,387
DA:38,387
DA:40,0
DA:48,387
DA:52,41
DA:53,9
DA:55,9
DA:58,0
DA:60,0
DA:67,0
DA:69,0
DA:70,0
DA:76,0
LF:22
LH:14
BRDA:14,0,0,388
BRDA:14,0,1,387
BRDA:15,1,0,388
BRDA:15,1,1,0
BRDA:15,1,2,0
BRDA:18,2,0,1
BRDA:26,3,0,0
BRDA:34,4,0,387
BRDA:34,4,1,387
BRDA:34,4,2,387
BRDA:38,5,0,0
BRDA:38,6,0,387
BRDA:38,6,1,233
BRDA:55,7,0,9
BRDA:58,8,0,0
BRDA:58,8,1,0
BRDA:58,8,2,0
BRDA:58,8,3,0
BRDA:69,9,0,0
BRF:19
BRH:10
end_of_record
TN:
SF:src\middleware\auth.ts
FN:16,(anonymous_0)
FN:85,(anonymous_1)
FN:132,(anonymous_2)
FNF:3
FNH:2
FNDA:125,(anonymous_0)
FNDA:13,(anonymous_1)
FNDA:0,(anonymous_2)
DA:16,41
DA:21,125
DA:22,125
DA:24,125
DA:25,32
DA:31,93
DA:33,93
DA:34,0
DA:37,93
DA:43,92
DA:54,92
DA:55,0
DA:61,92
DA:62,0
DA:67,92
DA:75,92
DA:77,1
DA:78,1
DA:85,41
DA:90,13
DA:91,13
DA:93,13
DA:94,3
DA:96,3
DA:97,3
DA:98,3
DA:102,3
DA:111,3
DA:112,3
DA:125,13
DA:128,0
DA:132,41
DA:137,0
DA:138,0
DA:143,0
DA:144,0
DA:149,0
LF:37
LH:28
BRDA:24,0,0,32
BRDA:24,1,0,125
BRDA:24,1,1,93
BRDA:33,2,0,0
BRDA:54,3,0,0
BRDA:61,4,0,0
BRDA:93,5,0,3
BRDA:93,6,0,13
BRDA:93,6,1,3
BRDA:96,7,0,3
BRDA:111,8,0,3
BRDA:137,9,0,0
BRDA:143,10,0,0
BRF:13
BRH:8
end_of_record
TN:
SF:src\middleware\errorHandler.ts
FN:10,(anonymous_0)
FN:34,noop
FNF:2
FNH:2
FNDA:29,(anonymous_0)
FNDA:1,noop
DA:10,45
DA:16,29
DA:17,29
DA:19,29
DA:26,29
DA:27,29
DA:36,29
LF:7
LH:7
BRDA:16,0,0,29
BRDA:16,0,1,8
BRDA:17,1,0,29
BRDA:17,1,1,1
BRDA:40,2,0,29
BRDA:40,2,1,1
BRF:6
BRH:6
end_of_record
TN:
SF:src\middleware\idempotency.ts
FN:6,getExpiry
FN:13,idempotencyMiddleware
FN:18,(anonymous_2)
FN:27,(anonymous_3)
FN:34,optionalIdempotencyMiddleware
FN:37,(anonymous_5)
FN:46,(anonymous_6)
FN:52,saveIdempotencyResponse
FNF:8
FNH:1
FNDA:0,getExpiry
FNDA:1,idempotencyMiddleware
FNDA:0,(anonymous_2)
FNDA:0,(anonymous_3)
FNDA:0,optionalIdempotencyMiddleware
FNDA:0,(anonymous_5)
FNDA:0,(anonymous_6)
FNDA:0,saveIdempotencyResponse
DA:4,41
DA:7,0
DA:8,0
DA:9,0
DA:14,1
DA:15,1
DA:16,1
DA:18,0
DA:19,0
DA:20,0
DA:21,0
DA:22,0
DA:23,0
DA:24,0
DA:25,0
DA:27,0
DA:28,0
DA:30,0
DA:35,0
DA:36,0
DA:37,0
DA:38,0
DA:39,0
DA:40,0
DA:41,0
DA:42,0
DA:43,0
DA:44,0
DA:46,0
DA:47,0
DA:49,0
DA:53,0
DA:54,0
DA:55,0
LF:34
LH:4
BRDA:15,0,0,1
BRDA:15,1,0,1
BRDA:15,1,1,0
BRDA:15,1,2,0
BRDA:22,2,0,0
BRDA:22,3,0,0
BRDA:22,3,1,0
BRDA:23,4,0,0
BRDA:23,4,1,0
BRDA:24,5,0,0
BRDA:24,5,1,0
BRDA:27,6,0,0
BRDA:36,7,0,0
BRDA:36,8,0,0
BRDA:36,8,1,0
BRDA:36,8,2,0
BRDA:41,9,0,0
BRDA:41,10,0,0
BRDA:41,10,1,0
BRDA:42,11,0,0
BRDA:42,11,1,0
BRDA:43,12,0,0
BRDA:43,12,1,0
BRDA:46,13,0,0
BRDA:53,14,0,0
BRDA:53,14,1,0
BRDA:54,15,0,0
BRF:27
BRH:2
end_of_record
TN:
SF:src\middleware\rateLimiting.ts
FN:15,(anonymous_0)
FN:22,(anonymous_1)
FN:37,(anonymous_2)
FN:55,(anonymous_3)
FNF:4
FNH:4
FNDA:382,(anonymous_0)
FNDA:180,(anonymous_1)
FNDA:382,(anonymous_2)
FNDA:180,(anonymous_3)
DA:6,41
DA:10,41
DA:11,0
DA:15,41
DA:16,382
DA:22,41
DA:23,180
DA:24,0
DA:25,0
DA:26,0
DA:27,0
DA:31,41
DA:37,382
DA:42,41
DA:50,41
DA:55,180
DA:60,41
DA:68,41
DA:76,41
DA:84,41
LF:20
LH:15
BRDA:6,0,0,0
BRDA:6,0,1,41
BRDA:10,1,0,0
BRDA:16,2,0,382
BRDA:16,2,1,382
BRDA:16,2,2,382
BRDA:16,2,3,382
BRDA:23,3,0,180
BRDA:24,4,0,0
BRDA:24,4,1,0
BRDA:25,5,0,0
BRDA:25,5,1,0
BRDA:27,6,0,0
BRDA:27,6,1,0
BRDA:38,7,0,0
BRDA:38,7,1,41
BRDA:46,8,0,0
BRDA:46,8,1,41
BRDA:56,9,0,0
BRDA:56,9,1,41
BRDA:64,10,0,0
BRDA:64,10,1,41
BRDA:72,11,0,0
BRDA:72,11,1,41
BRDA:80,12,0,0
BRDA:80,12,1,41
BRDA:88,13,0,0
BRDA:88,13,1,41
BRF:28
BRH:13
end_of_record
TN:
SF:src\middleware\requireRole.ts
FN:9,requireRole
FN:10,(anonymous_1)
FN:22,requireAdmin
FN:26,requireStaff
FNF:4
FNH:0
FNDA:0,requireRole
FNDA:0,(anonymous_1)
FNDA:0,requireAdmin
FNDA:0,requireStaff
DA:7,41
DA:10,0
DA:11,0
DA:12,0
DA:14,0
DA:15,0
DA:16,0
DA:18,0
DA:23,0
DA:27,0
LF:10
LH:1
BRDA:11,0,0,0
BRDA:14,1,0,0
BRDA:14,1,1,0
BRDA:15,2,0,0
BRF:4
BRH:0
end_of_record
TN:
SF:src\middleware\security.middleware.ts
FN:8,(anonymous_0)
FN:9,(anonymous_1)
FN:20,(anonymous_2)
FN:48,(anonymous_3)
FN:76,(anonymous_4)
FN:86,(anonymous_5)
FN:94,(anonymous_6)
FN:111,(anonymous_7)
FN:112,(anonymous_8)
FN:123,(anonymous_9)
FN:150,(anonymous_10)
FNF:11
FNH:5
FNDA:1,(anonymous_0)
FNDA:1,(anonymous_1)
FNDA:0,(anonymous_2)
FNDA:1,(anonymous_3)
FNDA:1,(anonymous_4)
FNDA:0,(anonymous_5)
FNDA:0,(anonymous_6)
FNDA:0,(anonymous_7)
FNDA:0,(anonymous_8)
FNDA:0,(anonymous_9)
FNDA:1,(anonymous_10)
DA:8,4
DA:9,1
DA:10,1
DA:12,1
DA:13,1
DA:16,0
DA:17,0
DA:20,0
DA:21,0
DA:22,0
DA:24,0
DA:37,0
DA:41,0
DA:48,4
DA:49,1
DA:51,1
DA:52,1
DA:54,1
DA:55,1
DA:61,0
DA:64,0
DA:66,0
DA:68,0
DA:69,0
DA:76,4
DA:77,1
DA:79,1
DA:80,1
DA:83,0
DA:85,0
DA:86,0
DA:87,0
DA:90,0
DA:91,0
DA:94,0
DA:101,0
DA:103,0
DA:104,0
DA:111,4
DA:112,0
DA:113,0
DA:115,0
DA:116,0
DA:119,0
DA:120,0
DA:123,0
DA:124,0
DA:125,0
DA:126,0
DA:128,0
DA:139,0
DA:143,0
DA:150,4
DA:151,1
DA:153,1
DA:154,0
DA:157,1
DA:159,1
DA:161,1
DA:163,0
DA:165,0
DA:166,0
DA:169,0
DA:170,0
DA:184,0
DA:186,1
DA:187,1
LF:67
LH:24
BRDA:12,0,0,1
BRDA:16,1,0,0
BRDA:16,1,1,0
BRDA:16,1,2,0
BRDA:17,2,0,0
BRDA:17,2,1,0
BRDA:22,3,0,0
BRDA:22,3,1,0
BRDA:22,4,0,0
BRDA:22,4,1,0
BRDA:49,5,0,1
BRDA:49,5,1,0
BRDA:49,5,2,0
BRDA:54,6,0,1
BRDA:79,7,0,1
BRDA:87,8,0,0
BRDA:87,8,1,0
BRDA:90,9,0,0
BRDA:115,10,0,0
BRDA:119,11,0,0
BRDA:119,11,1,0
BRDA:119,11,2,0
BRDA:120,12,0,0
BRDA:120,12,1,0
BRDA:125,13,0,0
BRDA:125,14,0,0
BRDA:125,14,1,0
BRDA:126,15,0,0
BRDA:126,15,1,0
BRDA:126,15,2,0
BRDA:133,16,0,0
BRDA:133,16,1,0
BRDA:133,17,0,0
BRDA:133,17,1,0
BRDA:153,18,0,0
BRDA:157,19,0,1
BRDA:157,19,1,0
BRDA:157,19,2,0
BRDA:163,20,0,0
BRDA:163,21,0,0
BRDA:163,21,1,0
BRDA:169,22,0,0
BRF:42
BRH:5
end_of_record
TN:
SF:src\routes\addresses.routes.ts
FN:8,(anonymous_0)
FN:17,(anonymous_1)
FN:35,(anonymous_2)
FN:53,(anonymous_3)
FNF:4
FNH:0
FNDA:0,(anonymous_0)
FNDA:0,(anonymous_1)
FNDA:0,(anonymous_2)
FNDA:0,(anonymous_3)
DA:6,41
DA:8,41
DA:9,0
DA:10,0
DA:11,0
DA:13,0
DA:17,41
DA:18,0
DA:19,0
DA:20,0
DA:29,0
DA:31,0
DA:35,41
DA:36,0
DA:37,0
DA:38,0
DA:47,0
DA:49,0
DA:53,41
DA:54,0
DA:55,0
DA:56,0
DA:58,0
LF:23
LH:5
BRF:0
BRH:0
end_of_record
TN:
SF:src\routes\admin.routes.ts
FN:21,getClientMeta
FN:28,auditLog
FN:41,(anonymous_2)
FN:51,(anonymous_3)
FN:63,(anonymous_4)
FN:76,(anonymous_5)
FN:95,(anonymous_6)
FN:109,(anonymous_7)
FN:122,(anonymous_8)
FN:135,(anonymous_9)
FN:148,(anonymous_10)
FN:167,(anonymous_11)
FN:182,(anonymous_12)
FN:195,(anonymous_13)
FN:208,(anonymous_14)
FN:221,(anonymous_15)
FN:230,(anonymous_16)
FN:244,(anonymous_17)
FN:257,(anonymous_18)
FN:270,(anonymous_19)
FN:281,(anonymous_20)
FN:293,(anonymous_21)
FN:305,(anonymous_22)
FN:315,(anonymous_23)
FN:325,(anonymous_24)
FN:347,(anonymous_25)
FN:366,(anonymous_26)
FN:378,(anonymous_27)
FN:391,(anonymous_28)
FN:411,(anonymous_29)
FN:426,(anonymous_30)
FN:438,(anonymous_31)
FN:448,(anonymous_32)
FNF:33
FNH:2
FNDA:0,getClientMeta
FNDA:0,auditLog
FNDA:1,(anonymous_2)
FNDA:1,(anonymous_3)
FNDA:0,(anonymous_4)
FNDA:0,(anonymous_5)
FNDA:0,(anonymous_6)
FNDA:0,(anonymous_7)
FNDA:0,(anonymous_8)
FNDA:0,(anonymous_9)
FNDA:0,(anonymous_10)
FNDA:0,(anonymous_11)
FNDA:0,(anonymous_12)
FNDA:0,(anonymous_13)
FNDA:0,(anonymous_14)
FNDA:0,(anonymous_15)
FNDA:0,(anonymous_16)
FNDA:0,(anonymous_17)
FNDA:0,(anonymous_18)
FNDA:0,(anonymous_19)
FNDA:0,(anonymous_20)
FNDA:0,(anonymous_21)
FNDA:0,(anonymous_22)
FNDA:0,(anonymous_23)
FNDA:0,(anonymous_24)
FNDA:0,(anonymous_25)
FNDA:0,(anonymous_26)
FNDA:0,(anonymous_27)
FNDA:0,(anonymous_28)
FNDA:0,(anonymous_29)
FNDA:0,(anonymous_30)
FNDA:0,(anonymous_31)
FNDA:0,(anonymous_32)
DA:19,41
DA:22,0
DA:29,0
DA:30,0
DA:41,41
DA:42,1
DA:43,1
DA:44,1
DA:46,0
DA:51,41
DA:52,1
DA:53,1
DA:54,1
DA:55,1
DA:56,1
DA:58,0
DA:63,41
DA:64,0
DA:65,0
DA:66,0
DA:67,0
DA:68,0
DA:69,0
DA:71,0
DA:76,41
DA:77,0
DA:78,0
DA:79,0
DA:80,0
DA:87,0
DA:88,0
DA:90,0
DA:95,41
DA:96,0
DA:97,0
DA:98,0
DA:99,0
DA:100,0
DA:101,0
DA:102,0
DA:104,0
DA:109,41
DA:110,0
DA:111,0
DA:112,0
DA:113,0
DA:114,0
DA:115,0
DA:117,0
DA:122,41
DA:123,0
DA:124,0
DA:125,0
DA:126,0
DA:127,0
DA:128,0
DA:130,0
DA:135,41
DA:136,0
DA:137,0
DA:138,0
DA:139,0
DA:140,0
DA:141,0
DA:143,0
DA:148,41
DA:149,0
DA:150,0
DA:151,0
DA:152,0
DA:154,0
DA:155,0
DA:159,0
DA:160,0
DA:162,0
DA:167,41
DA:168,0
DA:169,0
DA:170,0
DA:171,0
DA:172,0
DA:173,0
DA:174,0
DA:175,0
DA:177,0
DA:182,41
DA:183,0
DA:184,0
DA:185,0
DA:186,0
DA:187,0
DA:188,0
DA:190,0
DA:195,41
DA:196,0
DA:197,0
DA:198,0
DA:199,0
DA:200,0
DA:201,0
DA:203,0
DA:208,41
DA:209,0
DA:210,0
DA:211,0
DA:212,0
DA:213,0
DA:214,0
DA:216,0
DA:221,41
DA:222,0
DA:223,0
DA:225,0
DA:230,41
DA:231,0
DA:232,0
DA:233,0
DA:234,0
DA:235,0
DA:236,0
DA:237,0
DA:239,0
DA:244,41
DA:245,0
DA:246,0
DA:247,0
DA:248,0
DA:249,0
DA:250,0
DA:252,0
DA:257,41
DA:258,0
DA:259,0
DA:260,0
DA:261,0
DA:262,0
DA:263,0
DA:265,0
DA:270,41
DA:271,0
DA:272,0
DA:273,0
DA:274,0
DA:276,0
DA:281,41
DA:282,0
DA:283,0
DA:284,0
DA:285,0
DA:286,0
DA:288,0
DA:293,41
DA:294,0
DA:295,0
DA:296,0
DA:297,0
DA:298,0
DA:300,0
DA:305,41
DA:306,0
DA:307,0
DA:308,0
DA:310,0
DA:315,41
DA:316,0
DA:317,0
DA:318,0
DA:320,0
DA:325,41
DA:326,0
DA:327,0
DA:328,0
DA:329,0
DA:330,0
DA:331,0
DA:332,0
DA:333,0
DA:334,0
DA:335,0
DA:336,0
DA:337,0
DA:338,0
DA:339,0
DA:340,0
DA:342,0
DA:347,41
DA:348,0
DA:349,0
DA:350,0
DA:351,0
DA:359,0
DA:361,0
DA:366,41
DA:367,0
DA:368,0
DA:369,0
DA:370,0
DA:371,0
DA:373,0
DA:378,41
DA:379,0
DA:380,0
DA:381,0
DA:382,0
DA:383,0
DA:384,0
DA:386,0
DA:391,41
DA:392,0
DA:393,0
DA:394,0
DA:395,0
DA:396,0
DA:397,0
DA:402,0
DA:403,0
DA:404,0
DA:406,0
DA:411,41
DA:412,0
DA:413,0
DA:414,0
DA:415,0
DA:417,0
DA:418,0
DA:419,0
DA:421,0
DA:426,41
DA:427,0
DA:428,0
DA:429,0
DA:430,0
DA:431,0
DA:433,0
DA:438,41
DA:439,0
DA:440,0
DA:441,0
DA:443,0
DA:448,41
DA:449,0
DA:450,0
DA:451,0
DA:452,0
DA:453,0
DA:454,0
DA:456,0
LF:247
LH:40
BRDA:23,0,0,0
BRDA:23,0,1,0
BRDA:29,1,0,0
BRDA:53,2,0,1
BRDA:53,2,1,0
BRDA:54,3,0,1
BRDA:54,3,1,0
BRDA:97,4,0,0
BRDA:97,4,1,0
BRDA:98,5,0,0
BRDA:98,5,1,0
BRDA:137,6,0,0
BRDA:137,6,1,0
BRDA:138,7,0,0
BRDA:138,7,1,0
BRDA:150,8,0,0
BRDA:150,8,1,0
BRDA:150,9,0,0
BRDA:150,9,1,0
BRDA:150,10,0,0
BRDA:150,10,1,0
BRDA:151,11,0,0
BRDA:151,12,0,0
BRDA:151,12,1,0
BRDA:159,13,0,0
BRDA:159,13,1,0
BRDA:169,14,0,0
BRDA:169,14,1,0
BRDA:170,15,0,0
BRDA:170,15,1,0
BRDA:197,16,0,0
BRDA:197,16,1,0
BRDA:198,17,0,0
BRDA:198,17,1,0
BRDA:210,18,0,0
BRDA:210,18,1,0
BRDA:211,19,0,0
BRDA:211,19,1,0
BRDA:259,20,0,0
BRDA:259,20,1,0
BRDA:260,21,0,0
BRDA:260,21,1,0
BRDA:328,22,0,0
BRDA:329,23,0,0
BRDA:330,24,0,0
BRDA:331,25,0,0
BRDA:332,26,0,0
BRDA:333,27,0,0
BRDA:334,28,0,0
BRDA:335,29,0,0
BRDA:336,30,0,0
BRDA:337,31,0,0
BRDA:349,32,0,0
BRDA:349,32,1,0
BRDA:350,33,0,0
BRDA:350,33,1,0
BRDA:382,34,0,0
BRDA:382,34,1,0
BRDA:396,35,0,0
BRDA:399,36,0,0
BRDA:399,36,1,0
BRDA:400,37,0,0
BRDA:400,37,1,0
BRDA:403,38,0,0
BRDA:403,38,1,0
BRDA:414,39,0,0
BRDA:414,40,0,0
BRDA:414,40,1,0
BRDA:414,40,2,0
BRDA:417,41,0,0
BRDA:417,41,1,0
BRDA:428,42,0,0
BRDA:428,42,1,0
BRDA:429,43,0,0
BRDA:429,43,1,0
BRDA:452,44,0,0
BRF:76
BRH:2
end_of_record
TN:
SF:src\routes\airtime.routes.ts
FN:7,(anonymous_0)
FN:32,(anonymous_1)
FNF:2
FNH:0
FNDA:0,(anonymous_0)
FNDA:0,(anonymous_1)
DA:5,41
DA:7,41
DA:8,0
DA:9,0
DA:10,0
DA:11,0
DA:12,0
DA:14,0
DA:26,0
DA:28,0
DA:32,41
DA:33,0
DA:34,0
DA:35,0
DA:36,0
DA:37,0
DA:46,0
DA:48,0
LF:18
LH:3
BRDA:11,0,0,0
BRDA:11,1,0,0
BRDA:11,1,1,0
BRDA:11,1,2,0
BRDA:20,2,0,0
BRDA:20,2,1,0
BRDA:21,3,0,0
BRDA:21,3,1,0
BRDA:35,4,0,0
BRDA:35,4,1,0
BRDA:36,5,0,0
BRDA:36,5,1,0
BRF:12
BRH:0
end_of_record
TN:
SF:src\routes\analytics.routes.ts
FN:9,(anonymous_0)
FN:21,(anonymous_1)
FN:33,(anonymous_2)
FN:50,(anonymous_3)
FN:74,(anonymous_4)
FNF:5
FNH:0
FNDA:0,(anonymous_0)
FNDA:0,(anonymous_1)
FNDA:0,(anonymous_2)
FNDA:0,(anonymous_3)
FNDA:0,(anonymous_4)
DA:6,41
DA:9,41
DA:10,0
DA:11,0
DA:12,0
DA:13,0
DA:14,0
DA:16,0
DA:21,41
DA:22,0
DA:23,0
DA:24,0
DA:25,0
DA:26,0
DA:28,0
DA:33,41
DA:34,0
DA:35,0
DA:36,0
DA:37,0
DA:43,0
DA:45,0
DA:50,41
DA:51,0
DA:52,0
DA:53,0
DA:54,0
DA:56,0
DA:67,0
DA:69,0
DA:74,41
DA:75,0
DA:76,0
DA:77,0
DA:85,0
DA:87,0
LF:36
LH:6
BRDA:11,0,0,0
BRDA:11,0,1,0
BRDA:12,1,0,0
BRDA:12,1,1,0
BRDA:23,2,0,0
BRDA:23,2,1,0
BRDA:24,3,0,0
BRDA:24,3,1,0
BRDA:35,4,0,0
BRDA:35,4,1,0
BRDA:36,5,0,0
BRDA:36,5,1,0
BRDA:53,6,0,0
BRDA:53,7,0,0
BRDA:53,7,1,0
BRDA:59,8,0,0
BRDA:59,8,1,0
BRDA:60,9,0,0
BRDA:60,9,1,0
BRDA:61,10,0,0
BRDA:61,10,1,0
BRDA:62,11,0,0
BRDA:62,11,1,0
BRDA:63,12,0,0
BRDA:63,12,1,0
BRDA:64,13,0,0
BRDA:64,13,1,0
BRDA:65,14,0,0
BRDA:65,14,1,0
BRF:29
BRH:0
end_of_record
TN:
SF:src\routes\appointments.routes.ts
FN:10,(anonymous_0)
FN:31,(anonymous_1)
FN:45,(anonymous_2)
FN:80,(anonymous_3)
FNF:4
FNH:0
FNDA:0,(anonymous_0)
FNDA:0,(anonymous_1)
FNDA:0,(anonymous_2)
FNDA:0,(anonymous_3)
DA:8,41
DA:10,41
DA:11,0
DA:12,0
DA:13,0
DA:14,0
DA:15,0
DA:25,0
DA:27,0
DA:31,41
DA:32,0
DA:33,0
DA:34,0
DA:38,0
DA:39,0
DA:41,0
DA:45,41
DA:46,0
DA:47,0
DA:48,0
DA:49,0
DA:51,0
DA:52,0
DA:53,0
DA:54,0
DA:55,0
DA:56,0
DA:57,0
DA:58,0
DA:73,0
DA:75,0
DA:80,41
DA:81,0
DA:82,0
DA:83,0
DA:87,0
DA:88,0
DA:89,0
DA:90,0
DA:91,0
DA:92,0
DA:93,0
DA:95,0
DA:96,0
DA:97,0
DA:101,0
DA:103,0
LF:47
LH:5
BRDA:13,0,0,0
BRDA:13,0,1,0
BRDA:14,1,0,0
BRDA:14,1,1,0
BRDA:38,2,0,0
BRDA:48,3,0,0
BRDA:52,4,0,0
BRDA:55,5,0,0
BRDA:55,6,0,0
BRDA:55,6,1,0
BRDA:55,6,2,0
BRDA:57,7,0,0
BRDA:61,8,0,0
BRDA:61,8,1,0
BRDA:67,9,0,0
BRDA:67,9,1,0
BRDA:68,10,0,0
BRDA:68,10,1,0
BRDA:69,11,0,0
BRDA:69,11,1,0
BRDA:87,12,0,0
BRDA:90,13,0,0
BRDA:90,14,0,0
BRDA:90,14,1,0
BRDA:92,15,0,0
BRDA:92,16,0,0
BRDA:92,16,1,0
BRDA:96,17,0,0
BRDA:96,18,0,0
BRDA:96,18,1,0
BRDA:99,19,0,0
BRDA:99,19,1,0
BRF:32
BRH:0
end_of_record
TN:
SF:src\routes\auth.routes.ts
FN:9,(anonymous_0)
FN:30,(anonymous_1)
FN:46,(anonymous_2)
FN:70,(anonymous_3)
FN:84,(anonymous_4)
FN:104,(anonymous_5)
FN:194,(anonymous_6)
FN:214,(anonymous_7)
FNF:8
FNH:4
FNDA:14,(anonymous_0)
FNDA:166,(anonymous_1)
FNDA:2,(anonymous_2)
FNDA:2,(anonymous_3)
FNDA:0,(anonymous_4)
FNDA:0,(anonymous_5)
FNDA:0,(anonymous_6)
FNDA:0,(anonymous_7)
DA:6,41
DA:9,41
DA:10,14
DA:11,14
DA:13,14
DA:20,8
DA:25,6
DA:30,41
DA:31,166
DA:32,166
DA:34,166
DA:36,161
DA:41,5
DA:46,41
DA:47,2
DA:48,2
DA:49,2
DA:51,2
DA:52,0
DA:58,2
DA:60,1
DA:65,1
DA:70,41
DA:71,2
DA:72,2
DA:74,2
DA:79,0
DA:84,41
DA:85,0
DA:86,0
DA:87,0
DA:89,0
DA:90,0
DA:91,0
DA:94,0
DA:95,0
DA:96,0
DA:98,0
DA:99,0
DA:104,41
DA:105,0
DA:106,0
DA:108,0
DA:109,0
DA:110,0
DA:113,0
DA:114,0
DA:115,0
DA:119,0
DA:120,0
DA:121,0
DA:123,0
DA:124,0
DA:125,0
DA:129,0
DA:141,0
DA:142,0
DA:143,0
DA:144,0
DA:148,0
DA:152,0
DA:153,0
DA:154,0
DA:157,0
DA:159,0
DA:160,0
DA:161,0
DA:165,0
DA:173,0
DA:176,0
DA:177,0
DA:180,0
DA:181,0
DA:182,0
DA:183,0
DA:185,0
DA:186,0
DA:188,0
DA:189,0
DA:194,41
DA:195,0
DA:196,0
DA:197,0
DA:199,0
DA:200,0
DA:201,0
DA:204,0
DA:205,0
DA:206,0
DA:208,0
DA:209,0
DA:214,41
DA:215,0
DA:216,0
DA:217,0
DA:219,0
DA:220,0
DA:221,0
DA:224,0
DA:225,0
DA:226,0
DA:230,0
DA:231,0
DA:232,0
DA:234,0
DA:235,0
DA:236,0
DA:240,0
DA:242,0
DA:243,0
DA:244,0
DA:245,0
DA:248,0
DA:250,0
DA:251,0
DA:252,0
DA:256,0
DA:258,0
DA:259,0
DA:260,0
DA:263,0
DA:266,0
DA:274,0
DA:277,0
DA:278,0
DA:281,0
DA:282,0
DA:283,0
DA:284,0
DA:286,0
DA:287,0
DA:289,0
DA:290,0
LF:133
LH:29
BRDA:49,0,0,2
BRDA:49,0,1,0
BRDA:51,1,0,0
BRDA:86,2,0,0
BRDA:86,2,1,0
BRDA:87,3,0,0
BRDA:87,3,1,0
BRDA:89,4,0,0
BRDA:91,5,0,0
BRDA:91,5,1,0
BRDA:99,6,0,0
BRDA:99,6,1,0
BRDA:108,7,0,0
BRDA:110,8,0,0
BRDA:110,8,1,0
BRDA:113,9,0,0
BRDA:115,10,0,0
BRDA:115,10,1,0
BRDA:119,11,0,0
BRDA:119,11,1,0
BRDA:120,12,0,0
BRDA:120,12,1,0
BRDA:121,13,0,0
BRDA:121,13,1,0
BRDA:123,14,0,0
BRDA:123,15,0,0
BRDA:123,15,1,0
BRDA:125,16,0,0
BRDA:125,16,1,0
BRDA:142,17,0,0
BRDA:144,18,0,0
BRDA:144,18,1,0
BRDA:152,19,0,0
BRDA:154,20,0,0
BRDA:154,20,1,0
BRDA:159,21,0,0
BRDA:161,22,0,0
BRDA:161,22,1,0
BRDA:180,23,0,0
BRDA:180,23,1,0
BRDA:189,24,0,0
BRDA:189,24,1,0
BRDA:196,25,0,0
BRDA:196,25,1,0
BRDA:197,26,0,0
BRDA:197,26,1,0
BRDA:199,27,0,0
BRDA:201,28,0,0
BRDA:201,28,1,0
BRDA:209,29,0,0
BRDA:209,29,1,0
BRDA:219,30,0,0
BRDA:221,31,0,0
BRDA:221,31,1,0
BRDA:224,32,0,0
BRDA:226,33,0,0
BRDA:226,33,1,0
BRDA:230,34,0,0
BRDA:230,34,1,0
BRDA:231,35,0,0
BRDA:231,35,1,0
BRDA:232,36,0,0
BRDA:232,36,1,0
BRDA:234,37,0,0
BRDA:234,38,0,0
BRDA:234,38,1,0
BRDA:236,39,0,0
BRDA:236,39,1,0
BRDA:242,40,0,0
BRDA:245,41,0,0
BRDA:245,41,1,0
BRDA:250,42,0,0
BRDA:252,43,0,0
BRDA:252,43,1,0
BRDA:258,44,0,0
BRDA:260,45,0,0
BRDA:260,45,1,0
BRDA:267,46,0,0
BRDA:267,46,1,0
BRDA:281,47,0,0
BRDA:281,47,1,0
BRDA:290,48,0,0
BRDA:290,48,1,0
BRF:83
BRH:1
end_of_record
TN:
SF:src\routes\availability.routes.ts
FN:13,(anonymous_0)
FN:27,(anonymous_1)
FN:50,(anonymous_2)
FN:78,(anonymous_3)
FNF:4
FNH:0
FNDA:0,(anonymous_0)
FNDA:0,(anonymous_1)
FNDA:0,(anonymous_2)
FNDA:0,(anonymous_3)
DA:10,41
DA:13,41
DA:14,0
DA:15,0
DA:16,0
DA:17,0
DA:19,0
DA:20,0
DA:22,0
DA:27,41
DA:28,0
DA:29,0
DA:30,0
DA:31,0
DA:34,0
DA:35,0
DA:36,0
DA:42,0
DA:43,0
DA:45,0
DA:50,41
DA:51,0
DA:52,0
DA:53,0
DA:54,0
DA:57,0
DA:58,0
DA:59,0
DA:65,0
DA:71,0
DA:73,0
DA:78,41
DA:79,0
DA:80,0
DA:81,0
DA:82,0
DA:84,0
DA:85,0
DA:91,0
DA:92,0
DA:93,0
DA:95,0
LF:42
LH:5
BRDA:16,0,0,0
BRDA:16,0,1,0
BRDA:17,1,0,0
BRDA:17,1,1,0
BRDA:30,2,0,0
BRDA:30,3,0,0
BRDA:30,3,1,0
BRDA:35,4,0,0
BRDA:53,5,0,0
BRDA:53,6,0,0
BRDA:53,6,1,0
BRDA:58,7,0,0
BRDA:58,8,0,0
BRDA:58,8,1,0
BRDA:58,8,2,0
BRDA:82,9,0,0
BRDA:82,9,1,0
BRDA:84,10,0,0
BRF:18
BRH:0
end_of_record
TN:
SF:src\routes\bills.routes.ts
FN:8,(anonymous_0)
FN:23,(anonymous_1)
FN:51,(anonymous_2)
FNF:3
FNH:3
FNDA:1,(anonymous_0)
FNDA:2,(anonymous_1)
FNDA:1,(anonymous_2)
DA:5,41
DA:8,41
DA:9,1
DA:10,1
DA:11,1
DA:17,1
DA:19,0
DA:23,41
DA:24,2
DA:25,2
DA:26,2
DA:27,2
DA:28,1
DA:30,1
DA:45,1
DA:47,0
DA:51,41
DA:52,1
DA:53,1
DA:54,1
DA:55,1
DA:56,1
DA:65,1
DA:67,0
LF:24
LH:21
BRDA:27,0,0,1
BRDA:27,1,0,2
BRDA:27,1,1,1
BRDA:27,1,2,1
BRDA:27,1,3,1
BRDA:36,2,0,1
BRDA:36,2,1,0
BRDA:38,3,0,1
BRDA:38,3,1,0
BRDA:39,4,0,1
BRDA:39,4,1,0
BRDA:40,5,0,1
BRDA:40,5,1,0
BRDA:41,6,0,1
BRDA:41,6,1,0
BRDA:54,7,0,1
BRDA:54,7,1,0
BRDA:55,8,0,1
BRDA:55,8,1,0
BRF:19
BRH:12
end_of_record
TN:
SF:src\routes\bookings.routes.ts
FN:13,(anonymous_0)
FN:42,(anonymous_1)
FN:70,(anonymous_2)
FN:80,(anonymous_3)
FN:94,(anonymous_4)
FN:113,(anonymous_5)
FN:124,(anonymous_6)
FN:138,(anonymous_7)
FNF:8
FNH:1
FNDA:0,(anonymous_0)
FNDA:1,(anonymous_1)
FNDA:0,(anonymous_2)
FNDA:0,(anonymous_3)
FNDA:0,(anonymous_4)
FNDA:0,(anonymous_5)
FNDA:0,(anonymous_6)
FNDA:0,(anonymous_7)
DA:10,41
DA:13,41
DA:14,0
DA:15,0
DA:16,0
DA:18,0
DA:19,0
DA:25,0
DA:35,0
DA:37,0
DA:42,41
DA:43,1
DA:44,1
DA:45,1
DA:46,1
DA:47,1
DA:48,1
DA:50,1
DA:51,1
DA:52,1
DA:54,0
DA:55,0
DA:56,0
DA:58,0
DA:60,1
DA:62,1
DA:63,1
DA:65,0
DA:70,41
DA:71,0
DA:72,0
DA:73,0
DA:75,0
DA:80,41
DA:81,0
DA:82,0
DA:83,0
DA:84,0
DA:86,0
DA:87,0
DA:89,0
DA:94,41
DA:95,0
DA:96,0
DA:97,0
DA:98,0
DA:100,0
DA:106,0
DA:108,0
DA:113,41
DA:114,0
DA:115,0
DA:116,0
DA:117,0
DA:119,0
DA:124,41
DA:125,0
DA:126,0
DA:127,0
DA:128,0
DA:130,0
DA:131,0
DA:133,0
DA:138,41
DA:139,0
DA:140,0
DA:141,0
DA:142,0
DA:144,0
LF:69
LH:21
BRDA:18,0,0,0
BRDA:18,1,0,0
BRDA:18,1,1,0
BRDA:18,1,2,0
BRDA:18,1,3,0
BRDA:18,1,4,0
BRDA:45,2,0,1
BRDA:45,2,1,0
BRDA:46,3,0,1
BRDA:46,3,1,0
BRDA:47,4,0,1
BRDA:47,4,1,0
BRDA:51,5,0,1
BRDA:51,5,1,0
BRDA:55,6,0,0
BRDA:60,7,0,0
BRDA:83,8,0,0
BRDA:97,9,0,0
BRDA:116,10,0,0
BRDA:116,10,1,0
BRDA:127,11,0,0
BRDA:141,12,0,0
BRDA:141,12,1,0
BRF:23
BRH:4
end_of_record
TN:
SF:src\routes\calls.routes.ts
FN:9,(anonymous_0)
FN:37,(anonymous_1)
FNF:2
FNH:0
FNDA:0,(anonymous_0)
FNDA:0,(anonymous_1)
DA:6,41
DA:9,41
DA:10,0
DA:11,0
DA:12,0
DA:14,0
DA:15,0
DA:21,0
DA:26,0
DA:32,0
DA:37,41
DA:38,0
DA:39,0
DA:40,0
DA:42,0
DA:43,0
DA:49,0
DA:51,0
DA:57,0
LF:19
LH:3
BRDA:14,0,0,0
BRDA:14,1,0,0
BRDA:14,1,1,0
BRDA:42,2,0,0
BRF:4
BRH:0
end_of_record
TN:
SF:src\routes\cart.routes.ts
FN:9,(anonymous_0)
FN:19,(anonymous_1)
FN:29,(anonymous_2)
FN:40,(anonymous_3)
FN:50,(anonymous_4)
FN:61,(anonymous_5)
FN:71,(anonymous_6)
FNF:7
FNH:6
FNDA:3,(anonymous_0)
FNDA:1,(anonymous_1)
FNDA:6,(anonymous_2)
FNDA:2,(anonymous_3)
FNDA:2,(anonymous_4)
FNDA:1,(anonymous_5)
FNDA:0,(anonymous_6)
DA:6,41
DA:9,41
DA:10,3
DA:11,3
DA:12,3
DA:14,0
DA:19,41
DA:20,1
DA:21,1
DA:22,1
DA:24,0
DA:29,41
DA:30,6
DA:31,6
DA:32,6
DA:33,5
DA:35,1
DA:40,41
DA:41,2
DA:42,2
DA:43,2
DA:45,0
DA:50,41
DA:51,2
DA:52,2
DA:53,2
DA:54,2
DA:56,0
DA:61,41
DA:62,1
DA:63,1
DA:64,1
DA:66,0
DA:71,41
DA:72,0
DA:73,0
DA:74,0
DA:75,0
DA:77,0
LF:39
LH:29
BRF:0
BRH:0
end_of_record
TN:
SF:src\routes\certificates.routes.ts
FN:9,(anonymous_0)
FN:20,(anonymous_1)
FN:34,(anonymous_2)
FN:48,(anonymous_3)
FN:76,(anonymous_4)
FNF:5
FNH:2
FNDA:1,(anonymous_0)
FNDA:1,(anonymous_1)
FNDA:0,(anonymous_2)
FNDA:0,(anonymous_3)
FNDA:0,(anonymous_4)
DA:6,41
DA:9,41
DA:10,1
DA:11,1
DA:12,1
DA:13,1
DA:15,0
DA:20,41
DA:21,1
DA:22,1
DA:23,1
DA:24,1
DA:25,1
DA:27,0
DA:29,0
DA:34,41
DA:35,0
DA:36,0
DA:37,0
DA:38,0
DA:39,0
DA:40,0
DA:41,0
DA:43,0
DA:48,41
DA:49,0
DA:50,0
DA:51,0
DA:52,0
DA:54,0
DA:55,0
DA:61,0
DA:65,0
DA:71,0
DA:76,41
DA:77,0
DA:78,0
DA:79,0
DA:81,0
DA:87,0
LF:40
LH:15
BRDA:24,0,0,1
BRDA:54,1,0,0
BRF:2
BRH:1
end_of_record
TN:
SF:src\routes\challenges.routes.ts
FN:9,(anonymous_0)
FN:28,(anonymous_1)
FN:51,(anonymous_2)
FN:80,(anonymous_3)
FNF:4
FNH:1
FNDA:2,(anonymous_0)
FNDA:0,(anonymous_1)
FNDA:0,(anonymous_2)
FNDA:0,(anonymous_3)
DA:6,41
DA:9,41
DA:10,2
DA:11,2
DA:12,2
DA:13,2
DA:14,2
DA:16,2
DA:18,2
DA:23,0
DA:28,41
DA:29,0
DA:30,0
DA:31,0
DA:33,0
DA:41,0
DA:46,0
DA:51,41
DA:52,0
DA:53,0
DA:54,0
DA:55,0
DA:57,0
DA:58,0
DA:64,0
DA:69,0
DA:75,0
DA:80,41
DA:81,0
DA:82,0
DA:83,0
DA:85,0
DA:91,0
LF:33
LH:12
BRDA:11,0,0,2
BRDA:11,0,1,1
BRDA:12,1,0,2
BRDA:12,1,1,1
BRDA:57,2,0,0
BRDA:57,3,0,0
BRDA:57,3,1,0
BRF:7
BRH:4
end_of_record
TN:
SF:src\routes\civic.routes.ts
FN:18,(anonymous_0)
FN:40,(anonymous_1)
FN:52,(anonymous_2)
FN:64,(anonymous_3)
FN:77,(anonymous_4)
FN:92,(anonymous_5)
FN:120,(anonymous_6)
FN:145,(anonymous_7)
FN:158,(anonymous_8)
FN:172,(anonymous_9)
FN:184,(anonymous_10)
FN:195,(anonymous_11)
FN:207,(anonymous_12)
FN:219,(anonymous_13)
FN:238,(anonymous_14)
FN:268,(anonymous_15)
FNF:16
FNH:2
FNDA:2,(anonymous_0)
FNDA:1,(anonymous_1)
FNDA:0,(anonymous_2)
FNDA:0,(anonymous_3)
FNDA:0,(anonymous_4)
FNDA:0,(anonymous_5)
FNDA:0,(anonymous_6)
FNDA:0,(anonymous_7)
FNDA:0,(anonymous_8)
FNDA:0,(anonymous_9)
FNDA:0,(anonymous_10)
FNDA:0,(anonymous_11)
FNDA:0,(anonymous_12)
FNDA:0,(anonymous_13)
FNDA:0,(anonymous_14)
FNDA:0,(anonymous_15)
DA:8,41
DA:15,41
DA:18,41
DA:19,2
DA:20,2
DA:21,2
DA:22,2
DA:23,2
DA:24,2
DA:25,2
DA:26,2
DA:28,2
DA:30,2
DA:35,0
DA:40,41
DA:41,1
DA:42,1
DA:43,1
DA:44,1
DA:45,1
DA:47,0
DA:52,41
DA:53,0
DA:54,0
DA:55,0
DA:56,0
DA:57,0
DA:59,0
DA:64,41
DA:65,0
DA:66,0
DA:67,0
DA:68,0
DA:69,0
DA:70,0
DA:72,0
DA:77,41
DA:78,0
DA:79,0
DA:80,0
DA:82,0
DA:87,0
DA:92,41
DA:93,0
DA:94,0
DA:95,0
DA:97,0
DA:110,0
DA:115,0
DA:120,41
DA:121,0
DA:122,0
DA:123,0
DA:124,0
DA:125,0
DA:127,0
DA:135,0
DA:140,0
DA:145,41
DA:146,0
DA:147,0
DA:148,0
DA:149,0
DA:150,0
DA:151,0
DA:153,0
DA:158,41
DA:159,0
DA:160,0
DA:161,0
DA:162,0
DA:163,0
DA:164,0
DA:165,0
DA:167,0
DA:172,41
DA:173,0
DA:174,0
DA:175,0
DA:176,0
DA:177,0
DA:179,0
DA:184,41
DA:185,0
DA:186,0
DA:187,0
DA:188,0
DA:190,0
DA:195,41
DA:196,0
DA:197,0
DA:198,0
DA:199,0
DA:200,0
DA:202,0
DA:207,41
DA:208,0
DA:209,0
DA:210,0
DA:211,0
DA:212,0
DA:214,0
DA:219,41
DA:220,0
DA:221,0
DA:222,0
DA:223,0
DA:224,0
DA:225,0
DA:231,0
DA:233,0
DA:238,41
DA:239,0
DA:240,0
DA:241,0
DA:242,0
DA:244,0
DA:245,0
DA:251,0
DA:257,0
DA:263,0
DA:268,41
DA:269,0
DA:270,0
DA:271,0
DA:273,0
DA:279,0
LF:127
LH:33
BRDA:20,0,0,2
BRDA:20,0,1,1
BRDA:21,1,0,2
BRDA:21,1,1,1
BRDA:43,2,0,1
BRDA:43,2,1,0
BRDA:67,3,0,0
BRDA:67,3,1,0
BRDA:68,4,0,0
BRDA:68,4,1,0
BRDA:101,5,0,0
BRDA:101,5,1,0
BRDA:125,6,0,0
BRDA:125,6,1,0
BRDA:125,6,2,0
BRDA:148,7,0,0
BRDA:148,7,1,0
BRDA:149,8,0,0
BRDA:149,8,1,0
BRDA:163,9,0,0
BRDA:224,10,0,0
BRDA:244,11,0,0
BRDA:244,12,0,0
BRDA:244,12,1,0
BRF:24
BRH:5
end_of_record
TN:
SF:src\routes\comments.routes.ts
FN:9,(anonymous_0)
FN:27,(anonymous_1)
FNF:2
FNH:2
FNDA:1,(anonymous_0)
FNDA:1,(anonymous_1)
DA:6,41
DA:9,41
DA:10,1
DA:11,1
DA:12,1
DA:13,1
DA:15,1
DA:17,1
DA:22,0
DA:27,41
DA:28,1
DA:29,1
DA:30,1
DA:32,1
DA:34,1
DA:39,0
LF:16
LH:14
BRF:0
BRH:0
end_of_record
TN:
SF:src\routes\commissions.routes.ts
FN:12,(anonymous_0)
FN:25,(anonymous_1)
FNF:2
FNH:1
FNDA:1,(anonymous_0)
FNDA:0,(anonymous_1)
DA:9,41
DA:12,41
DA:13,1
DA:25,41
DA:26,0
DA:27,0
DA:28,0
DA:29,0
DA:30,0
DA:32,0
DA:46,0
DA:47,0
DA:54,0
DA:56,0
DA:58,0
DA:59,0
DA:60,0
DA:61,0
DA:62,0
DA:63,0
DA:64,0
DA:65,0
DA:66,0
DA:68,0
DA:70,0
DA:71,0
DA:72,0
DA:73,0
DA:74,0
DA:75,0
DA:77,0
DA:79,0
DA:80,0
DA:81,0
DA:83,0
DA:85,0
DA:86,0
DA:87,0
DA:88,0
DA:89,0
DA:90,0
DA:92,0
DA:94,0
DA:95,0
DA:96,0
DA:97,0
DA:98,0
DA:99,0
DA:101,0
DA:103,0
DA:104,0
DA:105,0
DA:106,0
DA:107,0
DA:108,0
DA:110,0
DA:112,0
DA:113,0
DA:114,0
DA:115,0
DA:116,0
DA:117,0
DA:119,0
DA:121,0
DA:122,0
DA:123,0
DA:124,0
DA:125,0
DA:126,0
DA:128,0
DA:130,0
DA:131,0
DA:132,0
DA:134,0
DA:136,0
DA:137,0
DA:138,0
DA:140,0
DA:142,0
DA:143,0
DA:144,0
DA:145,0
DA:146,0
DA:147,0
DA:149,0
DA:152,0
DA:153,0
DA:156,0
DA:167,0
LF:89
LH:4
BRDA:29,0,0,0
BRDA:29,0,1,0
BRDA:30,1,0,0
BRDA:30,1,1,0
BRDA:46,2,0,0
BRDA:46,3,0,0
BRDA:46,3,1,0
BRDA:56,4,0,0
BRDA:56,4,1,0
BRDA:56,4,2,0
BRDA:56,4,3,0
BRDA:56,4,4,0
BRDA:56,4,5,0
BRDA:56,4,6,0
BRDA:56,4,7,0
BRDA:56,4,8,0
BRDA:56,4,9,0
BRDA:56,4,10,0
BRDA:58,5,0,0
BRDA:58,5,1,0
BRDA:61,6,0,0
BRDA:61,6,1,0
BRDA:64,7,0,0
BRDA:70,8,0,0
BRDA:70,8,1,0
BRDA:73,9,0,0
BRDA:79,10,0,0
BRDA:85,11,0,0
BRDA:85,11,1,0
BRDA:88,12,0,0
BRDA:94,13,0,0
BRDA:94,13,1,0
BRDA:97,14,0,0
BRDA:98,15,0,0
BRDA:98,15,1,0
BRDA:103,16,0,0
BRDA:103,16,1,0
BRDA:106,17,0,0
BRDA:112,18,0,0
BRDA:112,18,1,0
BRDA:115,19,0,0
BRDA:121,20,0,0
BRDA:121,20,1,0
BRDA:124,21,0,0
BRDA:130,22,0,0
BRDA:136,23,0,0
BRDA:142,24,0,0
BRDA:142,24,1,0
BRDA:145,25,0,0
BRDA:152,26,0,0
BRF:50
BRH:0
end_of_record
TN:
SF:src\routes\communities.routes.ts
FN:9,(anonymous_0)
FN:25,(anonymous_1)
FN:35,(anonymous_2)
FN:53,(anonymous_3)
FN:63,(anonymous_4)
FNF:5
FNH:4
FNDA:2,(anonymous_0)
FNDA:1,(anonymous_1)
FNDA:1,(anonymous_2)
FNDA:1,(anonymous_3)
FNDA:0,(anonymous_4)
DA:6,41
DA:9,41
DA:10,2
DA:11,2
DA:12,2
DA:13,2
DA:14,2
DA:15,2
DA:16,2
DA:17,2
DA:18,2
DA:20,0
DA:25,41
DA:26,1
DA:27,1
DA:28,1
DA:30,0
DA:35,41
DA:36,1
DA:37,1
DA:38,1
DA:46,1
DA:48,0
DA:53,41
DA:54,1
DA:55,1
DA:56,1
DA:58,0
DA:63,41
DA:64,0
DA:65,0
DA:66,0
DA:68,0
LF:33
LH:25
BRDA:11,0,0,2
BRDA:11,0,1,2
BRDA:12,1,0,2
BRDA:12,1,1,2
BRDA:14,2,0,0
BRDA:15,3,0,0
BRDA:16,4,0,0
BRF:7
BRH:4
end_of_record
TN:
SF:src\routes\courses.routes.ts
FN:9,(anonymous_0)
FN:36,(anonymous_1)
FN:48,(anonymous_2)
FN:61,(anonymous_3)
FN:72,(anonymous_4)
FN:90,(anonymous_5)
FN:103,(anonymous_6)
FN:118,(anonymous_7)
FN:147,(anonymous_8)
FN:166,(anonymous_9)
FN:178,(anonymous_10)
FN:190,(anonymous_11)
FN:206,(anonymous_12)
FN:221,(anonymous_13)
FN:234,(anonymous_14)
FN:249,(anonymous_15)
FNF:16
FNH:3
FNDA:2,(anonymous_0)
FNDA:0,(anonymous_1)
FNDA:1,(anonymous_2)
FNDA:1,(anonymous_3)
FNDA:0,(anonymous_4)
FNDA:0,(anonymous_5)
FNDA:0,(anonymous_6)
FNDA:0,(anonymous_7)
FNDA:0,(anonymous_8)
FNDA:0,(anonymous_9)
FNDA:0,(anonymous_10)
FNDA:0,(anonymous_11)
FNDA:0,(anonymous_12)
FNDA:0,(anonymous_13)
FNDA:0,(anonymous_14)
FNDA:0,(anonymous_15)
DA:6,41
DA:9,41
DA:10,2
DA:11,2
DA:12,2
DA:13,2
DA:14,2
DA:15,2
DA:16,2
DA:17,2
DA:18,2
DA:20,2
DA:29,2
DA:31,0
DA:36,41
DA:37,0
DA:38,0
DA:39,0
DA:40,0
DA:41,0
DA:43,0
DA:48,41
DA:49,1
DA:50,1
DA:51,1
DA:52,1
DA:53,1
DA:54,1
DA:56,0
DA:61,41
DA:62,1
DA:63,1
DA:64,1
DA:65,1
DA:67,0
DA:72,41
DA:73,0
DA:74,0
DA:75,0
DA:76,0
DA:77,0
DA:78,0
DA:80,0
DA:85,0
DA:90,41
DA:91,0
DA:92,0
DA:93,0
DA:94,0
DA:95,0
DA:96,0
DA:98,0
DA:103,41
DA:104,0
DA:105,0
DA:106,0
DA:108,0
DA:113,0
DA:118,41
DA:119,0
DA:120,0
DA:121,0
DA:123,0
DA:137,0
DA:142,0
DA:147,41
DA:148,0
DA:149,0
DA:150,0
DA:151,0
DA:153,0
DA:155,0
DA:161,0
DA:166,41
DA:167,0
DA:168,0
DA:169,0
DA:170,0
DA:171,0
DA:173,0
DA:178,41
DA:179,0
DA:180,0
DA:181,0
DA:182,0
DA:183,0
DA:185,0
DA:190,41
DA:191,0
DA:192,0
DA:193,0
DA:194,0
DA:195,0
DA:196,0
DA:198,0
DA:199,0
DA:201,0
DA:206,41
DA:207,0
DA:208,0
DA:209,0
DA:210,0
DA:211,0
DA:213,0
DA:214,0
DA:216,0
DA:221,41
DA:222,0
DA:223,0
DA:224,0
DA:225,0
DA:226,0
DA:227,0
DA:229,0
DA:234,41
DA:235,0
DA:236,0
DA:237,0
DA:238,0
DA:239,0
DA:240,0
DA:241,0
DA:242,0
DA:244,0
DA:249,41
DA:250,0
DA:251,0
DA:252,0
DA:254,0
DA:260,0
LF:130
LH:38
BRDA:11,0,0,2
BRDA:11,0,1,1
BRDA:12,1,0,2
BRDA:12,1,1,1
BRDA:15,2,0,0
BRDA:15,2,1,2
BRDA:17,3,0,2
BRDA:17,3,1,2
BRDA:18,4,0,2
BRDA:18,4,1,2
BRDA:39,5,0,0
BRDA:39,5,1,0
BRDA:51,6,0,1
BRDA:51,6,1,0
BRDA:52,7,0,1
BRDA:52,7,1,0
BRDA:77,8,0,0
BRDA:93,9,0,0
BRDA:93,9,1,0
BRDA:94,10,0,0
BRDA:94,10,1,0
BRDA:153,11,0,0
BRDA:153,11,1,0
BRDA:158,12,0,0
BRDA:158,12,1,0
BRDA:195,13,0,0
BRDA:195,14,0,0
BRDA:195,14,1,0
BRDA:210,15,0,0
BRDA:241,16,0,0
BRF:30
BRH:11
end_of_record
TN:
SF:src\routes\crowdfunding.routes.ts
FN:9,(anonymous_0)
FN:28,(anonymous_1)
FN:43,(anonymous_2)
FN:65,(anonymous_3)
FN:95,(anonymous_4)
FN:111,(anonymous_5)
FN:123,(anonymous_6)
FNF:7
FNH:2
FNDA:2,(anonymous_0)
FNDA:1,(anonymous_1)
FNDA:0,(anonymous_2)
FNDA:0,(anonymous_3)
FNDA:0,(anonymous_4)
FNDA:0,(anonymous_5)
FNDA:0,(anonymous_6)
DA:6,41
DA:9,41
DA:10,2
DA:11,2
DA:12,2
DA:13,2
DA:14,2
DA:16,2
DA:18,2
DA:23,0
DA:28,41
DA:29,1
DA:30,1
DA:31,1
DA:33,1
DA:38,0
DA:43,41
DA:44,0
DA:45,0
DA:46,0
DA:48,0
DA:55,0
DA:60,0
DA:65,41
DA:66,0
DA:67,0
DA:68,0
DA:69,0
DA:71,0
DA:72,0
DA:78,0
DA:84,0
DA:90,0
DA:95,41
DA:96,0
DA:97,0
DA:98,0
DA:100,0
DA:106,0
DA:111,41
DA:112,0
DA:113,0
DA:114,0
DA:115,0
DA:116,0
DA:118,0
DA:123,41
DA:124,0
DA:125,0
DA:126,0
DA:127,0
DA:128,0
DA:130,0
LF:53
LH:19
BRDA:11,0,0,2
BRDA:11,0,1,1
BRDA:12,1,0,2
BRDA:12,1,1,1
BRDA:71,2,0,0
BRDA:71,3,0,0
BRDA:71,3,1,0
BRDA:114,4,0,0
BRDA:114,4,1,0
BRDA:114,4,2,0
BRF:10
BRH:4
end_of_record
TN:
SF:src\routes\disputes.routes.ts
FN:9,(anonymous_0)
FN:25,(anonymous_1)
FN:41,(anonymous_2)
FN:53,(anonymous_3)
FN:70,(anonymous_4)
FNF:5
FNH:2
FNDA:1,(anonymous_0)
FNDA:1,(anonymous_1)
FNDA:0,(anonymous_2)
FNDA:0,(anonymous_3)
FNDA:0,(anonymous_4)
DA:6,41
DA:9,41
DA:10,1
DA:11,1
DA:12,1
DA:13,1
DA:18,1
DA:20,0
DA:25,41
DA:26,1
DA:27,1
DA:28,1
DA:29,1
DA:30,1
DA:34,1
DA:36,0
DA:41,41
DA:42,0
DA:43,0
DA:44,0
DA:45,0
DA:46,0
DA:48,0
DA:53,41
DA:54,0
DA:55,0
DA:56,0
DA:57,0
DA:58,0
DA:63,0
DA:65,0
DA:70,41
DA:71,0
DA:72,0
DA:74,0
DA:75,0
DA:76,0
DA:81,0
DA:83,0
LF:39
LH:17
BRDA:28,0,0,1
BRDA:28,0,1,1
BRDA:61,1,0,0
BRDA:61,1,1,0
BRF:4
BRH:2
end_of_record
TN:
SF:src\routes\doctors.routes.ts
FN:8,(anonymous_0)
FN:32,(anonymous_1)
FN:43,(anonymous_2)
FNF:3
FNH:1
FNDA:1,(anonymous_0)
FNDA:0,(anonymous_1)
FNDA:0,(anonymous_2)
DA:6,41
DA:8,41
DA:9,1
DA:10,1
DA:11,1
DA:12,1
DA:13,1
DA:14,1
DA:15,1
DA:16,1
DA:17,1
DA:26,1
DA:28,0
DA:32,41
DA:33,0
DA:34,0
DA:35,0
DA:36,0
DA:37,0
DA:39,0
DA:43,41
DA:44,0
DA:45,0
DA:46,0
DA:47,0
DA:48,0
DA:49,0
DA:62,0
DA:64,0
LF:29
LH:14
BRDA:12,0,0,1
BRDA:12,0,1,1
BRDA:13,1,0,1
BRDA:13,1,1,1
BRDA:15,2,0,0
BRDA:16,3,0,0
BRDA:36,4,0,0
BRDA:48,5,0,0
BRDA:48,6,0,0
BRDA:48,6,1,0
BRDA:48,6,2,0
BRDA:52,7,0,0
BRDA:52,7,1,0
BRDA:52,7,2,0
BRDA:55,8,0,0
BRDA:55,8,1,0
BRDA:56,9,0,0
BRDA:56,9,1,0
BRDA:57,10,0,0
BRDA:57,10,1,0
BRDA:58,11,0,0
BRDA:58,11,1,0
BRDA:59,12,0,0
BRDA:59,12,1,0
BRF:24
BRH:4
end_of_record
TN:
SF:src\routes\drivers.routes.ts
FN:13,(anonymous_0)
FN:36,(anonymous_1)
FN:56,(anonymous_2)
FN:63,(anonymous_3)
FN:64,(anonymous_4)
FN:77,(anonymous_5)
FN:92,(anonymous_6)
FN:166,(anonymous_7)
FNF:8
FNH:1
FNDA:1,(anonymous_0)
FNDA:0,(anonymous_1)
FNDA:0,(anonymous_2)
FNDA:0,(anonymous_3)
FNDA:0,(anonymous_4)
FNDA:0,(anonymous_5)
FNDA:0,(anonymous_6)
FNDA:0,(anonymous_7)
DA:10,41
DA:13,41
DA:14,1
DA:15,1
DA:16,1
DA:17,1
DA:18,1
DA:19,1
DA:21,1
DA:22,1
DA:23,0
DA:25,1
DA:26,0
DA:27,0
DA:30,1
DA:36,1
DA:54,1
DA:55,0
DA:57,0
DA:58,0
DA:59,0
DA:61,0
DA:63,0
DA:64,0
DA:67,1
DA:70,1
DA:72,0
DA:77,41
DA:78,0
DA:79,0
DA:82,0
DA:83,0
DA:85,0
DA:87,0
DA:92,41
DA:93,0
DA:94,0
DA:95,0
DA:113,0
DA:115,0
DA:116,0
DA:119,0
DA:159,0
DA:161,0
DA:166,41
DA:167,0
DA:168,0
DA:169,0
DA:173,0
DA:174,0
DA:176,0
DA:178,0
LF:52
LH:19
BRDA:15,0,0,0
BRDA:15,0,1,1
BRDA:16,1,0,0
BRDA:16,1,1,1
BRDA:17,2,0,1
BRDA:17,2,1,1
BRDA:18,3,0,1
BRDA:18,3,1,1
BRDA:19,4,0,1
BRDA:19,4,1,1
BRDA:22,5,0,0
BRDA:22,6,0,1
BRDA:22,6,1,0
BRDA:25,7,0,0
BRDA:25,8,0,1
BRDA:25,8,1,0
BRDA:41,9,0,0
BRDA:41,9,1,0
BRDA:54,10,0,0
BRDA:54,10,1,1
BRDA:54,11,0,1
BRDA:54,11,1,0
BRDA:54,11,2,0
BRDA:57,12,0,0
BRDA:57,13,0,0
BRDA:57,13,1,0
BRDA:63,14,0,0
BRDA:63,14,1,0
BRDA:64,15,0,0
BRDA:64,15,1,0
BRDA:64,16,0,0
BRDA:64,16,1,0
BRDA:82,17,0,0
BRDA:115,18,0,0
BRDA:115,19,0,0
BRDA:115,19,1,0
BRDA:115,19,2,0
BRDA:123,20,0,0
BRDA:123,20,1,0
BRDA:123,20,2,0
BRDA:125,21,0,0
BRDA:125,21,1,0
BRDA:126,22,0,0
BRDA:126,22,1,0
BRDA:127,23,0,0
BRDA:127,23,1,0
BRDA:128,24,0,0
BRDA:128,24,1,0
BRDA:129,25,0,0
BRDA:129,25,1,0
BRDA:130,26,0,0
BRDA:130,26,1,0
BRDA:132,27,0,0
BRDA:132,27,1,0
BRDA:133,28,0,0
BRDA:133,28,1,0
BRDA:134,29,0,0
BRDA:134,29,1,0
BRDA:135,30,0,0
BRDA:135,30,1,0
BRDA:136,31,0,0
BRDA:136,31,1,0
BRDA:137,32,0,0
BRDA:137,32,1,0
BRDA:138,33,0,0
BRDA:138,33,1,0
BRDA:141,34,0,0
BRDA:141,34,1,0
BRDA:142,35,0,0
BRDA:142,35,1,0
BRDA:143,36,0,0
BRDA:143,36,1,0
BRDA:144,37,0,0
BRDA:144,37,1,0
BRDA:145,38,0,0
BRDA:145,38,1,0
BRDA:145,39,0,0
BRDA:145,39,1,0
BRDA:146,40,0,0
BRDA:146,40,1,0
BRDA:147,41,0,0
BRDA:147,41,1,0
BRDA:148,42,0,0
BRDA:148,42,1,0
BRDA:149,43,0,0
BRDA:149,43,1,0
BRDA:150,44,0,0
BRDA:150,44,1,0
BRDA:151,45,0,0
BRDA:151,45,1,0
BRDA:151,46,0,0
BRDA:151,46,1,0
BRDA:152,47,0,0
BRDA:152,47,1,0
BRDA:153,48,0,0
BRDA:153,48,1,0
BRDA:154,49,0,0
BRDA:154,49,1,0
BRDA:154,50,0,0
BRDA:154,50,1,0
BRDA:155,51,0,0
BRDA:155,51,1,0
BRDA:155,52,0,0
BRDA:155,52,1,0
BRDA:156,53,0,0
BRDA:156,53,1,0
BRDA:156,54,0,0
BRDA:156,54,1,0
BRDA:173,55,0,0
BRF:109
BRH:12
end_of_record
TN:
SF:src\routes\events.routes.ts
FN:20,(anonymous_0)
FN:24,(anonymous_1)
FN:38,(anonymous_2)
FN:65,(anonymous_3)
FN:76,(anonymous_4)
FN:90,(anonymous_5)
FN:102,(anonymous_6)
FN:114,(anonymous_7)
FN:152,(anonymous_8)
FN:164,(anonymous_9)
FN:176,(anonymous_10)
FN:190,(anonymous_11)
FN:214,(anonymous_12)
FN:215,(anonymous_13)
FN:228,(anonymous_14)
FN:240,(anonymous_15)
FN:253,(anonymous_16)
FN:265,(anonymous_17)
FN:277,(anonymous_18)
FN:291,(anonymous_19)
FN:307,(anonymous_20)
FN:321,(anonymous_21)
FN:337,(anonymous_22)
FN:349,(anonymous_23)
FN:361,(anonymous_24)
FN:374,(anonymous_25)
FN:390,(anonymous_26)
FN:404,(anonymous_27)
FN:416,(anonymous_28)
FNF:29
FNH:2
FNDA:0,(anonymous_0)
FNDA:0,(anonymous_1)
FNDA:2,(anonymous_2)
FNDA:1,(anonymous_3)
FNDA:0,(anonymous_4)
FNDA:0,(anonymous_5)
FNDA:0,(anonymous_6)
FNDA:0,(anonymous_7)
FNDA:0,(anonymous_8)
FNDA:0,(anonymous_9)
FNDA:0,(anonymous_10)
FNDA:0,(anonymous_11)
FNDA:0,(anonymous_12)
FNDA:0,(anonymous_13)
FNDA:0,(anonymous_14)
FNDA:0,(anonymous_15)
FNDA:0,(anonymous_16)
FNDA:0,(anonymous_17)
FNDA:0,(anonymous_18)
FNDA:0,(anonymous_19)
FNDA:0,(anonymous_20)
FNDA:0,(anonymous_21)
FNDA:0,(anonymous_22)
FNDA:0,(anonymous_23)
FNDA:0,(anonymous_24)
FNDA:0,(anonymous_25)
FNDA:0,(anonymous_26)
FNDA:0,(anonymous_27)
FNDA:0,(anonymous_28)
DA:12,41
DA:14,41
DA:20,0
DA:24,41
DA:25,0
DA:26,0
DA:27,0
DA:28,0
DA:30,0
DA:31,0
DA:33,0
DA:38,41
DA:39,2
DA:40,2
DA:41,2
DA:42,2
DA:43,2
DA:44,2
DA:45,2
DA:46,2
DA:47,2
DA:49,2
DA:58,2
DA:60,0
DA:65,41
DA:66,1
DA:67,1
DA:68,1
DA:69,1
DA:71,0
DA:76,41
DA:77,0
DA:78,0
DA:79,0
DA:80,0
DA:82,0
DA:83,0
DA:85,0
DA:90,41
DA:91,0
DA:92,0
DA:93,0
DA:94,0
DA:95,0
DA:97,0
DA:102,41
DA:103,0
DA:104,0
DA:105,0
DA:106,0
DA:107,0
DA:109,0
DA:114,41
DA:115,0
DA:116,0
DA:117,0
DA:118,0
DA:119,0
DA:120,0
DA:121,0
DA:124,0
DA:145,0
DA:147,0
DA:152,41
DA:153,0
DA:154,0
DA:155,0
DA:156,0
DA:157,0
DA:159,0
DA:164,41
DA:165,0
DA:166,0
DA:167,0
DA:168,0
DA:169,0
DA:171,0
DA:176,41
DA:177,0
DA:178,0
DA:179,0
DA:180,0
DA:181,0
DA:182,0
DA:183,0
DA:185,0
DA:190,41
DA:191,0
DA:192,0
DA:193,0
DA:194,0
DA:195,0
DA:196,0
DA:198,0
DA:199,0
DA:200,0
DA:201,0
DA:202,0
DA:204,0
DA:213,0
DA:214,0
DA:215,0
DA:217,0
DA:223,0
DA:228,41
DA:229,0
DA:230,0
DA:231,0
DA:232,0
DA:233,0
DA:235,0
DA:240,41
DA:241,0
DA:242,0
DA:243,0
DA:244,0
DA:245,0
DA:246,0
DA:248,0
DA:253,41
DA:254,0
DA:255,0
DA:256,0
DA:257,0
DA:258,0
DA:260,0
DA:265,41
DA:266,0
DA:267,0
DA:268,0
DA:269,0
DA:270,0
DA:272,0
DA:277,41
DA:278,0
DA:279,0
DA:280,0
DA:281,0
DA:282,0
DA:283,0
DA:284,0
DA:286,0
DA:291,41
DA:292,0
DA:293,0
DA:294,0
DA:295,0
DA:296,0
DA:297,0
DA:299,0
DA:300,0
DA:302,0
DA:307,41
DA:308,0
DA:309,0
DA:310,0
DA:311,0
DA:312,0
DA:313,0
DA:314,0
DA:316,0
DA:321,41
DA:322,0
DA:323,0
DA:324,0
DA:325,0
DA:326,0
DA:327,0
DA:329,0
DA:330,0
DA:332,0
DA:337,41
DA:338,0
DA:339,0
DA:340,0
DA:341,0
DA:342,0
DA:344,0
DA:349,41
DA:350,0
DA:351,0
DA:352,0
DA:353,0
DA:354,0
DA:356,0
DA:361,41
DA:362,0
DA:363,0
DA:364,0
DA:365,0
DA:366,0
DA:367,0
DA:369,0
DA:374,41
DA:375,0
DA:376,0
DA:377,0
DA:378,0
DA:379,0
DA:380,0
DA:382,0
DA:383,0
DA:385,0
DA:390,41
DA:391,0
DA:392,0
DA:393,0
DA:394,0
DA:395,0
DA:396,0
DA:397,0
DA:399,0
DA:404,41
DA:405,0
DA:406,0
DA:407,0
DA:408,0
DA:409,0
DA:411,0
DA:416,41
DA:417,0
DA:418,0
DA:419,0
DA:420,0
DA:422,0
LF:225
LH:43
BRDA:20,0,0,0
BRDA:20,0,1,0
BRDA:20,0,2,0
BRDA:26,1,0,0
BRDA:26,1,1,0
BRDA:27,2,0,0
BRDA:27,3,0,0
BRDA:27,3,1,0
BRDA:27,3,2,0
BRDA:40,4,0,2
BRDA:40,4,1,1
BRDA:41,5,0,2
BRDA:41,5,1,1
BRDA:45,6,0,2
BRDA:45,6,1,2
BRDA:46,7,0,0
BRDA:46,7,1,2
BRDA:79,8,0,0
BRDA:93,9,0,0
BRDA:93,9,1,0
BRDA:105,10,0,0
BRDA:105,10,1,0
BRDA:118,11,0,0
BRDA:118,11,1,0
BRDA:119,12,0,0
BRDA:119,12,1,0
BRDA:120,13,0,0
BRDA:120,14,0,0
BRDA:120,14,1,0
BRDA:181,15,0,0
BRDA:181,15,1,0
BRDA:182,16,0,0
BRDA:182,16,1,0
BRDA:194,17,0,0
BRDA:194,17,1,0
BRDA:195,18,0,0
BRDA:199,19,0,0
BRDA:201,20,0,0
BRDA:201,21,0,0
BRDA:201,21,1,0
BRDA:206,22,0,0
BRDA:206,22,1,0
BRDA:207,23,0,0
BRDA:207,23,1,0
BRDA:208,24,0,0
BRDA:208,24,1,0
BRDA:209,25,0,0
BRDA:209,25,1,0
BRDA:210,26,0,0
BRDA:210,26,1,0
BRDA:214,27,0,0
BRDA:215,28,0,0
BRDA:215,28,1,0
BRDA:220,29,0,0
BRDA:220,29,1,0
BRDA:244,30,0,0
BRDA:244,30,1,0
BRDA:281,31,0,0
BRDA:281,31,1,0
BRDA:282,32,0,0
BRDA:282,32,1,0
BRDA:295,33,0,0
BRDA:295,33,1,0
BRDA:296,34,0,0
BRDA:296,35,0,0
BRDA:296,35,1,0
BRDA:326,36,0,0
BRDA:326,37,0,0
BRDA:326,37,1,0
BRDA:364,38,0,0
BRDA:364,38,1,0
BRDA:365,39,0,0
BRDA:365,39,1,0
BRDA:379,40,0,0
BRDA:379,41,0,0
BRDA:379,41,1,0
BRF:76
BRH:7
end_of_record
TN:
SF:src\routes\exchangeRates.routes.ts
FN:8,(anonymous_0)
FN:17,(anonymous_1)
FN:26,(anonymous_2)
FN:38,(anonymous_3)
FNF:4
FNH:3
FNDA:2,(anonymous_0)
FNDA:0,(anonymous_1)
FNDA:1,(anonymous_2)
FNDA:2,(anonymous_3)
DA:5,41
DA:8,41
DA:9,2
DA:10,2
DA:11,2
DA:13,0
DA:17,41
DA:18,0
DA:19,0
DA:20,0
DA:22,0
DA:26,41
DA:27,1
DA:28,1
DA:29,1
DA:30,1
DA:31,1
DA:32,1
DA:34,0
DA:38,41
DA:39,2
DA:40,2
DA:41,1
DA:43,1
DA:44,1
DA:45,1
DA:47,0
LF:27
LH:20
BRDA:28,0,0,1
BRDA:28,0,1,0
BRDA:29,1,0,1
BRDA:29,1,1,0
BRDA:30,2,0,1
BRDA:30,2,1,0
BRDA:40,3,0,1
BRF:7
BRH:4
end_of_record
TN:
SF:src\routes\foodOrders.routes.ts
FN:9,(anonymous_0)
FN:33,(anonymous_1)
FN:52,(anonymous_2)
FNF:3
FNH:0
FNDA:0,(anonymous_0)
FNDA:0,(anonymous_1)
FNDA:0,(anonymous_2)
DA:7,41
DA:9,41
DA:10,0
DA:11,0
DA:12,0
DA:13,0
DA:14,0
DA:15,0
DA:16,0
DA:17,0
DA:27,0
DA:29,0
DA:33,41
DA:34,0
DA:35,0
DA:36,0
DA:40,0
DA:42,0
DA:46,0
DA:48,0
DA:52,41
DA:53,0
DA:54,0
DA:55,0
DA:56,0
DA:58,0
DA:59,0
DA:60,0
DA:61,0
DA:62,0
DA:63,0
DA:64,0
DA:65,0
DA:67,0
DA:68,0
DA:85,0
DA:87,0
LF:37
LH:4
BRDA:12,0,0,0
BRDA:12,0,1,0
BRDA:13,1,0,0
BRDA:13,1,1,0
BRDA:16,2,0,0
BRDA:40,3,0,0
BRDA:55,4,0,0
BRDA:64,5,0,0
BRDA:64,6,0,0
BRDA:64,6,1,0
BRDA:64,6,2,0
BRDA:64,6,3,0
BRDA:64,6,4,0
BRDA:71,7,0,0
BRDA:71,7,1,0
BRDA:73,8,0,0
BRDA:73,8,1,0
BRDA:77,9,0,0
BRDA:77,9,1,0
BRDA:78,10,0,0
BRDA:78,10,1,0
BRDA:79,11,0,0
BRDA:79,11,1,0
BRDA:80,12,0,0
BRDA:80,12,1,0
BRDA:81,13,0,0
BRDA:81,13,1,0
BRF:27
BRH:0
end_of_record
TN:
SF:src\routes\gamification.routes.ts
FN:19,(anonymous_0)
FN:52,(anonymous_1)
FN:115,(anonymous_2)
FNF:3
FNH:0
FNDA:0,(anonymous_0)
FNDA:0,(anonymous_1)
FNDA:0,(anonymous_2)
DA:5,41
DA:7,41
DA:19,41
DA:20,0
DA:21,0
DA:22,0
DA:27,0
DA:35,0
DA:48,0
DA:52,41
DA:53,0
DA:54,0
DA:55,0
DA:56,0
DA:57,0
DA:59,0
DA:60,0
DA:63,0
DA:66,0
DA:67,0
DA:78,0
DA:80,0
DA:81,0
DA:82,0
DA:83,0
DA:84,0
DA:86,0
DA:87,0
DA:88,0
DA:89,0
DA:92,0
DA:103,0
DA:106,0
DA:111,0
DA:115,41
DA:116,0
DA:117,0
DA:118,0
DA:120,0
DA:121,0
DA:124,0
DA:139,0
DA:141,0
LF:43
LH:5
BRDA:27,0,0,0
BRDA:27,0,1,0
BRDA:42,1,0,0
BRDA:42,1,1,0
BRDA:54,2,0,0
BRDA:54,2,1,0
BRDA:56,3,0,0
BRDA:56,3,1,0
BRDA:57,4,0,0
BRDA:57,4,1,0
BRDA:57,4,2,0
BRDA:59,5,0,0
BRDA:66,6,0,0
BRDA:66,6,1,0
BRDA:86,7,0,0
BRDA:86,7,1,0
BRDA:117,8,0,0
BRDA:117,8,1,0
BRDA:120,9,0,0
BRDA:120,10,0,0
BRDA:120,10,1,0
BRDA:120,10,2,0
BRDA:133,11,0,0
BRDA:133,11,1,0
BRDA:134,12,0,0
BRDA:134,12,1,0
BRF:26
BRH:0
end_of_record
TN:
SF:src\routes\gifts.routes.ts
FN:10,(anonymous_0)
FN:27,(anonymous_1)
FN:56,(anonymous_2)
FNF:3
FNH:0
FNDA:0,(anonymous_0)
FNDA:0,(anonymous_1)
FNDA:0,(anonymous_2)
DA:7,41
DA:10,41
DA:11,0
DA:12,0
DA:17,0
DA:22,0
DA:27,41
DA:28,0
DA:29,0
DA:30,0
DA:32,0
DA:33,0
DA:39,0
DA:45,0
DA:51,0
DA:56,41
DA:57,0
DA:58,0
DA:59,0
DA:61,0
DA:67,0
LF:21
LH:4
BRDA:32,0,0,0
BRDA:32,1,0,0
BRDA:32,1,1,0
BRDA:32,1,2,0
BRF:4
BRH:0
end_of_record
TN:
SF:src\routes\insurance.routes.ts
FN:11,(anonymous_0)
FN:24,(anonymous_1)
FN:46,(anonymous_2)
FN:59,(anonymous_3)
FN:89,(anonymous_4)
FNF:5
FNH:0
FNDA:0,(anonymous_0)
FNDA:0,(anonymous_1)
FNDA:0,(anonymous_2)
FNDA:0,(anonymous_3)
FNDA:0,(anonymous_4)
DA:9,41
DA:11,41
DA:12,0
DA:13,0
DA:14,0
DA:18,0
DA:20,0
DA:24,41
DA:25,0
DA:26,0
DA:27,0
DA:28,0
DA:29,0
DA:40,0
DA:42,0
DA:46,41
DA:47,0
DA:48,0
DA:49,0
DA:53,0
DA:55,0
DA:59,41
DA:60,0
DA:61,0
DA:62,0
DA:63,0
DA:65,0
DA:66,0
DA:67,0
DA:68,0
DA:69,0
DA:71,0
DA:81,0
DA:83,0
DA:88,41
DA:89,41
DA:90,0
DA:91,0
DA:92,0
DA:93,0
DA:94,0
DA:95,0
DA:96,0
DA:97,0
DA:98,0
DA:99,0
DA:103,0
DA:105,0
LF:48
LH:7
BRDA:28,0,0,0
BRDA:28,1,0,0
BRDA:28,1,1,0
BRDA:32,2,0,0
BRDA:32,2,1,0
BRDA:34,3,0,0
BRDA:34,3,1,0
BRDA:36,4,0,0
BRDA:36,4,1,0
BRDA:62,5,0,0
BRDA:66,6,0,0
BRDA:68,7,0,0
BRDA:68,8,0,0
BRDA:68,8,1,0
BRDA:68,8,2,0
BRDA:68,8,3,0
BRDA:94,9,0,0
BRDA:96,10,0,0
BRDA:96,11,0,0
BRDA:96,11,1,0
BRDA:97,12,0,0
BRDA:98,13,0,0
BRF:22
BRH:0
end_of_record
TN:
SF:src\routes\jobs.routes.ts
FN:18,(anonymous_0)
FN:30,(anonymous_1)
FN:41,(anonymous_2)
FN:52,(anonymous_3)
FN:72,(anonymous_4)
FN:83,(anonymous_5)
FN:100,(anonymous_6)
FN:113,(anonymous_7)
FN:141,(anonymous_8)
FN:157,(anonymous_9)
FN:203,(anonymous_10)
FN:221,(anonymous_11)
FN:237,(anonymous_12)
FN:257,(anonymous_13)
FN:272,(anonymous_14)
FN:287,(anonymous_15)
FN:299,(anonymous_16)
FN:311,(anonymous_17)
FNF:18
FNH:1
FNDA:0,(anonymous_0)
FNDA:0,(anonymous_1)
FNDA:0,(anonymous_2)
FNDA:0,(anonymous_3)
FNDA:0,(anonymous_4)
FNDA:0,(anonymous_5)
FNDA:0,(anonymous_6)
FNDA:1,(anonymous_7)
FNDA:0,(anonymous_8)
FNDA:0,(anonymous_9)
FNDA:0,(anonymous_10)
FNDA:0,(anonymous_11)
FNDA:0,(anonymous_12)
FNDA:0,(anonymous_13)
FNDA:0,(anonymous_14)
FNDA:0,(anonymous_15)
FNDA:0,(anonymous_16)
FNDA:0,(anonymous_17)
DA:8,41
DA:15,41
DA:18,41
DA:19,0
DA:20,0
DA:21,0
DA:22,0
DA:23,0
DA:25,0
DA:30,41
DA:31,0
DA:32,0
DA:33,0
DA:34,0
DA:36,0
DA:41,41
DA:42,0
DA:43,0
DA:44,0
DA:45,0
DA:47,0
DA:52,41
DA:53,0
DA:54,0
DA:55,0
DA:56,0
DA:65,0
DA:67,0
DA:72,41
DA:73,0
DA:74,0
DA:75,0
DA:76,0
DA:78,0
DA:83,41
DA:84,0
DA:85,0
DA:86,0
DA:87,0
DA:93,0
DA:95,0
DA:100,41
DA:101,0
DA:102,0
DA:103,0
DA:104,0
DA:105,0
DA:106,0
DA:108,0
DA:113,41
DA:114,1
DA:115,1
DA:116,1
DA:117,1
DA:118,1
DA:119,1
DA:120,1
DA:121,1
DA:123,1
DA:131,1
DA:136,0
DA:141,41
DA:142,0
DA:143,0
DA:144,0
DA:145,0
DA:147,0
DA:152,0
DA:157,41
DA:158,0
DA:159,0
DA:174,0
DA:176,0
DA:192,0
DA:198,0
DA:203,41
DA:204,0
DA:205,0
DA:206,0
DA:207,0
DA:209,0
DA:211,0
DA:216,0
DA:221,41
DA:222,0
DA:223,0
DA:224,0
DA:226,0
DA:232,0
DA:237,41
DA:238,0
DA:239,0
DA:240,0
DA:241,0
DA:242,0
DA:243,0
DA:245,0
DA:250,0
DA:252,0
DA:257,41
DA:258,0
DA:259,0
DA:260,0
DA:261,0
DA:262,0
DA:264,0
DA:265,0
DA:267,0
DA:272,41
DA:273,0
DA:274,0
DA:275,0
DA:276,0
DA:277,0
DA:279,0
DA:280,0
DA:282,0
DA:287,41
DA:288,0
DA:289,0
DA:290,0
DA:291,0
DA:292,0
DA:294,0
DA:299,41
DA:300,0
DA:301,0
DA:302,0
DA:303,0
DA:304,0
DA:306,0
DA:311,41
DA:312,0
DA:313,0
DA:314,0
DA:315,0
DA:316,0
DA:317,0
DA:323,0
DA:325,0
LF:140
LH:30
BRDA:21,0,0,0
BRDA:21,0,1,0
BRDA:45,1,0,0
BRDA:45,1,1,0
BRDA:76,2,0,0
BRDA:76,2,1,0
BRDA:103,3,0,0
BRDA:103,3,1,0
BRDA:104,4,0,0
BRDA:104,4,1,0
BRDA:115,5,0,1
BRDA:115,5,1,1
BRDA:116,6,0,1
BRDA:116,6,1,1
BRDA:186,7,0,0
BRDA:186,7,1,0
BRDA:195,8,0,0
BRDA:195,8,1,0
BRDA:195,9,0,0
BRDA:195,9,1,0
BRDA:242,10,0,0
BRDA:261,11,0,0
BRDA:261,12,0,0
BRDA:261,12,1,0
BRDA:261,12,2,0
BRDA:276,13,0,0
BRDA:276,14,0,0
BRDA:276,14,1,0
BRDA:276,14,2,0
BRDA:316,15,0,0
BRF:30
BRH:4
end_of_record
TN:
SF:src\routes\leaderboard.routes.ts
FN:7,(anonymous_0)
FNF:1
FNH:1
FNDA:2,(anonymous_0)
DA:4,41
DA:7,41
DA:8,2
DA:9,2
DA:10,2
DA:11,2
DA:12,2
DA:14,2
DA:21,2
DA:22,2
DA:27,2
DA:30,0
DA:32,0
LF:13
LH:11
BRDA:9,0,0,2
BRDA:9,0,1,1
BRDA:12,1,0,2
BRDA:12,1,1,1
BRDA:21,2,0,2
BRF:5
BRH:5
end_of_record
TN:
SF:src\routes\legal.routes.ts
FN:13,(anonymous_0)
FN:25,(anonymous_1)
FN:37,(anonymous_2)
FN:52,(anonymous_3)
FN:74,(anonymous_4)
FN:85,(anonymous_5)
FN:100,(anonymous_6)
FN:122,(anonymous_7)
FN:133,(anonymous_8)
FN:144,(anonymous_9)
FN:154,(anonymous_10)
FN:168,(anonymous_11)
FN:178,(anonymous_12)
FNF:13
FNH:0
FNDA:0,(anonymous_0)
FNDA:0,(anonymous_1)
FNDA:0,(anonymous_2)
FNDA:0,(anonymous_3)
FNDA:0,(anonymous_4)
FNDA:0,(anonymous_5)
FNDA:0,(anonymous_6)
FNDA:0,(anonymous_7)
FNDA:0,(anonymous_8)
FNDA:0,(anonymous_9)
FNDA:0,(anonymous_10)
FNDA:0,(anonymous_11)
FNDA:0,(anonymous_12)
DA:6,41
DA:13,41
DA:14,0
DA:15,0
DA:16,0
DA:17,0
DA:18,0
DA:20,0
DA:25,41
DA:26,0
DA:27,0
DA:28,0
DA:29,0
DA:30,0
DA:32,0
DA:37,41
DA:38,0
DA:39,0
DA:40,0
DA:41,0
DA:43,0
DA:52,41
DA:53,0
DA:54,0
DA:55,0
DA:56,0
DA:57,0
DA:59,0
DA:67,0
DA:69,0
DA:74,41
DA:75,0
DA:76,0
DA:77,0
DA:78,0
DA:80,0
DA:85,41
DA:86,0
DA:87,0
DA:88,0
DA:89,0
DA:91,0
DA:100,41
DA:101,0
DA:102,0
DA:103,0
DA:105,0
DA:115,0
DA:117,0
DA:122,41
DA:123,0
DA:124,0
DA:125,0
DA:126,0
DA:128,0
DA:133,41
DA:134,0
DA:135,0
DA:136,0
DA:137,0
DA:139,0
DA:144,41
DA:145,0
DA:146,0
DA:147,0
DA:149,0
DA:154,41
DA:155,0
DA:156,0
DA:157,0
DA:159,0
DA:168,41
DA:169,0
DA:170,0
DA:171,0
DA:173,0
DA:178,41
DA:179,0
DA:180,0
DA:181,0
DA:183,0
LF:81
LH:14
BRDA:16,0,0,0
BRDA:16,0,1,0
BRDA:28,1,0,0
BRDA:28,1,1,0
BRDA:56,2,0,0
BRDA:56,2,1,0
BRDA:56,2,2,0
BRDA:57,3,0,0
BRDA:57,3,1,0
BRDA:108,4,0,0
BRDA:108,4,1,0
BRF:11
BRH:0
end_of_record
TN:
SF:src\routes\live.routes.ts
FN:13,(anonymous_0)
FN:22,(anonymous_1)
FN:28,(anonymous_2)
FN:46,(anonymous_3)
FN:61,(anonymous_4)
FN:72,(anonymous_5)
FN:82,(anonymous_6)
FN:94,(anonymous_7)
FN:106,(anonymous_8)
FN:116,(anonymous_9)
FN:140,(anonymous_10)
FN:150,(anonymous_11)
FN:160,(anonymous_12)
FN:171,(anonymous_13)
FN:183,(anonymous_14)
FN:194,(anonymous_15)
FN:205,(anonymous_16)
FN:216,(anonymous_17)
FN:227,(anonymous_18)
FN:245,(anonymous_19)
FN:255,(anonymous_20)
FN:266,(anonymous_21)
FN:276,(anonymous_22)
FN:286,(anonymous_23)
FN:302,(anonymous_24)
FN:313,(anonymous_25)
FN:323,(anonymous_26)
FN:337,(anonymous_27)
FN:347,(anonymous_28)
FN:358,(anonymous_29)
FN:368,(anonymous_30)
FN:379,(anonymous_31)
FN:389,(anonymous_32)
FNF:33
FNH:4
FNDA:0,(anonymous_0)
FNDA:0,(anonymous_1)
FNDA:2,(anonymous_2)
FNDA:1,(anonymous_3)
FNDA:1,(anonymous_4)
FNDA:1,(anonymous_5)
FNDA:0,(anonymous_6)
FNDA:0,(anonymous_7)
FNDA:0,(anonymous_8)
FNDA:0,(anonymous_9)
FNDA:0,(anonymous_10)
FNDA:0,(anonymous_11)
FNDA:0,(anonymous_12)
FNDA:0,(anonymous_13)
FNDA:0,(anonymous_14)
FNDA:0,(anonymous_15)
FNDA:0,(anonymous_16)
FNDA:0,(anonymous_17)
FNDA:0,(anonymous_18)
FNDA:0,(anonymous_19)
FNDA:0,(anonymous_20)
FNDA:0,(anonymous_21)
FNDA:0,(anonymous_22)
FNDA:0,(anonymous_23)
FNDA:0,(anonymous_24)
FNDA:0,(anonymous_25)
FNDA:0,(anonymous_26)
FNDA:0,(anonymous_27)
FNDA:0,(anonymous_28)
FNDA:0,(anonymous_29)
FNDA:0,(anonymous_30)
FNDA:0,(anonymous_31)
FNDA:0,(anonymous_32)
DA:7,41
DA:9,41
DA:13,0
DA:18,41
DA:22,0
DA:28,41
DA:29,2
DA:30,2
DA:31,2
DA:32,2
DA:33,2
DA:34,2
DA:35,2
DA:36,2
DA:37,2
DA:38,2
DA:39,2
DA:41,0
DA:46,41
DA:47,1
DA:48,1
DA:49,1
DA:50,1
DA:51,1
DA:52,1
DA:53,1
DA:54,1
DA:56,0
DA:61,41
DA:62,1
DA:63,1
DA:64,1
DA:65,1
DA:67,0
DA:72,41
DA:73,1
DA:74,1
DA:75,1
DA:77,0
DA:82,41
DA:83,0
DA:84,0
DA:85,0
DA:86,0
DA:87,0
DA:89,0
DA:94,41
DA:95,0
DA:96,0
DA:97,0
DA:98,0
DA:99,0
DA:101,0
DA:106,41
DA:107,0
DA:108,0
DA:109,0
DA:111,0
DA:116,41
DA:117,0
DA:118,0
DA:119,0
DA:133,0
DA:135,0
DA:140,41
DA:141,0
DA:142,0
DA:143,0
DA:145,0
DA:150,41
DA:151,0
DA:152,0
DA:153,0
DA:155,0
DA:160,41
DA:161,0
DA:162,0
DA:163,0
DA:164,0
DA:166,0
DA:171,41
DA:172,0
DA:173,0
DA:174,0
DA:175,0
DA:176,0
DA:178,0
DA:183,41
DA:184,0
DA:185,0
DA:186,0
DA:187,0
DA:189,0
DA:194,41
DA:195,0
DA:196,0
DA:197,0
DA:198,0
DA:200,0
DA:205,41
DA:206,0
DA:207,0
DA:208,0
DA:209,0
DA:211,0
DA:216,41
DA:217,0
DA:218,0
DA:219,0
DA:220,0
DA:222,0
DA:227,41
DA:228,0
DA:229,0
DA:230,0
DA:238,0
DA:240,0
DA:245,41
DA:246,0
DA:247,0
DA:248,0
DA:250,0
DA:255,41
DA:256,0
DA:257,0
DA:258,0
DA:259,0
DA:261,0
DA:266,41
DA:267,0
DA:268,0
DA:269,0
DA:271,0
DA:276,41
DA:277,0
DA:278,0
DA:279,0
DA:281,0
DA:286,41
DA:287,0
DA:288,0
DA:289,0
DA:295,0
DA:297,0
DA:302,41
DA:303,0
DA:304,0
DA:305,0
DA:306,0
DA:308,0
DA:313,41
DA:314,0
DA:315,0
DA:316,0
DA:318,0
DA:323,41
DA:324,0
DA:325,0
DA:326,0
DA:330,0
DA:332,0
DA:337,41
DA:338,0
DA:339,0
DA:340,0
DA:342,0
DA:347,41
DA:348,0
DA:349,0
DA:350,0
DA:351,0
DA:353,0
DA:358,41
DA:359,0
DA:360,0
DA:361,0
DA:363,0
DA:368,41
DA:369,0
DA:370,0
DA:371,0
DA:372,0
DA:374,0
DA:379,41
DA:380,0
DA:381,0
DA:382,0
DA:384,0
DA:389,41
DA:390,0
DA:391,0
DA:392,0
DA:393,0
DA:395,0
LF:194
LH:60
BRDA:13,0,0,0
BRDA:13,0,1,0
BRDA:13,1,0,0
BRDA:13,1,1,0
BRDA:22,2,0,0
BRDA:22,2,1,0
BRDA:22,3,0,0
BRDA:22,3,1,0
BRDA:30,4,0,2
BRDA:30,4,1,1
BRDA:31,5,0,2
BRDA:31,5,1,1
BRDA:33,6,0,0
BRDA:34,7,0,0
BRDA:35,8,0,0
BRDA:36,9,0,0
BRDA:37,10,0,0
BRDA:48,11,0,1
BRDA:48,11,1,0
BRDA:51,12,0,1
BRDA:51,12,1,0
BRDA:52,13,0,1
BRDA:52,13,1,1
BRDA:84,14,0,0
BRDA:84,14,1,0
BRDA:97,15,0,0
BRDA:131,16,0,0
BRDA:131,16,1,0
BRDA:162,17,0,0
BRDA:162,17,1,0
BRDA:173,18,0,0
BRDA:173,18,1,0
BRDA:173,18,2,0
BRDA:185,19,0,0
BRDA:185,19,1,0
BRDA:185,19,2,0
BRDA:196,20,0,0
BRDA:196,20,1,0
BRDA:196,20,2,0
BRDA:235,21,0,0
BRDA:235,21,1,0
BRDA:257,22,0,0
BRDA:257,22,1,0
BRDA:326,23,0,0
BRDA:326,23,1,0
BRF:45
BRH:8
end_of_record
TN:
SF:src\routes\messages.routes.ts
FN:17,(anonymous_0)
FN:27,(anonymous_1)
FN:37,(anonymous_2)
FN:49,(anonymous_3)
FN:59,(anonymous_4)
FN:76,(anonymous_5)
FN:88,(anonymous_6)
FN:98,(anonymous_7)
FN:108,(anonymous_8)
FN:119,(anonymous_9)
FNF:10
FNH:2
FNDA:0,(anonymous_0)
FNDA:1,(anonymous_1)
FNDA:1,(anonymous_2)
FNDA:0,(anonymous_3)
FNDA:0,(anonymous_4)
FNDA:0,(anonymous_5)
FNDA:0,(anonymous_6)
FNDA:0,(anonymous_7)
FNDA:0,(anonymous_8)
FNDA:0,(anonymous_9)
DA:7,41
DA:9,41
DA:17,41
DA:18,0
DA:19,0
DA:20,0
DA:22,0
DA:27,41
DA:28,1
DA:29,1
DA:30,1
DA:32,0
DA:37,41
DA:38,1
DA:39,1
DA:40,1
DA:41,1
DA:42,1
DA:44,0
DA:49,41
DA:50,0
DA:51,0
DA:52,0
DA:54,0
DA:59,41
DA:60,0
DA:61,0
DA:62,0
DA:69,0
DA:71,0
DA:76,41
DA:77,0
DA:78,0
DA:79,0
DA:80,0
DA:81,0
DA:83,0
DA:88,41
DA:89,0
DA:90,0
DA:91,0
DA:93,0
DA:98,41
DA:99,0
DA:100,0
DA:101,0
DA:103,0
DA:108,41
DA:109,0
DA:110,0
DA:111,0
DA:112,0
DA:114,0
DA:119,41
DA:120,0
DA:121,0
DA:122,0
DA:123,0
DA:125,0
LF:59
LH:20
BRDA:39,0,0,1
BRDA:39,0,1,0
BRDA:40,1,0,1
BRDA:40,1,1,0
BRDA:65,2,0,0
BRDA:65,2,1,0
BRDA:66,3,0,0
BRDA:66,3,1,0
BRDA:78,4,0,0
BRDA:78,4,1,0
BRDA:79,5,0,0
BRDA:79,5,1,0
BRF:12
BRH:2
end_of_record
TN:
SF:src\routes\microcredit.routes.ts
FN:9,(anonymous_0)
FN:27,(anonymous_1)
FN:38,(anonymous_2)
FN:53,(anonymous_3)
FN:76,(anonymous_4)
FN:102,(anonymous_5)
FN:118,(anonymous_6)
FN:133,(anonymous_7)
FNF:8
FNH:1
FNDA:2,(anonymous_0)
FNDA:0,(anonymous_1)
FNDA:0,(anonymous_2)
FNDA:0,(anonymous_3)
FNDA:0,(anonymous_4)
FNDA:0,(anonymous_5)
FNDA:0,(anonymous_6)
FNDA:0,(anonymous_7)
DA:6,41
DA:9,41
DA:10,2
DA:11,2
DA:12,2
DA:13,2
DA:15,2
DA:17,2
DA:22,0
DA:27,41
DA:28,0
DA:29,0
DA:30,0
DA:31,0
DA:33,0
DA:38,41
DA:39,0
DA:40,0
DA:41,0
DA:43,0
DA:48,0
DA:53,41
DA:54,0
DA:55,0
DA:56,0
DA:58,0
DA:66,0
DA:71,0
DA:76,41
DA:77,0
DA:78,0
DA:79,0
DA:80,0
DA:82,0
DA:83,0
DA:89,0
DA:91,0
DA:97,0
DA:102,41
DA:103,0
DA:104,0
DA:105,0
DA:107,0
DA:113,0
DA:118,41
DA:119,0
DA:120,0
DA:121,0
DA:122,0
DA:123,0
DA:125,0
DA:126,0
DA:128,0
DA:133,41
DA:134,0
DA:135,0
DA:136,0
DA:138,0
LF:58
LH:15
BRDA:11,0,0,2
BRDA:11,0,1,1
BRDA:12,1,0,2
BRDA:12,1,1,1
BRDA:82,2,0,0
BRDA:82,3,0,0
BRDA:82,3,1,0
BRDA:122,4,0,0
BRDA:122,5,0,0
BRDA:122,5,1,0
BRF:10
BRH:4
end_of_record
TN:
SF:src\routes\moderation.routes.ts
FN:9,(anonymous_0)
FN:25,(anonymous_1)
FN:43,(anonymous_2)
FNF:3
FNH:2
FNDA:1,(anonymous_0)
FNDA:0,(anonymous_1)
FNDA:2,(anonymous_2)
DA:6,41
DA:9,41
DA:10,1
DA:11,1
DA:12,1
DA:13,1
DA:14,1
DA:15,1
DA:16,1
DA:17,1
DA:18,1
DA:20,0
DA:25,41
DA:26,0
DA:27,0
DA:28,0
DA:36,0
DA:38,0
DA:43,41
DA:44,2
DA:45,2
DA:46,1
DA:48,1
DA:49,1
DA:53,1
DA:55,0
LF:26
LH:19
BRDA:11,0,0,1
BRDA:11,0,1,0
BRDA:12,1,0,1
BRDA:12,1,1,0
BRDA:14,2,0,1
BRDA:15,3,0,0
BRDA:16,4,0,0
BRDA:45,5,0,1
BRDA:45,6,0,2
BRDA:45,6,1,2
BRF:10
BRH:6
end_of_record
TN:
SF:src\routes\news.routes.ts
FN:23,(anonymous_0)
FN:47,(anonymous_1)
FN:57,(anonymous_2)
FN:68,(anonymous_3)
FN:80,(anonymous_4)
FN:90,(anonymous_5)
FN:100,(anonymous_6)
FN:113,(anonymous_7)
FN:124,(anonymous_8)
FN:148,(anonymous_9)
FN:162,(anonymous_10)
FN:172,(anonymous_11)
FN:182,(anonymous_12)
FN:192,(anonymous_13)
FN:202,(anonymous_14)
FN:213,(anonymous_15)
FN:224,(anonymous_16)
FN:236,(anonymous_17)
FN:246,(anonymous_18)
FN:257,(anonymous_19)
FN:269,(anonymous_20)
FN:280,(anonymous_21)
FN:287,(anonymous_22)
FN:288,(anonymous_23)
FN:291,(anonymous_24)
FN:298,(anonymous_25)
FN:299,(anonymous_26)
FNF:27
FNH:4
FNDA:2,(anonymous_0)
FNDA:1,(anonymous_1)
FNDA:1,(anonymous_2)
FNDA:1,(anonymous_3)
FNDA:0,(anonymous_4)
FNDA:0,(anonymous_5)
FNDA:0,(anonymous_6)
FNDA:0,(anonymous_7)
FNDA:0,(anonymous_8)
FNDA:0,(anonymous_9)
FNDA:0,(anonymous_10)
FNDA:0,(anonymous_11)
FNDA:0,(anonymous_12)
FNDA:0,(anonymous_13)
FNDA:0,(anonymous_14)
FNDA:0,(anonymous_15)
FNDA:0,(anonymous_16)
FNDA:0,(anonymous_17)
FNDA:0,(anonymous_18)
FNDA:0,(anonymous_19)
FNDA:0,(anonymous_20)
FNDA:0,(anonymous_21)
FNDA:0,(anonymous_22)
FNDA:0,(anonymous_23)
FNDA:0,(anonymous_24)
FNDA:0,(anonymous_25)
FNDA:0,(anonymous_26)
DA:11,41
DA:13,41
DA:23,41
DA:24,2
DA:25,2
DA:39,2
DA:40,2
DA:42,0
DA:47,41
DA:48,1
DA:49,1
DA:50,1
DA:52,0
DA:57,41
DA:58,1
DA:59,1
DA:60,1
DA:61,1
DA:63,0
DA:68,41
DA:69,1
DA:70,1
DA:71,1
DA:72,1
DA:73,1
DA:75,0
DA:80,41
DA:81,0
DA:82,0
DA:83,0
DA:85,0
DA:90,41
DA:91,0
DA:92,0
DA:93,0
DA:95,0
DA:100,41
DA:101,0
DA:102,0
DA:103,0
DA:104,0
DA:105,0
DA:106,0
DA:108,0
DA:113,41
DA:114,0
DA:115,0
DA:116,0
DA:117,0
DA:119,0
DA:124,41
DA:125,0
DA:126,0
DA:127,0
DA:128,0
DA:129,0
DA:134,0
DA:135,0
DA:137,0
DA:138,0
DA:139,0
DA:141,0
DA:143,0
DA:148,41
DA:149,0
DA:150,0
DA:151,0
DA:152,0
DA:153,0
DA:155,0
DA:162,41
DA:163,0
DA:164,0
DA:165,0
DA:167,0
DA:172,41
DA:173,0
DA:174,0
DA:175,0
DA:177,0
DA:182,41
DA:183,0
DA:184,0
DA:185,0
DA:187,0
DA:192,41
DA:193,0
DA:194,0
DA:195,0
DA:197,0
DA:202,41
DA:203,0
DA:204,0
DA:205,0
DA:206,0
DA:208,0
DA:213,41
DA:214,0
DA:215,0
DA:216,0
DA:217,0
DA:219,0
DA:224,41
DA:225,0
DA:226,0
DA:227,0
DA:229,0
DA:236,41
DA:237,0
DA:238,0
DA:239,0
DA:241,0
DA:246,41
DA:247,0
DA:248,0
DA:249,0
DA:250,0
DA:252,0
DA:257,41
DA:258,0
DA:259,0
DA:260,0
DA:261,0
DA:262,0
DA:264,0
DA:269,41
DA:270,0
DA:271,0
DA:272,0
DA:274,0
DA:280,41
DA:281,0
DA:282,0
DA:283,0
DA:284,0
DA:286,0
DA:287,0
DA:288,0
DA:291,41
DA:292,0
DA:293,0
DA:294,0
DA:295,0
DA:297,0
DA:298,0
DA:299,0
LF:146
LH:41
BRDA:26,0,0,2
BRDA:26,0,1,1
BRDA:27,1,0,2
BRDA:27,1,1,1
BRDA:31,2,0,0
BRDA:31,2,1,2
BRDA:31,3,0,0
BRDA:31,3,1,2
BRDA:32,4,0,0
BRDA:32,4,1,2
BRDA:33,5,0,0
BRDA:33,5,1,2
BRDA:34,6,0,0
BRDA:34,6,1,2
BRDA:36,7,0,2
BRDA:36,7,1,2
BRDA:37,8,0,2
BRDA:37,8,1,2
BRDA:59,9,0,1
BRDA:59,9,1,0
BRDA:70,10,0,1
BRDA:70,10,1,0
BRDA:71,11,0,1
BRDA:71,11,1,0
BRDA:103,12,0,0
BRDA:103,12,1,0
BRDA:104,13,0,0
BRDA:104,13,1,0
BRDA:127,14,0,0
BRDA:127,14,1,0
BRDA:128,15,0,0
BRDA:128,15,1,0
BRDA:128,15,2,0
BRDA:131,16,0,0
BRDA:131,16,1,0
BRDA:134,17,0,0
BRDA:138,18,0,0
BRDA:150,19,0,0
BRDA:150,19,1,0
BRDA:151,20,0,0
BRDA:151,20,1,0
BRDA:205,21,0,0
BRDA:205,21,1,0
BRDA:282,22,0,0
BRDA:282,22,1,0
BRDA:283,23,0,0
BRDA:283,24,0,0
BRDA:283,24,1,0
BRDA:293,25,0,0
BRDA:293,25,1,0
BRDA:294,26,0,0
BRDA:294,27,0,0
BRDA:294,27,1,0
BRF:53
BRH:16
end_of_record
TN:
SF:src\routes\notifications.routes.ts
FN:8,(anonymous_0)
FN:40,(anonymous_1)
FN:65,(anonymous_2)
FNF:3
FNH:0
FNDA:0,(anonymous_0)
FNDA:0,(anonymous_1)
FNDA:0,(anonymous_2)
DA:5,41
DA:8,41
DA:9,0
DA:10,0
DA:11,0
DA:12,0
DA:13,0
DA:15,0
DA:26,0
DA:35,0
DA:40,41
DA:41,0
DA:42,0
DA:43,0
DA:45,0
DA:49,0
DA:50,0
DA:53,0
DA:58,0
DA:60,0
DA:65,41
DA:66,0
DA:67,0
DA:69,0
DA:74,0
DA:76,0
LF:26
LH:4
BRDA:11,0,0,0
BRDA:11,0,1,0
BRDA:12,1,0,0
BRDA:12,1,1,0
BRDA:49,2,0,0
BRF:5
BRH:0
end_of_record
TN:
SF:src\routes\order-reviews.routes.ts
FN:9,(anonymous_0)
FN:29,(anonymous_1)
FN:42,(anonymous_2)
FNF:3
FNH:0
FNDA:0,(anonymous_0)
FNDA:0,(anonymous_1)
FNDA:0,(anonymous_2)
DA:6,41
DA:9,41
DA:10,0
DA:11,0
DA:12,0
DA:13,0
DA:22,0
DA:24,0
DA:29,41
DA:30,0
DA:31,0
DA:32,0
DA:33,0
DA:34,0
DA:35,0
DA:37,0
DA:42,41
DA:43,0
DA:44,0
DA:45,0
DA:46,0
DA:48,0
LF:22
LH:4
BRDA:32,0,0,0
BRDA:32,0,1,0
BRDA:33,1,0,0
BRDA:33,1,1,0
BRF:4
BRH:0
end_of_record
TN:
SF:src\routes\orders.routes.ts
FN:17,(anonymous_0)
FN:21,(anonymous_1)
FN:53,(anonymous_2)
FN:64,(anonymous_3)
FN:75,(anonymous_4)
FN:89,(anonymous_5)
FN:101,(anonymous_6)
FN:112,(anonymous_7)
FN:125,(anonymous_8)
FN:137,(anonymous_9)
FN:148,(anonymous_10)
FNF:11
FNH:6
FNDA:8,(anonymous_0)
FNDA:3,(anonymous_1)
FNDA:1,(anonymous_2)
FNDA:2,(anonymous_3)
FNDA:0,(anonymous_4)
FNDA:0,(anonymous_5)
FNDA:7,(anonymous_6)
FNDA:0,(anonymous_7)
FNDA:0,(anonymous_8)
FNDA:1,(anonymous_9)
FNDA:0,(anonymous_10)
DA:8,41
DA:11,41
DA:17,8
DA:21,41
DA:22,3
DA:23,3
DA:24,3
DA:25,3
DA:26,3
DA:28,3
DA:29,0
DA:30,0
DA:34,0
DA:35,0
DA:37,0
DA:38,0
DA:41,3
DA:43,3
DA:46,3
DA:48,0
DA:53,41
DA:54,1
DA:55,1
DA:56,1
DA:57,1
DA:59,0
DA:64,41
DA:65,2
DA:66,2
DA:75,41
DA:76,0
DA:77,0
DA:78,0
DA:79,0
DA:80,0
DA:81,0
DA:82,0
DA:84,0
DA:89,41
DA:90,0
DA:91,0
DA:92,0
DA:93,0
DA:94,0
DA:96,0
DA:101,41
DA:102,7
DA:103,7
DA:104,7
DA:105,7
DA:107,0
DA:112,41
DA:113,0
DA:114,0
DA:115,0
DA:116,0
DA:117,0
DA:118,0
DA:120,0
DA:125,41
DA:126,0
DA:127,0
DA:128,0
DA:129,0
DA:130,0
DA:132,0
DA:137,41
DA:138,1
DA:139,1
DA:140,1
DA:141,1
DA:143,0
DA:148,41
DA:149,0
DA:150,0
DA:151,0
DA:152,0
DA:153,0
DA:155,0
LF:79
LH:36
BRDA:17,0,0,8
BRDA:17,0,1,0
BRDA:17,0,2,0
BRDA:24,1,0,3
BRDA:24,1,1,0
BRDA:25,2,0,3
BRDA:25,2,1,0
BRDA:28,3,0,0
BRDA:34,4,0,0
BRDA:34,5,0,0
BRDA:34,5,1,0
BRDA:41,6,0,3
BRDA:41,6,1,2
BRDA:43,7,0,1
BRDA:43,7,1,2
BRDA:65,8,0,2
BRDA:65,8,1,2
BRF:17
BRH:9
end_of_record
TN:
SF:src\routes\payments.routes.ts
FN:15,(anonymous_0)
FN:31,(anonymous_1)
FN:42,(anonymous_2)
FN:67,(anonymous_3)
FN:68,(anonymous_4)
FN:82,(anonymous_5)
FN:263,(anonymous_6)
FN:281,(anonymous_7)
FN:312,(anonymous_8)
FN:312,(anonymous_9)
FN:313,(anonymous_10)
FN:313,(anonymous_11)
FN:314,(anonymous_12)
FN:314,(anonymous_13)
FN:315,(anonymous_14)
FN:315,(anonymous_15)
FN:316,(anonymous_16)
FN:316,(anonymous_17)
FN:317,(anonymous_18)
FN:317,(anonymous_19)
FN:318,(anonymous_20)
FN:318,(anonymous_21)
FN:319,(anonymous_22)
FN:319,(anonymous_23)
FN:336,(anonymous_24)
FN:473,(anonymous_25)
FN:485,(anonymous_26)
FN:501,(anonymous_27)
FN:513,(anonymous_28)
FN:529,(anonymous_29)
FN:541,(anonymous_30)
FN:557,(anonymous_31)
FN:569,(anonymous_32)
FN:584,(anonymous_33)
FN:595,(anonymous_34)
FN:607,(anonymous_35)
FN:619,(anonymous_36)
FN:632,(anonymous_37)
FN:652,(anonymous_38)
FN:665,(anonymous_39)
FNF:40
FNH:3
FNDA:2,(anonymous_0)
FNDA:2,(anonymous_1)
FNDA:0,(anonymous_2)
FNDA:0,(anonymous_3)
FNDA:0,(anonymous_4)
FNDA:0,(anonymous_5)
FNDA:0,(anonymous_6)
FNDA:1,(anonymous_7)
FNDA:0,(anonymous_8)
FNDA:0,(anonymous_9)
FNDA:0,(anonymous_10)
FNDA:0,(anonymous_11)
FNDA:0,(anonymous_12)
FNDA:0,(anonymous_13)
FNDA:0,(anonymous_14)
FNDA:0,(anonymous_15)
FNDA:0,(anonymous_16)
FNDA:0,(anonymous_17)
FNDA:0,(anonymous_18)
FNDA:0,(anonymous_19)
FNDA:0,(anonymous_20)
FNDA:0,(anonymous_21)
FNDA:0,(anonymous_22)
FNDA:0,(anonymous_23)
FNDA:0,(anonymous_24)
FNDA:0,(anonymous_25)
FNDA:0,(anonymous_26)
FNDA:0,(anonymous_27)
FNDA:0,(anonymous_28)
FNDA:0,(anonymous_29)
FNDA:0,(anonymous_30)
FNDA:0,(anonymous_31)
FNDA:0,(anonymous_32)
FNDA:0,(anonymous_33)
FNDA:0,(anonymous_34)
FNDA:0,(anonymous_35)
FNDA:0,(anonymous_36)
FNDA:0,(anonymous_37)
FNDA:0,(anonymous_38)
FNDA:0,(anonymous_39)
DA:12,41
DA:15,41
DA:16,2
DA:17,2
DA:18,2
DA:19,2
DA:24,0
DA:26,2
DA:31,41
DA:32,2
DA:33,2
DA:34,2
DA:35,0
DA:37,2
DA:42,41
DA:43,0
DA:44,0
DA:45,0
DA:46,0
DA:47,0
DA:49,0
DA:50,0
DA:51,0
DA:52,0
DA:60,0
DA:61,0
DA:66,0
DA:67,0
DA:68,0
DA:69,0
DA:71,0
DA:76,41
DA:79,41
DA:82,41
DA:83,0
DA:84,0
DA:85,0
DA:91,0
DA:93,0
DA:94,0
DA:95,0
DA:96,0
DA:97,0
DA:98,0
DA:105,0
DA:106,0
DA:107,0
DA:108,0
DA:109,0
DA:115,0
DA:116,0
DA:117,0
DA:118,0
DA:119,0
DA:125,0
DA:126,0
DA:127,0
DA:128,0
DA:129,0
DA:135,0
DA:136,0
DA:137,0
DA:138,0
DA:139,0
DA:145,0
DA:146,0
DA:147,0
DA:148,0
DA:149,0
DA:155,0
DA:156,0
DA:157,0
DA:158,0
DA:159,0
DA:165,0
DA:166,0
DA:167,0
DA:168,0
DA:169,0
DA:175,0
DA:176,0
DA:177,0
DA:178,0
DA:179,0
DA:185,0
DA:186,0
DA:187,0
DA:188,0
DA:189,0
DA:195,0
DA:196,0
DA:197,0
DA:198,0
DA:199,0
DA:205,0
DA:206,0
DA:207,0
DA:208,0
DA:209,0
DA:215,0
DA:216,0
DA:217,0
DA:218,0
DA:219,0
DA:225,0
DA:226,0
DA:227,0
DA:228,0
DA:229,0
DA:235,0
DA:236,0
DA:239,0
DA:240,0
DA:246,0
DA:247,0
DA:248,0
DA:249,0
DA:250,0
DA:256,0
DA:258,0
DA:263,41
DA:264,0
DA:265,0
DA:266,0
DA:267,0
DA:268,0
DA:270,0
DA:271,0
DA:272,0
DA:273,0
DA:275,0
DA:276,0
DA:281,41
DA:282,1
DA:283,1
DA:284,1
DA:285,1
DA:286,1
DA:287,1
DA:289,0
DA:290,0
DA:292,0
DA:293,0
DA:294,0
DA:295,0
DA:296,0
DA:297,0
DA:298,0
DA:299,0
DA:300,0
DA:301,0
DA:302,0
DA:303,0
DA:304,0
DA:305,0
DA:306,0
DA:307,0
DA:308,0
DA:310,0
DA:311,0
DA:312,0
DA:313,0
DA:314,0
DA:315,0
DA:316,0
DA:317,0
DA:318,0
DA:319,0
DA:321,0
DA:322,0
DA:323,0
DA:324,0
DA:325,0
DA:329,0
DA:331,0
DA:336,41
DA:337,0
DA:338,0
DA:343,0
DA:345,0
DA:346,0
DA:353,0
DA:354,0
DA:355,0
DA:356,0
DA:360,0
DA:361,0
DA:362,0
DA:363,0
DA:367,0
DA:368,0
DA:369,0
DA:370,0
DA:374,0
DA:375,0
DA:376,0
DA:377,0
DA:381,0
DA:382,0
DA:383,0
DA:384,0
DA:388,0
DA:389,0
DA:390,0
DA:391,0
DA:395,0
DA:396,0
DA:397,0
DA:398,0
DA:402,0
DA:403,0
DA:404,0
DA:405,0
DA:409,0
DA:410,0
DA:411,0
DA:412,0
DA:416,0
DA:417,0
DA:418,0
DA:419,0
DA:423,0
DA:424,0
DA:425,0
DA:426,0
DA:430,0
DA:431,0
DA:432,0
DA:433,0
DA:437,0
DA:438,0
DA:439,0
DA:440,0
DA:444,0
DA:445,0
DA:446,0
DA:447,0
DA:451,0
DA:452,0
DA:453,0
DA:454,0
DA:458,0
DA:459,0
DA:460,0
DA:461,0
DA:465,0
DA:467,0
DA:473,41
DA:474,0
DA:475,0
DA:476,0
DA:477,0
DA:478,0
DA:480,0
DA:485,41
DA:486,0
DA:487,0
DA:488,0
DA:489,0
DA:490,0
DA:491,0
DA:493,0
DA:495,0
DA:501,41
DA:502,0
DA:503,0
DA:504,0
DA:505,0
DA:506,0
DA:508,0
DA:513,41
DA:514,0
DA:515,0
DA:516,0
DA:517,0
DA:518,0
DA:519,0
DA:521,0
DA:523,0
DA:529,41
DA:530,0
DA:531,0
DA:532,0
DA:533,0
DA:534,0
DA:536,0
DA:541,41
DA:542,0
DA:543,0
DA:544,0
DA:545,0
DA:546,0
DA:547,0
DA:549,0
DA:551,0
DA:557,41
DA:558,0
DA:559,0
DA:560,0
DA:561,0
DA:562,0
DA:564,0
DA:569,41
DA:570,0
DA:571,0
DA:572,0
DA:573,0
DA:574,0
DA:575,0
DA:577,0
DA:579,0
DA:584,41
DA:585,0
DA:586,0
DA:587,0
DA:588,0
DA:590,0
DA:595,41
DA:596,0
DA:597,0
DA:598,0
DA:599,0
DA:600,0
DA:602,0
DA:607,41
DA:608,0
DA:609,0
DA:610,0
DA:611,0
DA:612,0
DA:614,0
DA:619,41
DA:620,0
DA:621,0
DA:622,0
DA:623,0
DA:624,0
DA:625,0
DA:627,0
DA:632,41
DA:633,0
DA:634,0
DA:635,0
DA:636,0
DA:647,0
DA:652,41
DA:653,0
DA:654,0
DA:655,0
DA:656,0
DA:657,0
DA:658,0
DA:660,0
DA:665,41
DA:666,0
DA:667,0
DA:668,0
DA:669,0
DA:670,0
DA:671,0
DA:673,0
LF:361
LH:40
BRDA:45,0,0,0
BRDA:45,0,1,0
BRDA:46,1,0,0
BRDA:50,2,0,0
BRDA:54,3,0,0
BRDA:54,3,1,0
BRDA:60,4,0,0
BRDA:60,5,0,0
BRDA:60,5,1,0
BRDA:67,6,0,0
BRDA:91,7,0,0
BRDA:91,8,0,0
BRDA:91,8,1,0
BRDA:91,8,2,0
BRDA:96,9,0,0
BRDA:267,10,0,0
BRDA:267,11,0,0
BRDA:267,11,1,0
BRDA:276,12,0,0
BRDA:276,12,1,0
BRDA:283,13,0,1
BRDA:283,13,1,0
BRDA:283,13,2,0
BRDA:284,14,0,1
BRDA:284,14,1,0
BRDA:285,15,0,1
BRDA:285,15,1,1
BRDA:285,15,2,1
BRDA:286,16,0,1
BRDA:289,17,0,0
BRDA:289,18,0,0
BRDA:289,18,1,0
BRDA:289,18,2,0
BRDA:289,18,3,0
BRDA:294,19,0,0
BRDA:294,19,1,0
BRDA:297,20,0,0
BRDA:297,20,1,0
BRDA:297,21,0,0
BRDA:297,21,1,0
BRDA:300,22,0,0
BRDA:300,22,1,0
BRDA:303,23,0,0
BRDA:303,23,1,0
BRDA:306,24,0,0
BRDA:310,25,0,0
BRDA:323,26,0,0
BRDA:343,27,0,0
BRDA:343,28,0,0
BRDA:343,28,1,0
BRDA:489,29,0,0
BRDA:489,30,0,0
BRDA:489,30,1,0
BRDA:489,30,2,0
BRDA:517,31,0,0
BRDA:517,32,0,0
BRDA:517,32,1,0
BRDA:545,33,0,0
BRDA:545,34,0,0
BRDA:545,34,1,0
BRDA:573,35,0,0
BRDA:573,36,0,0
BRDA:573,36,1,0
BRDA:622,37,0,0
BRDA:622,37,1,0
BRDA:623,38,0,0
BRDA:623,38,1,0
BRDA:656,39,0,0
BRDA:669,40,0,0
BRF:69
BRH:6
end_of_record
TN:
SF:src\routes\pharmacies.routes.ts
FN:8,(anonymous_0)
FN:30,(anonymous_1)
FN:41,(anonymous_2)
FNF:3
FNH:0
FNDA:0,(anonymous_0)
FNDA:0,(anonymous_1)
FNDA:0,(anonymous_2)
DA:6,41
DA:8,41
DA:9,0
DA:10,0
DA:11,0
DA:12,0
DA:13,0
DA:14,0
DA:15,0
DA:24,0
DA:26,0
DA:30,41
DA:31,0
DA:32,0
DA:33,0
DA:34,0
DA:35,0
DA:37,0
DA:41,41
DA:42,0
DA:43,0
DA:44,0
DA:45,0
DA:46,0
DA:56,0
DA:58,0
LF:26
LH:4
BRDA:11,0,0,0
BRDA:11,0,1,0
BRDA:12,1,0,0
BRDA:12,1,1,0
BRDA:14,2,0,0
BRDA:34,3,0,0
BRDA:45,4,0,0
BRDA:45,5,0,0
BRDA:45,5,1,0
BRDA:45,5,2,0
BRDA:52,6,0,0
BRDA:52,6,1,0
BRDA:53,7,0,0
BRDA:53,7,1,0
BRF:14
BRH:0
end_of_record
TN:
SF:src\routes\platform.routes.ts
FN:9,(anonymous_0)
FN:24,(anonymous_1)
FN:43,(anonymous_2)
FN:67,(anonymous_3)
FNF:4
FNH:2
FNDA:1,(anonymous_0)
FNDA:1,(anonymous_1)
FNDA:0,(anonymous_2)
FNDA:0,(anonymous_3)
DA:5,41
DA:9,41
DA:10,1
DA:24,41
DA:25,1
DA:26,1
DA:28,1
DA:29,1
DA:31,1
DA:33,1
DA:38,0
DA:43,41
DA:44,0
DA:45,0
DA:46,0
DA:48,0
DA:49,0
DA:51,0
DA:57,0
DA:62,0
DA:67,41
DA:68,0
DA:69,0
DA:71,0
DA:76,0
LF:25
LH:12
BRDA:14,0,0,1
BRDA:14,0,1,0
BRDA:15,1,0,1
BRDA:15,1,1,0
BRDA:28,2,0,0
BRDA:28,2,1,1
BRDA:29,3,0,0
BRDA:29,3,1,1
BRDA:48,4,0,0
BRDA:48,4,1,0
BRDA:49,5,0,0
BRDA:49,5,1,0
BRF:12
BRH:4
end_of_record
TN:
SF:src\routes\playlists.routes.ts
FN:9,(anonymous_0)
FN:21,(anonymous_1)
FN:31,(anonymous_2)
FN:46,(anonymous_3)
FN:57,(anonymous_4)
FN:67,(anonymous_5)
FNF:6
FNH:3
FNDA:1,(anonymous_0)
FNDA:1,(anonymous_1)
FNDA:1,(anonymous_2)
FNDA:0,(anonymous_3)
FNDA:0,(anonymous_4)
FNDA:0,(anonymous_5)
DA:6,41
DA:9,41
DA:10,1
DA:11,1
DA:12,1
DA:13,1
DA:14,1
DA:16,0
DA:21,41
DA:22,1
DA:23,1
DA:24,1
DA:26,0
DA:31,41
DA:32,1
DA:33,1
DA:34,1
DA:39,1
DA:41,0
DA:46,41
DA:47,0
DA:48,0
DA:49,0
DA:50,0
DA:52,0
DA:57,41
DA:58,0
DA:59,0
DA:60,0
DA:62,0
DA:67,41
DA:68,0
DA:69,0
DA:70,0
DA:72,0
LF:35
LH:19
BRDA:11,0,0,1
BRDA:11,0,1,0
BRDA:12,1,0,1
BRDA:12,1,1,0
BRF:4
BRH:2
end_of_record
TN:
SF:src\routes\privacy.routes.ts
FN:12,(anonymous_0)
FN:37,(anonymous_1)
FN:48,(anonymous_2)
FN:74,(anonymous_3)
FN:97,(anonymous_4)
FN:108,(anonymous_5)
FN:127,(anonymous_6)
FN:150,(anonymous_7)
FN:165,(anonymous_8)
FN:180,(anonymous_9)
FN:194,(anonymous_10)
FN:209,(anonymous_11)
FN:227,(anonymous_12)
FN:240,(anonymous_13)
FN:253,(anonymous_14)
FNF:15
FNH:0
FNDA:0,(anonymous_0)
FNDA:0,(anonymous_1)
FNDA:0,(anonymous_2)
FNDA:0,(anonymous_3)
FNDA:0,(anonymous_4)
FNDA:0,(anonymous_5)
FNDA:0,(anonymous_6)
FNDA:0,(anonymous_7)
FNDA:0,(anonymous_8)
FNDA:0,(anonymous_9)
FNDA:0,(anonymous_10)
FNDA:0,(anonymous_11)
FNDA:0,(anonymous_12)
FNDA:0,(anonymous_13)
FNDA:0,(anonymous_14)
DA:5,41
DA:12,41
DA:13,0
DA:14,0
DA:15,0
DA:16,0
DA:17,0
DA:19,0
DA:30,0
DA:32,0
DA:37,41
DA:38,0
DA:39,0
DA:40,0
DA:41,0
DA:43,0
DA:48,41
DA:49,0
DA:50,0
DA:51,0
DA:53,0
DA:63,0
DA:65,0
DA:74,41
DA:75,0
DA:76,0
DA:77,0
DA:78,0
DA:80,0
DA:86,0
DA:92,0
DA:97,41
DA:98,0
DA:99,0
DA:100,0
DA:101,0
DA:103,0
DA:108,41
DA:109,0
DA:110,0
DA:111,0
DA:113,0
DA:116,0
DA:118,0
DA:127,41
DA:128,0
DA:129,0
DA:130,0
DA:131,0
DA:133,0
DA:139,0
DA:145,0
DA:150,41
DA:151,0
DA:152,0
DA:153,0
DA:154,0
DA:160,0
DA:165,41
DA:166,0
DA:167,0
DA:168,0
DA:169,0
DA:171,0
DA:180,41
DA:181,0
DA:182,0
DA:183,0
DA:184,0
DA:186,0
DA:187,0
DA:189,0
DA:194,41
DA:195,0
DA:196,0
DA:197,0
DA:198,0
DA:200,0
DA:209,41
DA:210,0
DA:211,0
DA:212,0
DA:214,0
DA:220,0
DA:222,0
DA:227,41
DA:228,0
DA:229,0
DA:230,0
DA:232,0
DA:233,0
DA:235,0
DA:240,41
DA:241,0
DA:242,0
DA:243,0
DA:245,0
DA:246,0
DA:248,0
DA:253,41
DA:254,0
DA:255,0
DA:256,0
DA:257,0
DA:259,0
LF:105
LH:16
BRDA:16,0,0,0
BRDA:16,0,1,0
BRDA:16,0,2,0
BRDA:17,1,0,0
BRDA:17,1,1,0
BRDA:21,2,0,0
BRDA:21,2,1,0
BRDA:22,3,0,0
BRDA:22,3,1,0
BRDA:23,4,0,0
BRDA:23,4,1,0
BRDA:24,5,0,0
BRDA:24,5,1,0
BRDA:25,6,0,0
BRDA:25,6,1,0
BRDA:51,7,0,0
BRDA:51,7,1,0
BRDA:51,7,2,0
BRDA:55,8,0,0
BRDA:55,8,1,0
BRDA:56,9,0,0
BRDA:56,9,1,0
BRDA:57,10,0,0
BRDA:57,10,1,0
BRDA:58,11,0,0
BRDA:58,11,1,0
BRDA:59,12,0,0
BRDA:59,12,1,0
BRDA:77,13,0,0
BRDA:77,13,1,0
BRDA:78,14,0,0
BRDA:78,14,1,0
BRDA:78,14,2,0
BRDA:131,15,0,0
BRDA:131,15,1,0
BRDA:131,15,2,0
BRDA:183,16,0,0
BRDA:183,16,1,0
BRDA:184,17,0,0
BRDA:184,17,1,0
BRF:40
BRH:0
end_of_record
TN:
SF:src\routes\products.routes.ts
FN:9,(anonymous_0)
FN:51,(anonymous_1)
FN:62,(anonymous_2)
FN:76,(anonymous_3)
FN:88,(anonymous_4)
FN:100,(anonymous_5)
FN:113,(anonymous_6)
FN:144,(anonymous_7)
FN:176,(anonymous_8)
FN:192,(anonymous_9)
FNF:10
FNH:3
FNDA:6,(anonymous_0)
FNDA:3,(anonymous_1)
FNDA:3,(anonymous_2)
FNDA:0,(anonymous_3)
FNDA:0,(anonymous_4)
FNDA:0,(anonymous_5)
FNDA:0,(anonymous_6)
FNDA:0,(anonymous_7)
FNDA:0,(anonymous_8)
FNDA:0,(anonymous_9)
DA:6,41
DA:9,41
DA:10,6
DA:11,6
DA:12,6
DA:13,6
DA:14,6
DA:15,6
DA:16,6
DA:17,6
DA:18,6
DA:19,6
DA:20,6
DA:21,6
DA:22,6
DA:23,6
DA:24,6
DA:25,6
DA:27,6
DA:44,6
DA:46,0
DA:51,41
DA:52,3
DA:53,3
DA:54,3
DA:55,2
DA:57,1
DA:62,41
DA:63,3
DA:64,3
DA:65,3
DA:69,2
DA:71,1
DA:76,41
DA:77,0
DA:78,0
DA:79,0
DA:80,0
DA:81,0
DA:83,0
DA:88,41
DA:89,0
DA:90,0
DA:91,0
DA:92,0
DA:93,0
DA:95,0
DA:100,41
DA:101,0
DA:102,0
DA:103,0
DA:104,0
DA:105,0
DA:106,0
DA:108,0
DA:113,41
DA:114,0
DA:115,0
DA:116,0
DA:117,0
DA:119,0
DA:120,0
DA:126,0
DA:133,0
DA:139,0
DA:144,41
DA:145,0
DA:146,0
DA:147,0
DA:148,0
DA:150,0
DA:151,0
DA:157,0
DA:165,0
DA:171,0
DA:176,41
DA:177,0
DA:178,0
DA:179,0
DA:181,0
DA:187,0
DA:192,41
DA:193,0
DA:194,0
DA:195,0
DA:197,0
DA:203,0
LF:87
LH:39
BRDA:11,0,0,6
BRDA:11,0,1,1
BRDA:12,1,0,6
BRDA:12,1,1,1
BRDA:18,2,0,0
BRDA:18,2,1,6
BRDA:19,3,0,0
BRDA:19,3,1,6
BRDA:20,4,0,6
BRDA:20,4,1,6
BRDA:22,5,0,0
BRDA:22,5,1,6
BRDA:24,6,0,6
BRDA:24,6,1,6
BRDA:25,7,0,0
BRDA:25,7,1,6
BRDA:37,8,0,6
BRDA:37,8,1,6
BRDA:119,9,0,0
BRDA:119,10,0,0
BRDA:119,10,1,0
BRDA:119,10,2,0
BRDA:119,10,3,0
BRDA:150,11,0,0
BRDA:150,12,0,0
BRDA:150,12,1,0
BRDA:150,12,2,0
BRDA:150,12,3,0
BRDA:150,12,4,0
BRF:29
BRH:14
end_of_record
TN:
SF:src\routes\properties.routes.ts
FN:8,(anonymous_0)
FN:37,(anonymous_1)
FN:44,(anonymous_2)
FN:51,(anonymous_3)
FN:63,(anonymous_4)
FN:78,(anonymous_5)
FN:86,(anonymous_6)
FNF:7
FNH:1
FNDA:1,(anonymous_0)
FNDA:0,(anonymous_1)
FNDA:0,(anonymous_2)
FNDA:0,(anonymous_3)
FNDA:0,(anonymous_4)
FNDA:0,(anonymous_5)
FNDA:0,(anonymous_6)
DA:6,41
DA:8,41
DA:9,1
DA:10,1
DA:11,1
DA:12,1
DA:13,1
DA:14,1
DA:15,1
DA:16,1
DA:17,1
DA:18,1
DA:19,1
DA:20,1
DA:21,1
DA:30,1
DA:32,0
DA:37,41
DA:38,0
DA:39,0
DA:40,0
DA:44,0
DA:45,0
DA:47,0
DA:51,41
DA:52,0
DA:53,0
DA:54,0
DA:55,0
DA:56,0
DA:58,0
DA:63,41
DA:64,0
DA:65,0
DA:66,0
DA:67,0
DA:68,0
DA:69,0
DA:70,0
DA:78,0
DA:79,0
DA:80,0
DA:82,0
DA:86,41
DA:87,0
DA:88,0
DA:89,0
DA:90,0
DA:91,0
DA:92,0
DA:94,0
DA:112,0
DA:114,0
LF:53
LH:20
BRDA:14,0,0,1
BRDA:14,0,1,1
BRDA:15,1,0,1
BRDA:15,1,1,1
BRDA:17,2,0,0
BRDA:18,3,0,0
BRDA:19,4,0,0
BRDA:20,5,0,0
BRDA:45,6,0,0
BRDA:45,6,1,0
BRDA:55,7,0,0
BRDA:68,8,0,0
BRDA:74,9,0,0
BRDA:74,9,1,0
BRDA:75,10,0,0
BRDA:75,10,1,0
BRDA:79,11,0,0
BRDA:91,12,0,0
BRDA:91,13,0,0
BRDA:91,13,1,0
BRDA:91,13,2,0
BRDA:91,13,3,0
BRDA:91,13,4,0
BRDA:97,14,0,0
BRDA:97,14,1,0
BRDA:101,15,0,0
BRDA:101,15,1,0
BRDA:103,16,0,0
BRDA:103,16,1,0
BRDA:104,17,0,0
BRDA:104,17,1,0
BRDA:106,18,0,0
BRDA:106,18,1,0
BRDA:107,19,0,0
BRDA:107,19,1,0
BRDA:108,20,0,0
BRDA:108,20,1,0
BRF:37
BRH:4
end_of_record
TN:
SF:src\routes\providers.routes.ts
FN:12,(anonymous_0)
FN:38,(anonymous_1)
FN:48,(anonymous_2)
FN:66,(anonymous_3)
FN:87,(anonymous_4)
FN:97,(anonymous_5)
FNF:6
FNH:1
FNDA:2,(anonymous_0)
FNDA:0,(anonymous_1)
FNDA:0,(anonymous_2)
FNDA:0,(anonymous_3)
FNDA:0,(anonymous_4)
FNDA:0,(anonymous_5)
DA:9,41
DA:12,41
DA:13,2
DA:14,2
DA:15,2
DA:16,2
DA:17,2
DA:18,2
DA:20,2
DA:21,0
DA:22,0
DA:25,2
DA:31,2
DA:33,0
DA:38,41
DA:39,0
DA:40,0
DA:41,0
DA:43,0
DA:48,41
DA:49,0
[...]
BRDA:102,8,1,0
BRDA:110,9,0,0
BRDA:153,10,0,0
BRDA:153,10,1,0
BRDA:154,11,0,0
BRDA:154,11,1,0
BRDA:162,12,0,0
BRDA:211,13,0,1
BRDA:245,14,0,0
BRDA:245,14,1,0
BRDA:246,15,0,0
BRDA:246,15,1,0
BRDA:266,16,0,0
BRDA:266,16,1,0
BRF:26
BRH:1
end_of_record
TN:
SF:src\services\service.service.ts
FN:8,(anonymous_0)
FN:46,(anonymous_1)
FN:108,(anonymous_2)
FN:181,(anonymous_3)
FNF:4
FNH:1
FNDA:2,(anonymous_0)
FNDA:0,(anonymous_1)
FNDA:0,(anonymous_2)
FNDA:0,(anonymous_3)
DA:13,2
DA:14,2
DA:16,2
DA:17,2
DA:18,2
DA:19,0
DA:25,2
DA:35,2
DA:59,0
DA:63,0
DA:64,0
DA:67,0
DA:97,0
DA:98,0
DA:102,41
DA:113,0
DA:120,0
DA:121,0
DA:125,0
DA:126,0
DA:129,0
DA:144,0
DA:145,0
DA:155,0
DA:162,0
DA:169,0
DA:173,0
DA:182,0
DA:186,0
DA:187,0
DA:190,0
DA:197,0
DA:198,0
DA:202,0
DA:203,0
DA:206,0
DA:215,0
DA:217,0
DA:227,0
DA:241,0
DA:248,0
DA:255,0
LF:42
LH:8
BRDA:8,0,0,0
BRDA:8,1,0,0
BRDA:16,2,0,0
BRDA:17,3,0,0
BRDA:18,4,0,0
BRDA:63,5,0,0
BRDA:73,6,0,0
BRDA:73,6,1,0
BRDA:78,7,0,0
BRDA:78,7,1,0
BRDA:79,8,0,0
BRDA:79,8,1,0
BRDA:120,9,0,0
BRDA:120,10,0,0
BRDA:120,10,1,0
BRDA:138,11,0,0
BRDA:138,11,1,0
BRDA:151,12,0,0
BRDA:151,12,1,0
BRDA:186,13,0,0
BRDA:186,14,0,0
BRDA:186,14,1,0
BRDA:197,15,0,0
BRF:23
BRH:0
end_of_record
TN:
SF:src\services\shipment.service.ts
FN:18,(anonymous_0)
FN:91,(anonymous_1)
FN:161,(anonymous_2)
FN:210,(anonymous_3)
FN:239,(anonymous_4)
FN:262,(anonymous_5)
FNF:6
FNH:0
FNDA:0,(anonymous_0)
FNDA:0,(anonymous_1)
FNDA:0,(anonymous_2)
FNDA:0,(anonymous_3)
FNDA:0,(anonymous_4)
FNDA:0,(anonymous_5)
DA:23,0
DA:30,0
DA:31,0
DA:34,0
DA:35,0
DA:39,0
DA:42,0
DA:46,0
DA:59,0
DA:71,0
DA:78,0
DA:79,0
DA:81,0
DA:84,0
DA:85,0
DA:96,0
DA:100,0
DA:101,0
DA:104,0
DA:115,0
DA:116,0
DA:117,0
DA:118,0
DA:119,0
DA:122,0
DA:123,0
DA:129,0
DA:130,0
DA:140,0
DA:141,0
DA:145,0
DA:146,0
DA:149,0
DA:154,0
DA:155,0
DA:166,0
DA:170,0
DA:171,0
DA:175,0
DA:187,0
DA:194,0
DA:203,0
DA:204,0
DA:211,0
DA:215,0
DA:216,0
DA:219,0
DA:226,0
DA:232,0
DA:233,0
DA:240,0
DA:249,0
DA:250,0
DA:253,0
DA:263,0
DA:264,0
DA:265,0
DA:266,0
DA:270,41
LF:59
LH:1
BRDA:30,0,0,0
BRDA:34,1,0,0
BRDA:39,2,0,0
BRDA:39,2,1,0
BRDA:42,3,0,0
BRDA:42,3,1,0
BRDA:52,4,0,0
BRDA:52,4,1,0
BRDA:100,5,0,0
BRDA:108,6,0,0
BRDA:108,6,1,0
BRDA:116,7,0,0
BRDA:116,7,1,0
BRDA:118,8,0,0
BRDA:122,9,0,0
BRDA:129,10,0,0
BRDA:145,11,0,0
BRDA:170,12,0,0
BRDA:215,13,0,0
BRDA:249,14,0,0
BRF:20
BRH:0
end_of_record
TN:
SF:src\services\shipping.service.ts
FN:7,(anonymous_0)
FN:15,(anonymous_1)
FN:24,(anonymous_2)
FN:60,(anonymous_3)
FN:74,(anonymous_4)
FN:92,(anonymous_5)
FN:106,(anonymous_6)
FN:123,(anonymous_7)
FN:194,(anonymous_8)
FNF:9
FNH:1
FNDA:1,(anonymous_0)
FNDA:0,(anonymous_1)
FNDA:0,(anonymous_2)
FNDA:0,(anonymous_3)
FNDA:0,(anonymous_4)
FNDA:0,(anonymous_5)
FNDA:0,(anonymous_6)
FNDA:0,(anonymous_7)
FNDA:0,(anonymous_8)
DA:8,1
DA:15,1
DA:22,41
DA:31,0
DA:48,0
DA:49,0
DA:56,0
DA:57,0
DA:61,0
DA:70,0
DA:71,0
DA:79,0
DA:88,0
DA:89,0
DA:93,0
DA:103,0
DA:107,0
DA:117,0
DA:132,0
DA:145,0
DA:160,0
DA:161,0
DA:171,0
DA:177,0
DA:183,0
DA:187,0
DA:195,0
DA:202,0
DA:203,0
DA:207,0
DA:213,0
DA:224,0
DA:225,0
DA:232,0
DA:238,0
LF:35
LH:3
BRDA:167,0,0,0
BRDA:167,0,1,0
BRDA:202,1,0,0
BRF:3
BRH:0
end_of_record
TN:
SF:src\services\story.service.ts
FN:5,(anonymous_0)
FN:26,(anonymous_1)
FN:38,(anonymous_2)
FN:68,(anonymous_3)
FN:89,(anonymous_4)
FN:106,(anonymous_5)
FNF:6
FNH:4
FNDA:2,(anonymous_0)
FNDA:0,(anonymous_1)
FNDA:2,(anonymous_2)
FNDA:1,(anonymous_3)
FNDA:0,(anonymous_4)
FNDA:1,(anonymous_5)
DA:6,2
DA:23,2
DA:27,0
DA:35,0
DA:43,2
DA:44,2
DA:46,2
DA:64,2
DA:65,2
DA:69,1
DA:73,1
DA:74,1
DA:78,0
DA:85,0
DA:86,0
DA:90,0
DA:94,0
DA:95,0
DA:98,0
DA:102,0
DA:103,0
DA:107,1
DA:113,1
DA:114,1
LF:24
LH:13
BRDA:44,0,0,2
BRDA:44,0,1,0
BRDA:73,1,0,1
BRDA:94,2,0,0
BRDA:94,3,0,0
BRDA:94,3,1,0
BRF:6
BRH:2
end_of_record
TN:
SF:src\services\subscription.service.ts
FN:18,(anonymous_0)
FN:40,(anonymous_1)
FN:140,(anonymous_2)
FN:227,(anonymous_3)
FN:270,(anonymous_4)
FN:283,(anonymous_5)
FN:289,(anonymous_6)
FNF:7
FNH:0
FNDA:0,(anonymous_0)
FNDA:0,(anonymous_1)
FNDA:0,(anonymous_2)
FNDA:0,(anonymous_3)
FNDA:0,(anonymous_4)
FNDA:0,(anonymous_5)
FNDA:0,(anonymous_6)
DA:23,0
DA:33,0
DA:34,0
DA:43,0
DA:47,0
DA:48,0
DA:51,0
DA:57,0
DA:65,0
DA:66,0
DA:70,0
DA:73,0
DA:85,0
DA:100,0
DA:101,0
DA:111,0
DA:118,0
DA:125,0
DA:129,0
DA:133,0
DA:141,0
DA:146,0
DA:147,0
DA:150,0
DA:151,0
DA:154,0
DA:157,0
DA:168,0
DA:170,0
DA:180,0
DA:194,0
DA:202,0
DA:203,0
DA:205,0
DA:214,0
DA:221,0
DA:228,0
DA:233,0
DA:234,0
DA:237,0
DA:238,0
DA:241,0
DA:242,0
DA:245,0
DA:261,0
DA:271,0
DA:277,0
DA:284,0
DA:289,0
DA:291,0
DA:310,0
DA:314,41
LF:52
LH:1
BRDA:47,0,0,0
BRDA:47,1,0,0
BRDA:47,1,1,0
BRDA:65,2,0,0
BRDA:94,3,0,0
BRDA:94,3,1,0
BRDA:107,4,0,0
BRDA:107,4,1,0
BRDA:146,5,0,0
BRDA:151,6,0,0
BRDA:233,7,0,0
BRDA:233,8,0,0
BRDA:233,8,1,0
BRDA:237,9,0,0
BRDA:242,10,0,0
BRF:15
BRH:0
end_of_record
TN:
SF:src\services\supportTicket.service.ts
FN:5,(anonymous_0)
FN:27,(anonymous_1)
FN:47,(anonymous_2)
FN:73,(anonymous_3)
FN:103,(anonymous_4)
FN:116,(anonymous_5)
FNF:6
FNH:0
FNDA:0,(anonymous_0)
FNDA:0,(anonymous_1)
FNDA:0,(anonymous_2)
FNDA:0,(anonymous_3)
FNDA:0,(anonymous_4)
FNDA:0,(anonymous_5)
DA:6,0
DA:13,0
DA:14,0
DA:23,0
DA:24,0
DA:28,0
DA:29,0
DA:41,0
DA:48,0
DA:60,0
DA:61,0
DA:62,0
DA:63,0
DA:65,0
DA:66,0
DA:67,0
DA:68,0
DA:70,0
DA:74,0
DA:75,0
DA:76,0
DA:77,0
DA:78,0
DA:80,0
DA:81,0
DA:82,0
DA:83,0
DA:85,0
DA:96,0
DA:100,0
DA:104,0
DA:105,0
DA:106,0
DA:107,0
DA:108,0
DA:110,0
DA:117,0
DA:118,0
DA:119,0
DA:132,0
LF:40
LH:0
BRDA:13,0,0,0
BRDA:13,1,0,0
BRDA:13,1,1,0
BRDA:27,2,0,0
BRDA:27,3,0,0
BRDA:47,4,0,0
BRDA:60,5,0,0
BRDA:65,6,0,0
BRDA:65,7,0,0
BRDA:65,7,1,0
BRDA:73,8,0,0
BRDA:75,9,0,0
BRDA:80,10,0,0
BRDA:80,11,0,0
BRDA:80,11,1,0
BRDA:98,12,0,0
BRDA:98,12,1,0
BRDA:105,13,0,0
BRDA:116,14,0,0
BRDA:116,15,0,0
BRDA:118,16,0,0
BRDA:118,16,1,0
BRF:22
BRH:0
end_of_record
TN:
SF:src\services\user.service.ts
FN:7,(anonymous_0)
FN:48,(anonymous_1)
FN:108,(anonymous_2)
FN:141,(anonymous_3)
FN:165,(anonymous_4)
FN:175,(anonymous_5)
FN:199,(anonymous_6)
FN:209,(anonymous_7)
FN:239,(anonymous_8)
FN:247,(anonymous_9)
FN:281,(anonymous_10)
FN:318,(anonymous_11)
FNF:12
FNH:6
FNDA:0,(anonymous_0)
FNDA:2,(anonymous_1)
FNDA:0,(anonymous_2)
FNDA:1,(anonymous_3)
FNDA:1,(anonymous_4)
FNDA:1,(anonymous_5)
FNDA:1,(anonymous_6)
FNDA:4,(anonymous_7)
FNDA:0,(anonymous_8)
FNDA:0,(anonymous_9)
FNDA:0,(anonymous_10)
FNDA:0,(anonymous_11)
DA:8,0
DA:10,0
DA:37,0
DA:49,2
DA:84,2
DA:85,1
DA:86,1
DA:87,1
DA:91,1
DA:92,1
DA:93,1
DA:99,1
DA:102,1
DA:114,0
DA:116,0
DA:117,0
DA:118,0
DA:119,0
DA:121,0
DA:137,0
DA:138,0
DA:142,1
DA:144,1
DA:164,1
DA:165,1
DA:176,1
DA:178,1
DA:198,1
DA:199,1
DA:210,4
DA:211,1
DA:212,1
DA:213,1
DA:216,3
DA:223,3
DA:224,1
DA:227,1
DA:229,2
DA:235,2
DA:238,2
DA:239,0
DA:240,0
DA:243,2
DA:248,0
DA:266,0
DA:267,0
DA:270,0
DA:283,0
DA:284,0
DA:285,0
DA:287,0
DA:317,0
DA:318,0
DA:329,41
LF:54
LH:31
BRDA:7,0,0,0
BRDA:7,1,0,0
BRDA:84,2,0,1
BRDA:92,3,0,1
BRDA:92,4,0,1
BRDA:92,4,1,1
BRDA:117,5,0,0
BRDA:118,6,0,0
BRDA:119,7,0,0
BRDA:119,8,0,0
BRDA:119,8,1,0
BRDA:141,9,0,0
BRDA:141,10,0,0
BRDA:175,11,0,0
BRDA:175,12,0,0
BRDA:210,13,0,1
BRDA:223,14,0,1
BRDA:223,14,1,2
BRDA:238,15,0,0
BRDA:266,16,0,0
BRDA:281,17,0,0
BRDA:283,18,0,0
BRDA:283,18,1,0
BRDA:284,19,0,0
BRDA:284,19,1,0
BRDA:285,20,0,0
BRDA:285,20,1,0
BRDA:285,21,0,0
BRDA:285,21,1,0
BRDA:311,22,0,0
BRDA:311,22,1,0
BRDA:312,23,0,0
BRDA:312,23,1,0
BRDA:320,24,0,0
BRDA:320,24,1,0
BRDA:321,25,0,0
BRDA:321,25,1,0
BRDA:321,26,0,0
BRDA:321,26,1,0
BRDA:323,27,0,0
BRDA:323,27,1,0
BRDA:323,28,0,0
BRDA:323,28,1,0
BRF:43
BRH:7
end_of_record
TN:
SF:src\services\verification.service.ts
FN:5,(anonymous_0)
FN:13,(anonymous_1)
FN:19,(anonymous_2)
FN:59,(anonymous_3)
FN:88,(anonymous_4)
FNF:5
FNH:0
FNDA:0,(anonymous_0)
FNDA:0,(anonymous_1)
FNDA:0,(anonymous_2)
FNDA:0,(anonymous_3)
FNDA:0,(anonymous_4)
DA:6,0
DA:10,0
DA:14,0
DA:20,0
DA:21,0
DA:22,0
DA:23,0
DA:25,0
DA:28,0
DA:29,0
DA:30,0
DA:31,0
DA:32,0
DA:34,0
DA:44,0
DA:45,0
DA:47,0
DA:55,0
DA:56,0
DA:60,0
DA:61,0
DA:62,0
DA:82,0
DA:93,0
DA:97,0
DA:98,0
DA:99,0
DA:100,0
DA:102,0
DA:119,0
DA:120,0
DA:125,0
DA:126,0
LF:33
LH:0
BRDA:20,0,0,0
BRDA:20,1,0,0
BRDA:20,1,1,0
BRDA:28,2,0,0
BRDA:29,3,0,0
BRDA:59,4,0,0
BRDA:59,5,0,0
BRDA:61,6,0,0
BRDA:61,6,1,0
BRDA:97,7,0,0
BRDA:106,8,0,0
BRDA:106,8,1,0
BRDA:107,9,0,0
BRDA:107,9,1,0
BRDA:119,10,0,0
BRDA:119,11,0,0
BRDA:119,11,1,0
BRDA:119,11,2,0
BRF:18
BRH:0
end_of_record
TN:
SF:src\services\video.service.ts
FN:21,(anonymous_0)
FN:57,(anonymous_1)
FN:132,(anonymous_2)
FN:168,(anonymous_3)
FN:269,(anonymous_4)
FN:318,(anonymous_5)
FN:325,(anonymous_6)
FN:363,(anonymous_7)
FN:385,(anonymous_8)
FN:431,(anonymous_9)
FN:522,(anonymous_10)
FN:546,(anonymous_11)
FN:569,(anonymous_12)
FN:582,(anonymous_13)
FNF:14
FNH:11
FNDA:2,(anonymous_0)
FNDA:5,(anonymous_1)
FNDA:3,(anonymous_2)
FNDA:2,(anonymous_3)
FNDA:2,(anonymous_4)
FNDA:1,(anonymous_5)
FNDA:0,(anonymous_6)
FNDA:0,(anonymous_7)
FNDA:3,(anonymous_8)
FNDA:2,(anonymous_9)
FNDA:1,(anonymous_10)
FNDA:1,(anonymous_11)
FNDA:0,(anonymous_12)
FNDA:1,(anonymous_13)
DA:22,2
DA:23,2
DA:24,2
DA:25,2
DA:26,2
DA:28,2
DA:31,2
DA:32,2
DA:33,2
DA:35,2
DA:36,2
DA:37,2
DA:38,2
DA:39,2
DA:40,0
DA:42,0
DA:47,2
DA:48,2
DA:49,2
DA:51,2
DA:54,0
DA:58,5
DA:60,5
DA:61,5
DA:63,5
DA:73,5
DA:74,5
DA:75,0
DA:77,0
DA:94,5
DA:95,0
DA:98,5
DA:99,0
DA:102,5
DA:132,5
DA:133,3
DA:135,3
DA:136,3
DA:137,0
DA:138,0
DA:140,0
DA:143,3
DA:157,5
DA:169,2
DA:195,2
DA:196,1
DA:197,1
DA:198,1
DA:202,1
DA:203,0
DA:204,0
DA:205,0
DA:208,1
DA:209,0
DA:216,0
DA:217,0
DA:218,0
DA:219,0
DA:224,1
DA:234,1
DA:235,1
DA:236,0
DA:237,0
DA:239,0
DA:245,1
DA:260,1
DA:261,1
DA:262,1
DA:264,1
DA:266,1
DA:281,2
DA:282,1
DA:283,1
DA:284,1
DA:288,1
DA:289,1
DA:292,1
DA:316,1
DA:318,1
DA:319,1
DA:322,1
DA:332,0
DA:337,0
DA:338,0
DA:341,0
DA:342,0
DA:345,0
DA:360,0
DA:365,0
DA:370,0
DA:371,0
DA:374,0
DA:375,0
DA:378,0
DA:382,0
DA:386,3
DA:393,3
DA:395,1
DA:399,1
DA:408,1
DA:411,2
DA:418,2
DA:427,2
DA:433,2
DA:434,1
DA:435,1
DA:436,1
DA:439,1
DA:448,1
DA:449,0
DA:450,0
DA:451,0
DA:454,1
DA:465,1
DA:475,1
DA:479,1
DA:480,1
DA:481,1
DA:482,0
DA:497,1
DA:498,0
DA:502,0
DA:503,0
DA:504,0
DA:519,1
DA:523,1
DA:527,1
DA:528,0
DA:529,0
DA:530,0
DA:532,1
DA:533,0
DA:534,0
DA:535,0
DA:537,1
DA:538,0
DA:540,1
DA:547,1
DA:551,1
DA:552,0
DA:553,0
DA:554,0
DA:556,1
DA:557,0
DA:558,0
DA:559,0
DA:561,1
DA:562,1
DA:566,1
DA:570,0
DA:579,0
DA:583,1
DA:584,1
DA:586,1
DA:631,1
DA:643,41
LF:156
LH:98
BRDA:22,0,0,0
BRDA:28,1,0,0
BRDA:39,2,0,2
BRDA:58,3,0,0
BRDA:60,4,0,5
BRDA:60,4,1,4
BRDA:61,5,0,1
BRDA:61,5,1,4
BRDA:61,6,0,4
BRDA:61,6,1,0
BRDA:73,7,0,5
BRDA:73,7,1,0
BRDA:75,8,0,0
BRDA:94,9,0,0
BRDA:98,10,0,0
BRDA:124,11,0,5
BRDA:124,11,1,4
BRDA:125,12,0,5
BRDA:125,12,1,4
BRDA:125,12,2,4
BRDA:136,13,0,0
BRDA:146,14,0,3
BRDA:146,14,1,0
BRDA:147,15,0,3
BRDA:147,15,1,0
BRDA:147,15,2,0
BRDA:148,16,0,3
BRDA:148,16,1,3
BRDA:149,17,0,3
BRDA:149,17,1,0
BRDA:150,18,0,3
BRDA:150,18,1,3
BRDA:150,18,2,3
BRDA:151,19,0,3
BRDA:151,19,1,3
BRDA:151,19,2,3
BRDA:152,20,0,0
BRDA:152,20,1,3
BRDA:153,21,0,3
BRDA:153,21,1,3
BRDA:160,22,0,1
BRDA:160,22,1,4
BRDA:161,23,0,1
BRDA:161,23,1,4
BRDA:161,24,0,4
BRDA:161,24,1,0
BRDA:163,25,0,1
BRDA:163,25,1,4
BRDA:163,26,0,4
BRDA:163,26,1,0
BRDA:180,27,0,2
BRDA:180,27,1,0
BRDA:195,28,0,1
BRDA:202,29,0,0
BRDA:202,30,0,1
BRDA:202,30,1,0
BRDA:208,31,0,0
BRDA:208,32,0,1
BRDA:208,32,1,0
BRDA:208,32,2,0
BRDA:216,33,0,0
BRDA:235,34,0,0
BRDA:249,35,0,1
BRDA:249,35,1,0
BRDA:252,36,0,1
BRDA:252,36,1,0
BRDA:252,37,0,1
BRDA:252,37,1,1
BRDA:253,38,0,1
BRDA:253,38,1,1
BRDA:254,39,0,1
BRDA:254,39,1,1
BRDA:255,40,0,0
BRDA:255,40,1,1
BRDA:256,41,0,1
BRDA:256,41,1,1
BRDA:261,42,0,1
BRDA:281,43,0,1
BRDA:281,44,0,2
BRDA:281,44,1,1
BRDA:297,45,0,1
BRDA:297,45,1,0
BRDA:299,46,0,1
BRDA:299,46,1,0
BRDA:301,47,0,0
BRDA:301,47,1,1
BRDA:337,48,0,0
BRDA:341,49,0,0
BRDA:370,50,0,0
BRDA:374,51,0,0
BRDA:393,52,0,1
BRDA:393,52,1,2
BRDA:433,53,0,1
BRDA:433,54,0,2
BRDA:433,54,1,1
BRDA:448,55,0,0
BRDA:460,56,0,1
BRDA:460,56,1,0
BRDA:480,57,0,1
BRDA:480,57,1,0
BRDA:480,57,2,0
BRDA:481,58,0,0
BRDA:481,59,0,1
BRDA:481,59,1,1
BRDA:497,60,0,0
BRDA:497,61,0,1
BRDA:497,61,1,0
BRDA:503,62,0,0
BRDA:503,63,0,0
BRDA:503,63,1,0
BRDA:503,63,2,0
BRDA:527,64,0,0
BRDA:532,65,0,0
BRDA:537,66,0,0
BRDA:537,67,0,1
BRDA:537,67,1,1
BRDA:551,68,0,0
BRDA:556,69,0,0
BRF:118
BRH:68
end_of_record
TN:
SF:src\services\videoTip.service.ts
FN:12,(anonymous_0)
FN:120,(anonymous_1)
FN:235,(anonymous_2)
FN:280,(anonymous_3)
FNF:4
FNH:0
FNDA:0,(anonymous_0)
FNDA:0,(anonymous_1)
FNDA:0,(anonymous_2)
FNDA:0,(anonymous_3)
DA:18,0
DA:23,0
DA:24,0
DA:25,0
DA:26,0
DA:30,0
DA:31,0
DA:32,0
DA:33,0
DA:37,0
DA:40,0
DA:56,0
DA:71,0
DA:77,0
DA:78,0
DA:88,0
DA:96,0
DA:103,0
DA:108,0
DA:113,0
DA:121,0
DA:129,0
DA:130,0
DA:131,0
DA:132,0
DA:135,0
DA:137,0
DA:143,0
DA:144,0
DA:152,0
DA:153,0
DA:155,0
DA:165,0
DA:180,0
DA:188,0
DA:200,0
DA:207,0
DA:213,0
DA:218,0
DA:219,0
DA:225,0
DA:236,0
DA:238,0
DA:266,0
DA:281,0
DA:333,0
DA:342,0
LF:47
LH:0
BRDA:23,0,0,0
BRDA:30,1,0,0
BRDA:84,2,0,0
BRDA:84,2,1,0
BRDA:129,3,0,0
BRDA:135,4,0,0
BRDA:135,4,1,0
BRDA:135,5,0,0
BRDA:135,5,1,0
BRDA:143,6,0,0
BRDA:218,7,0,0
BRDA:235,8,0,0
BRDA:235,9,0,0
BRDA:335,10,0,0
BRDA:335,10,1,0
BRDA:336,11,0,0
BRDA:336,11,1,0
BRF:17
BRH:0
end_of_record
TN:
SF:src\services\walletSecurity.service.ts
FN:12,hashPin
FN:16,verifyPin
FN:27,(anonymous_2)
FN:42,(anonymous_3)
FN:54,(anonymous_4)
FN:62,(anonymous_5)
FN:96,(anonymous_6)
FN:114,(anonymous_7)
FN:123,(anonymous_8)
FN:131,(anonymous_9)
FNF:10
FNH:0
FNDA:0,hashPin
FNDA:0,verifyPin
FNDA:0,(anonymous_2)
FNDA:0,(anonymous_3)
FNDA:0,(anonymous_4)
FNDA:0,(anonymous_5)
FNDA:0,(anonymous_6)
FNDA:0,(anonymous_7)
FNDA:0,(anonymous_8)
FNDA:0,(anonymous_9)
DA:9,41
DA:10,41
DA:13,0
DA:17,0
DA:18,0
DA:19,0
DA:20,0
DA:22,0
DA:28,0
DA:31,0
DA:32,0
DA:39,0
DA:43,0
DA:44,0
DA:46,0
DA:47,0
DA:51,0
DA:55,0
DA:56,0
DA:67,0
DA:68,0
DA:69,0
DA:71,0
DA:72,0
DA:73,0
DA:74,0
DA:75,0
DA:76,0
DA:78,0
DA:79,0
DA:84,0
DA:85,0
DA:86,0
DA:87,0
DA:90,0
DA:97,0
DA:98,0
DA:99,0
DA:100,0
DA:101,0
DA:102,0
DA:104,0
DA:115,0
DA:116,0
DA:120,0
DA:124,0
DA:125,0
DA:132,0
DA:133,0
DA:140,41
LF:50
LH:3
BRDA:9,0,0,41
BRDA:9,0,1,0
BRDA:17,1,0,0
BRDA:31,2,0,0
BRDA:43,3,0,0
BRDA:43,4,0,0
BRDA:43,4,1,0
BRDA:43,4,2,0
BRDA:68,5,0,0
BRDA:69,6,0,0
BRDA:69,6,1,0
BRDA:71,7,0,0
BRDA:71,7,1,0
BRDA:74,8,0,0
BRDA:74,8,1,0
BRDA:75,9,0,0
BRDA:75,10,0,0
BRDA:75,10,1,0
BRDA:78,11,0,0
BRDA:78,12,0,0
BRDA:78,12,1,0
BRDA:84,13,0,0
BRDA:84,14,0,0
BRDA:84,14,1,0
BRDA:85,15,0,0
BRDA:85,15,1,0
BRDA:86,16,0,0
BRDA:100,17,0,0
BRDA:100,17,1,0
BRDA:101,18,0,0
BRDA:101,19,0,0
BRDA:101,19,1,0
BRF:32
BRH:1
end_of_record
TN:
SF:src\services\wishlist.service.ts
FN:5,(anonymous_0)
FN:51,(anonymous_1)
FN:95,(anonymous_2)
FN:117,(anonymous_3)
FNF:4
FNH:4
FNDA:2,(anonymous_0)
FNDA:4,(anonymous_1)
FNDA:1,(anonymous_2)
FNDA:2,(anonymous_3)
DA:6,2
DA:8,2
DA:40,2
DA:52,4
DA:56,4
DA:57,1
DA:60,3
DA:67,3
DA:68,0
DA:71,3
DA:91,3
DA:92,3
DA:96,1
DA:103,1
DA:104,1
DA:107,0
DA:113,0
DA:114,0
DA:118,2
DA:125,2
LF:20
LH:16
BRDA:5,0,0,0
BRDA:5,1,0,0
BRDA:56,2,0,1
BRDA:67,3,0,0
BRDA:103,4,0,1
BRF:5
BRH:2
end_of_record
TN:
SF:src\services\withdrawal.service.ts
FN:18,(anonymous_0)
FN:39,(anonymous_1)
FN:172,(anonymous_2)
FN:297,(anonymous_3)
FN:347,(anonymous_4)
FN:374,(anonymous_5)
FN:411,(anonymous_6)
FNF:7
FNH:1
FNDA:1,(anonymous_0)
FNDA:0,(anonymous_1)
FNDA:0,(anonymous_2)
FNDA:0,(anonymous_3)
FNDA:0,(anonymous_4)
FNDA:0,(anonymous_5)
FNDA:0,(anonymous_6)
DA:11,42
DA:12,42
DA:13,42
DA:19,1
DA:23,1
DA:24,0
DA:33,1
DA:44,0
DA:45,0
DA:46,0
DA:47,0
DA:48,0
DA:49,0
DA:53,0
DA:54,0
DA:55,0
DA:56,0
DA:60,0
DA:66,0
DA:67,0
DA:68,0
DA:69,0
DA:73,0
DA:76,0
DA:77,0
DA:80,0
DA:81,0
DA:82,0
DA:83,0
DA:87,0
DA:88,0
DA:89,0
DA:90,0
DA:91,0
DA:95,0
DA:105,0
DA:106,0
DA:113,0
DA:116,0
DA:127,0
DA:142,0
DA:158,0
DA:165,0
DA:176,0
DA:181,0
DA:182,0
DA:183,0
DA:184,0
DA:187,0
DA:188,0
DA:189,0
DA:190,0
DA:193,0
DA:194,0
DA:195,0
DA:196,0
DA:197,0
DA:198,0
DA:202,0
DA:214,0
DA:215,0
DA:222,0
DA:232,0
DA:243,0
DA:254,0
DA:261,0
DA:268,0
DA:269,0
DA:270,0
DA:272,0
DA:281,0
DA:289,0
DA:298,0
DA:299,0
DA:300,0
DA:302,0
DA:303,0
DA:306,0
DA:308,0
DA:311,0
DA:329,0
DA:335,0
DA:340,0
DA:348,0
DA:350,0
DA:360,0
DA:375,0
DA:377,0
DA:397,0
DA:412,0
DA:416,0
DA:417,0
DA:418,0
DA:419,0
DA:423,0
DA:424,0
DA:425,0
DA:426,0
DA:429,0
DA:430,0
DA:431,0
DA:432,0
DA:436,0
DA:437,0
DA:438,0
DA:440,0
DA:450,0
DA:458,0
DA:468,0
DA:470,0
DA:474,42
LF:111
LH:7
BRDA:23,0,0,0
BRDA:46,1,0,0
BRDA:53,2,0,0
BRDA:66,3,0,0
BRDA:80,4,0,0
BRDA:88,5,0,0
BRDA:181,6,0,0
BRDA:187,7,0,0
BRDA:195,8,0,0
BRDA:227,9,0,0
BRDA:227,9,1,0
BRDA:298,10,0,0
BRDA:298,10,1,0
BRDA:299,11,0,0
BRDA:299,11,1,0
BRDA:300,12,0,0
BRDA:300,12,1,0
BRDA:302,13,0,0
BRDA:302,14,0,0
BRDA:302,14,1,0
BRDA:306,15,0,0
BRDA:306,15,1,0
BRDA:331,16,0,0
BRDA:331,16,1,0
BRDA:340,17,0,0
BRDA:340,17,1,0
BRDA:347,18,0,0
BRDA:347,19,0,0
BRDA:374,20,0,0
BRDA:374,21,0,0
BRDA:411,22,0,0
BRDA:416,23,0,0
BRDA:423,24,0,0
BRDA:423,25,0,0
BRDA:423,25,1,0
BRDA:429,26,0,0
BRF:36
BRH:0
end_of_record
TN:
SF:src\utils\cache.ts
FN:12,initRedis
FN:18,(anonymous_1)
FN:27,cacheGet
FN:43,cacheSet
FNF:4
FNH:3
FNDA:2,initRedis
FNDA:0,(anonymous_1)
FNDA:2,cacheGet
FNDA:2,cacheSet
DA:6,41
DA:8,41
DA:10,41
DA:13,2
DA:14,2
DA:15,2
DA:16,2
DA:17,2
DA:18,2
DA:19,2
DA:20,2
DA:21,2
DA:23,0
DA:28,2
DA:29,2
DA:30,2
DA:31,2
DA:32,2
DA:33,0
DA:35,0
DA:38,0
DA:39,0
DA:40,0
DA:44,2
DA:45,2
DA:46,2
DA:47,2
DA:48,2
DA:50,0
DA:52,2
DA:54,0
LF:31
LH:23
BRDA:14,0,0,0
BRDA:28,1,0,2
BRDA:29,2,0,2
BRDA:32,3,0,2
BRDA:39,4,0,0
BRDA:39,5,0,0
BRDA:39,5,1,0
BRDA:43,6,0,0
BRDA:44,7,0,0
BRDA:46,8,0,2
BRF:10
BRH:4
end_of_record
TN:
SF:src\utils\encryption.ts
FN:10,(anonymous_0)
FN:16,(anonymous_1)
FN:40,(anonymous_2)
FN:67,(anonymous_3)
FN:75,(anonymous_4)
FNF:5
FNH:5
FNDA:2,(anonymous_0)
FNDA:1,(anonymous_1)
FNDA:2,(anonymous_2)
FNDA:6,(anonymous_3)
FNDA:2,(anonymous_4)
DA:3,4
DA:4,4
DA:5,4
DA:6,4
DA:7,4
DA:10,4
DA:11,2
DA:12,2
DA:16,4
DA:17,1
DA:18,1
DA:19,1
DA:21,1
DA:23,1
DA:28,1
DA:31,1
DA:40,4
DA:41,2
DA:42,2
DA:43,1
DA:46,1
DA:48,1
DA:49,1
DA:50,1
DA:51,1
DA:53,1
DA:55,1
DA:56,1
DA:58,1
DA:63,1
DA:67,4
DA:68,6
DA:69,6
DA:75,4
DA:76,2
DA:77,2
LF:36
LH:36
BRDA:11,0,0,2
BRDA:11,0,1,0
BRDA:42,1,0,1
BRDA:68,2,0,6
BRDA:68,2,1,0
BRF:5
BRH:3
end_of_record
TN:
SF:src\utils\haversine.ts
FN:4,haversineKm
FNF:1
FNH:1
FNDA:2,haversineKm
DA:10,2
DA:11,2
DA:12,2
DA:14,2
DA:19,2
DA:20,2
LF:6
LH:6
BRF:0
BRH:0
end_of_record
TN:
SF:src\utils\logger.ts
FN:11,(anonymous_0)
FN:32,(anonymous_1)
FN:46,(anonymous_2)
FN:60,(anonymous_3)
FNF:4
FNH:3
FNDA:32,(anonymous_0)
FNDA:2,(anonymous_1)
FNDA:248,(anonymous_2)
FNDA:0,(anonymous_3)
DA:8,87
DA:9,87
DA:12,32
DA:26,32
DA:27,1
DA:29,32
DA:33,2
DA:40,2
DA:41,0
DA:43,2
DA:47,248
DA:54,248
DA:55,0
DA:57,248
DA:61,0
DA:63,0
DA:70,0
DA:71,0
DA:75,87
LF:19
LH:13
BRDA:17,0,0,32
BRDA:17,0,1,29
BRDA:26,1,0,1
BRDA:40,2,0,0
BRDA:54,3,0,0
BRDA:61,4,0,0
BRDA:61,5,0,0
BRDA:61,5,1,0
BRF:8
BRH:3
end_of_record
TN:
SF:src\utils\params.ts
FN:6,param
FNF:1
FNH:1
FNDA:36,param
DA:7,36
DA:8,36
DA:9,36
LF:3
LH:3
BRDA:8,0,0,0
BRDA:9,1,0,0
BRDA:9,1,1,36
BRDA:9,2,0,0
BRDA:9,2,1,0
BRF:5
BRH:1
end_of_record
TN:
SF:src\utils\ticketingQr.ts
FN:10,getSecret
FN:15,signQr
FN:20,verifyQr
FN:27,getLockExpiry
FNF:4
FNH:0
FNDA:0,getSecret
FNDA:0,signQr
FNDA:0,verifyQr
FNDA:0,getLockExpiry
DA:7,41
DA:8,41
DA:11,0
DA:12,0
DA:16,0
DA:17,0
DA:21,0
DA:22,0
DA:23,0
DA:24,0
DA:28,0
LF:11
LH:2
BRDA:11,0,0,0
BRDA:11,0,1,0
BRDA:11,0,2,0
BRDA:21,1,0,0
BRDA:23,2,0,0
BRF:5
BRH:0
end_of_record
TN:
SF:src\utils\urlValidator.ts
FN:9,isBlockedUrl
FN:17,validateUrl
FN:30,validateUrls
FN:33,(anonymous_3)
FNF:4
FNH:3
FNDA:2,isBlockedUrl
FNDA:2,validateUrl
FNDA:2,validateUrls
FNDA:0,(anonymous_3)
DA:10,2
DA:11,2
DA:18,2
DA:19,0
DA:22,0
DA:23,0
DA:31,2
DA:33,0
DA:34,0
DA:35,0
DA:38,0
DA:39,0
LF:12
LH:4
BRDA:10,0,0,0
BRDA:11,1,0,2
BRDA:11,1,1,2
BRDA:17,2,0,0
BRDA:18,3,0,0
BRDA:18,4,0,2
BRDA:18,4,1,2
BRDA:30,5,0,0
BRDA:31,6,0,2
BRDA:31,7,0,2
BRDA:31,7,1,0
BRDA:34,8,0,0
BRF:12
BRH:6
end_of_record
